<?xml version="1.0" encoding="UTF-8" standalone="yes"?><!DOCTYPE report PUBLIC "-//JACOCO//DTD Report 1.0//EN" "report.dtd"><report name="CheckersGame"><sessioninfo id="Hashini-Aspire-27e622dd" start="1427304953549" dump="1427304954223"/><sessioninfo id="Hashini-Aspire-b899e9c4" start="1427309261511" dump="1427309262966"/><sessioninfo id="Hashini-Aspire-9e391476" start="1427309397096" dump="1427309397773"/><package name="com/checkers/Logic"><class name="com/checkers/Logic/HeuristicUtil"><method name="&lt;init&gt;" desc="()V" line="15"><counter type="INSTRUCTION" missed="3" covered="0"/><counter type="LINE" missed="1" covered="0"/><counter type="COMPLEXITY" missed="1" covered="0"/><counter type="METHOD" missed="1" covered="0"/></method><method name="populateList" desc="()V" line="24"><counter type="INSTRUCTION" missed="50" covered="0"/><counter type="BRANCH" missed="8" covered="0"/><counter type="LINE" missed="9" covered="0"/><counter type="COMPLEXITY" missed="5" covered="0"/><counter type="METHOD" missed="1" covered="0"/></method><method name="calcHeuristicValue" desc="([[CC)I" line="38"><counter type="INSTRUCTION" missed="120" covered="0"/><counter type="BRANCH" missed="12" covered="0"/><counter type="LINE" missed="26" covered="0"/><counter type="COMPLEXITY" missed="7" covered="0"/><counter type="METHOD" missed="1" covered="0"/></method><method name="calcHeuristicValueEnding" desc="([[CC)I" line="76"><counter type="INSTRUCTION" missed="39" covered="0"/><counter type="BRANCH" missed="4" covered="0"/><counter type="LINE" missed="10" covered="0"/><counter type="COMPLEXITY" missed="3" covered="0"/><counter type="METHOD" missed="1" covered="0"/></method><method name="calcBoardHeuristicValue3" desc="()Ljava/util/HashMap;" line="90"><counter type="INSTRUCTION" missed="116" covered="0"/><counter type="BRANCH" missed="20" covered="0"/><counter type="LINE" missed="20" covered="0"/><counter type="COMPLEXITY" missed="11" covered="0"/><counter type="METHOD" missed="1" covered="0"/></method><method name="calcBoardHeuristicValue2" desc="()Ljava/util/HashMap;" line="124"><counter type="INSTRUCTION" missed="98" covered="0"/><counter type="BRANCH" missed="24" covered="0"/><counter type="LINE" missed="24" covered="0"/><counter type="COMPLEXITY" missed="13" covered="0"/><counter type="METHOD" missed="1" covered="0"/></method><method name="calcBoardHeuristicValue4" desc="()Ljava/util/HashMap;" line="168"><counter type="INSTRUCTION" missed="52" covered="0"/><counter type="LINE" missed="8" covered="0"/><counter type="COMPLEXITY" missed="1" covered="0"/><counter type="METHOD" missed="1" covered="0"/></method><method name="calcBoardHeuristicValueEnding1" desc="()Ljava/util/HashMap;" line="180"><counter type="INSTRUCTION" missed="150" covered="0"/><counter type="BRANCH" missed="20" covered="0"/><counter type="LINE" missed="22" covered="0"/><counter type="COMPLEXITY" missed="11" covered="0"/><counter type="METHOD" missed="1" covered="0"/></method><method name="calcBoardHeuristicValueEnding2" desc="()Ljava/util/HashMap;" line="216"><counter type="INSTRUCTION" missed="174" covered="0"/><counter type="BRANCH" missed="24" covered="0"/><counter type="LINE" missed="32" covered="0"/><counter type="COMPLEXITY" missed="13" covered="0"/><counter type="METHOD" missed="1" covered="0"/></method><method name="isUsedByNormalPiece" desc="(CII)Z" line="262"><counter type="INSTRUCTION" missed="12" covered="0"/><counter type="BRANCH" missed="2" covered="0"/><counter type="LINE" missed="3" covered="0"/><counter type="COMPLEXITY" missed="2" covered="0"/><counter type="METHOD" missed="1" covered="0"/></method><method name="isUsedByQueen" desc="(CII)Z" line="269"><counter type="INSTRUCTION" missed="12" covered="0"/><counter type="BRANCH" missed="2" covered="0"/><counter type="LINE" missed="3" covered="0"/><counter type="COMPLEXITY" missed="2" covered="0"/><counter type="METHOD" missed="1" covered="0"/></method><method name="isUsed" desc="(CII)Z" line="275"><counter type="INSTRUCTION" missed="20" covered="0"/><counter type="BRANCH" missed="4" covered="0"/><counter type="LINE" missed="3" covered="0"/><counter type="COMPLEXITY" missed="3" covered="0"/><counter type="METHOD" missed="1" covered="0"/></method><method name="pieceCount" desc="(C)I" line="281"><counter type="INSTRUCTION" missed="30" covered="0"/><counter type="BRANCH" missed="8" covered="0"/><counter type="LINE" missed="7" covered="0"/><counter type="COMPLEXITY" missed="5" covered="0"/><counter type="METHOD" missed="1" covered="0"/></method><method name="isOnlyKings" desc="()Z" line="294"><counter type="INSTRUCTION" missed="34" covered="0"/><counter type="BRANCH" missed="10" covered="0"/><counter type="LINE" missed="6" covered="0"/><counter type="COMPLEXITY" missed="6" covered="0"/><counter type="METHOD" missed="1" covered="0"/></method><method name="&lt;clinit&gt;" desc="()V" line="17"><counter type="INSTRUCTION" missed="11" covered="0"/><counter type="LINE" missed="2" covered="0"/><counter type="COMPLEXITY" missed="1" covered="0"/><counter type="METHOD" missed="1" covered="0"/></method><counter type="INSTRUCTION" missed="921" covered="0"/><counter type="BRANCH" missed="138" covered="0"/><counter type="LINE" missed="176" covered="0"/><counter type="COMPLEXITY" missed="84" covered="0"/><counter type="METHOD" missed="15" covered="0"/><counter type="CLASS" missed="1" covered="0"/></class><class name="com/checkers/Logic/CheckerBoard"><method name="&lt;init&gt;" desc="(I)V" line="25"><counter type="INSTRUCTION" missed="0" covered="180"/><counter type="BRANCH" missed="0" covered="18"/><counter type="LINE" missed="0" covered="36"/><counter type="COMPLEXITY" missed="0" covered="10"/><counter type="METHOD" missed="0" covered="1"/></method><method name="printBoard" desc="()V" line="76"><counter type="INSTRUCTION" missed="59" covered="0"/><counter type="BRANCH" missed="6" covered="0"/><counter type="LINE" missed="9" covered="0"/><counter type="COMPLEXITY" missed="4" covered="0"/><counter type="METHOD" missed="1" covered="0"/></method><method name="setCheckersBoard" desc="([[C)V" line="91"><counter type="INSTRUCTION" missed="0" covered="4"/><counter type="LINE" missed="0" covered="2"/><counter type="COMPLEXITY" missed="0" covered="1"/><counter type="METHOD" missed="0" covered="1"/></method><method name="movePiece" desc="(IIII)Z" line="95"><counter type="INSTRUCTION" missed="71" covered="80"/><counter type="BRANCH" missed="7" covered="7"/><counter type="LINE" missed="7" covered="15"/><counter type="COMPLEXITY" missed="6" covered="2"/><counter type="METHOD" missed="0" covered="1"/></method><method name="isMoveable" desc="(IIII)Z" line="126"><counter type="INSTRUCTION" missed="84" covered="92"/><counter type="BRANCH" missed="20" covered="22"/><counter type="LINE" missed="12" covered="17"/><counter type="COMPLEXITY" missed="14" covered="8"/><counter type="METHOD" missed="0" covered="1"/></method><method name="cutPiece" desc="(IIII)Z" line="207"><counter type="INSTRUCTION" missed="400" covered="63"/><counter type="BRANCH" missed="37" covered="13"/><counter type="LINE" missed="65" covered="8"/><counter type="COMPLEXITY" missed="23" covered="3"/><counter type="METHOD" missed="0" covered="1"/></method><method name="pieceCount" desc="(C)I" line="299"><counter type="INSTRUCTION" missed="33" covered="0"/><counter type="BRANCH" missed="8" covered="0"/><counter type="LINE" missed="7" covered="0"/><counter type="COMPLEXITY" missed="5" covered="0"/><counter type="METHOD" missed="1" covered="0"/></method><method name="isUsed" desc="(CII)Z" line="313"><counter type="INSTRUCTION" missed="22" covered="0"/><counter type="BRANCH" missed="4" covered="0"/><counter type="LINE" missed="3" covered="0"/><counter type="COMPLEXITY" missed="3" covered="0"/><counter type="METHOD" missed="1" covered="0"/></method><method name="isUsedByNormalPiece" desc="(CII)Z" line="320"><counter type="INSTRUCTION" missed="13" covered="0"/><counter type="BRANCH" missed="2" covered="0"/><counter type="LINE" missed="3" covered="0"/><counter type="COMPLEXITY" missed="2" covered="0"/><counter type="METHOD" missed="1" covered="0"/></method><method name="isUsedByQueen" desc="(CII)Z" line="327"><counter type="INSTRUCTION" missed="13" covered="0"/><counter type="BRANCH" missed="2" covered="0"/><counter type="LINE" missed="3" covered="0"/><counter type="COMPLEXITY" missed="2" covered="0"/><counter type="METHOD" missed="1" covered="0"/></method><method name="getSize" desc="()I" line="334"><counter type="INSTRUCTION" missed="3" covered="0"/><counter type="LINE" missed="1" covered="0"/><counter type="COMPLEXITY" missed="1" covered="0"/><counter type="METHOD" missed="1" covered="0"/></method><method name="getTypeRList" desc="()Ljava/util/List;" line="338"><counter type="INSTRUCTION" missed="3" covered="0"/><counter type="LINE" missed="1" covered="0"/><counter type="COMPLEXITY" missed="1" covered="0"/><counter type="METHOD" missed="1" covered="0"/></method><method name="getTypeBList" desc="()Ljava/util/List;" line="342"><counter type="INSTRUCTION" missed="3" covered="0"/><counter type="LINE" missed="1" covered="0"/><counter type="COMPLEXITY" missed="1" covered="0"/><counter type="METHOD" missed="1" covered="0"/></method><method name="calcHeuristicValue" desc="(C)I" line="346"><counter type="INSTRUCTION" missed="41" covered="0"/><counter type="BRANCH" missed="4" covered="0"/><counter type="LINE" missed="8" covered="0"/><counter type="COMPLEXITY" missed="3" covered="0"/><counter type="METHOD" missed="1" covered="0"/></method><method name="calcHeuristicValueEnding" desc="(C)I" line="358"><counter type="INSTRUCTION" missed="41" covered="0"/><counter type="BRANCH" missed="4" covered="0"/><counter type="LINE" missed="8" covered="0"/><counter type="COMPLEXITY" missed="3" covered="0"/><counter type="METHOD" missed="1" covered="0"/></method><method name="calcBoardHeuristicValue3" desc="()Ljava/util/HashMap;" line="370"><counter type="INSTRUCTION" missed="130" covered="0"/><counter type="BRANCH" missed="20" covered="0"/><counter type="LINE" missed="20" covered="0"/><counter type="COMPLEXITY" missed="11" covered="0"/><counter type="METHOD" missed="1" covered="0"/></method><method name="calcBoardHeuristicValue2" desc="()Ljava/util/HashMap;" line="404"><counter type="INSTRUCTION" missed="112" covered="0"/><counter type="BRANCH" missed="24" covered="0"/><counter type="LINE" missed="24" covered="0"/><counter type="COMPLEXITY" missed="13" covered="0"/><counter type="METHOD" missed="1" covered="0"/></method><method name="calcBoardHeuristicValue4" desc="()Ljava/util/HashMap;" line="448"><counter type="INSTRUCTION" missed="61" covered="0"/><counter type="LINE" missed="8" covered="0"/><counter type="COMPLEXITY" missed="1" covered="0"/><counter type="METHOD" missed="1" covered="0"/></method><method name="calcBoardHeuristicValueEnding1" desc="()Ljava/util/HashMap;" line="460"><counter type="INSTRUCTION" missed="162" covered="0"/><counter type="BRANCH" missed="20" covered="0"/><counter type="LINE" missed="22" covered="0"/><counter type="COMPLEXITY" missed="11" covered="0"/><counter type="METHOD" missed="1" covered="0"/></method><method name="calcBoardHeuristicValueEnding2" desc="()Ljava/util/HashMap;" line="496"><counter type="INSTRUCTION" missed="188" covered="0"/><counter type="BRANCH" missed="24" covered="0"/><counter type="LINE" missed="32" covered="0"/><counter type="COMPLEXITY" missed="13" covered="0"/><counter type="METHOD" missed="1" covered="0"/></method><method name="getTypeR" desc="()C" line="543"><counter type="INSTRUCTION" missed="3" covered="0"/><counter type="LINE" missed="1" covered="0"/><counter type="COMPLEXITY" missed="1" covered="0"/><counter type="METHOD" missed="1" covered="0"/></method><method name="getTypeB" desc="()C" line="547"><counter type="INSTRUCTION" missed="3" covered="0"/><counter type="LINE" missed="1" covered="0"/><counter type="COMPLEXITY" missed="1" covered="0"/><counter type="METHOD" missed="1" covered="0"/></method><method name="isMoveableByType" desc="(CIIII)Z" line="551"><counter type="INSTRUCTION" missed="19" covered="0"/><counter type="BRANCH" missed="2" covered="0"/><counter type="LINE" missed="3" covered="0"/><counter type="COMPLEXITY" missed="2" covered="0"/><counter type="METHOD" missed="1" covered="0"/></method><method name="movePieceByType" desc="(CIIII)Z" line="558"><counter type="INSTRUCTION" missed="17" covered="0"/><counter type="BRANCH" missed="2" covered="0"/><counter type="LINE" missed="3" covered="0"/><counter type="COMPLEXITY" missed="2" covered="0"/><counter type="METHOD" missed="1" covered="0"/></method><method name="hasMoves" desc="(II)Z" line="565"><counter type="INSTRUCTION" missed="106" covered="0"/><counter type="BRANCH" missed="16" covered="0"/><counter type="LINE" missed="17" covered="0"/><counter type="COMPLEXITY" missed="9" covered="0"/><counter type="METHOD" missed="1" covered="0"/></method><method name="hasMoves" desc="(C)Z" line="593"><counter type="INSTRUCTION" missed="41" covered="0"/><counter type="BRANCH" missed="10" covered="0"/><counter type="LINE" missed="7" covered="0"/><counter type="COMPLEXITY" missed="6" covered="0"/><counter type="METHOD" missed="1" covered="0"/></method><method name="move" desc="(IIII)Z" line="608"><counter type="INSTRUCTION" missed="2" covered="26"/><counter type="BRANCH" missed="1" covered="3"/><counter type="LINE" missed="1" covered="4"/><counter type="COMPLEXITY" missed="1" covered="2"/><counter type="METHOD" missed="0" covered="1"/></method><method name="hasCuts" desc="(II)Z" line="618"><counter type="INSTRUCTION" missed="54" covered="0"/><counter type="BRANCH" missed="8" covered="0"/><counter type="LINE" missed="9" covered="0"/><counter type="COMPLEXITY" missed="5" covered="0"/><counter type="METHOD" missed="1" covered="0"/></method><method name="hasCuts" desc="([[CII)Z" line="633"><counter type="INSTRUCTION" missed="58" covered="0"/><counter type="BRANCH" missed="8" covered="0"/><counter type="LINE" missed="9" covered="0"/><counter type="COMPLEXITY" missed="5" covered="0"/><counter type="METHOD" missed="1" covered="0"/></method><method name="hasMoreCuts" desc="(C)Z" line="649"><counter type="INSTRUCTION" missed="13" covered="0"/><counter type="BRANCH" missed="2" covered="0"/><counter type="LINE" missed="3" covered="0"/><counter type="COMPLEXITY" missed="2" covered="0"/><counter type="METHOD" missed="1" covered="0"/></method><method name="cutPieceByType" desc="(CIIII)Z" line="656"><counter type="INSTRUCTION" missed="19" covered="0"/><counter type="BRANCH" missed="2" covered="0"/><counter type="LINE" missed="3" covered="0"/><counter type="COMPLEXITY" missed="2" covered="0"/><counter type="METHOD" missed="1" covered="0"/></method><method name="canMove" desc="([[CIIII)Z" line="669"><counter type="INSTRUCTION" missed="197" covered="0"/><counter type="BRANCH" missed="56" covered="0"/><counter type="LINE" missed="19" covered="0"/><counter type="COMPLEXITY" missed="29" covered="0"/><counter type="METHOD" missed="1" covered="0"/></method><method name="getAllCaptures" desc="([[CCLcom/checkers/Logic/Chip;)Ljava/util/List;" line="716"><counter type="INSTRUCTION" missed="343" covered="0"/><counter type="BRANCH" missed="26" covered="0"/><counter type="LINE" missed="24" covered="0"/><counter type="COMPLEXITY" missed="14" covered="0"/><counter type="METHOD" missed="1" covered="0"/></method><method name="getAllNonCaptures" desc="([[CC)Ljava/util/List;" line="765"><counter type="INSTRUCTION" missed="177" covered="0"/><counter type="BRANCH" missed="14" covered="0"/><counter type="LINE" missed="13" covered="0"/><counter type="COMPLEXITY" missed="8" covered="0"/><counter type="METHOD" missed="1" covered="0"/></method><method name="cloneArray" desc="([[C)[[C" line="791"><counter type="INSTRUCTION" missed="32" covered="0"/><counter type="BRANCH" missed="2" covered="0"/><counter type="LINE" missed="5" covered="0"/><counter type="COMPLEXITY" missed="2" covered="0"/><counter type="METHOD" missed="1" covered="0"/></method><method name="getMoveFromMinMax" desc="(CLcom/checkers/Logic/Chip;)[I" line="840"><counter type="INSTRUCTION" missed="135" covered="0"/><counter type="BRANCH" missed="16" covered="0"/><counter type="LINE" missed="32" covered="0"/><counter type="COMPLEXITY" missed="9" covered="0"/><counter type="METHOD" missed="1" covered="0"/></method><method name="invertColour" desc="(C)C" line="907"><counter type="INSTRUCTION" missed="8" covered="0"/><counter type="BRANCH" missed="2" covered="0"/><counter type="LINE" missed="1" covered="0"/><counter type="COMPLEXITY" missed="2" covered="0"/><counter type="METHOD" missed="1" covered="0"/></method><method name="findValue" desc="(Lcom/checkers/Logic/Node;CZ)I" line="912"><counter type="INSTRUCTION" missed="256" covered="0"/><counter type="BRANCH" missed="42" covered="0"/><counter type="LINE" missed="49" covered="0"/><counter type="COMPLEXITY" missed="22" covered="0"/><counter type="METHOD" missed="1" covered="0"/></method><method name="calcHeuristic" desc="([[CC)I" line="1004"><counter type="INSTRUCTION" missed="4" covered="0"/><counter type="LINE" missed="1" covered="0"/><counter type="COMPLEXITY" missed="1" covered="0"/><counter type="METHOD" missed="1" covered="0"/></method><method name="eval" desc="([[CC)I" line="1017"><counter type="INSTRUCTION" missed="110" covered="0"/><counter type="BRANCH" missed="30" covered="0"/><counter type="LINE" missed="24" covered="0"/><counter type="COMPLEXITY" missed="16" covered="0"/><counter type="METHOD" missed="1" covered="0"/></method><method name="reset" desc="()V" line="1060"><counter type="INSTRUCTION" missed="137" covered="0"/><counter type="BRANCH" missed="18" covered="0"/><counter type="LINE" missed="24" covered="0"/><counter type="COMPLEXITY" missed="10" covered="0"/><counter type="METHOD" missed="1" covered="0"/></method><counter type="INSTRUCTION" missed="3173" covered="445"/><counter type="BRANCH" missed="439" covered="63"/><counter type="LINE" missed="483" covered="82"/><counter type="COMPLEXITY" missed="266" covered="26"/><counter type="METHOD" missed="35" covered="6"/><counter type="CLASS" missed="0" covered="1"/></class><class name="com/checkers/Logic/GameEngine"><method name="&lt;init&gt;" desc="()V" line="23"><counter type="INSTRUCTION" missed="21" covered="0"/><counter type="LINE" missed="6" covered="0"/><counter type="COMPLEXITY" missed="1" covered="0"/><counter type="METHOD" missed="1" covered="0"/></method><method name="redrawGUI" desc="()V" line="80"><counter type="INSTRUCTION" missed="58" covered="0"/><counter type="LINE" missed="9" covered="0"/><counter type="COMPLEXITY" missed="1" covered="0"/><counter type="METHOD" missed="1" covered="0"/></method><method name="waitUntilGamestated" desc="()V" line="91"><counter type="INSTRUCTION" missed="19" covered="0"/><counter type="BRANCH" missed="2" covered="0"/><counter type="LINE" missed="6" covered="0"/><counter type="COMPLEXITY" missed="2" covered="0"/><counter type="METHOD" missed="1" covered="0"/></method><method name="process" desc="()V" line="100"><counter type="INSTRUCTION" missed="147" covered="0"/><counter type="BRANCH" missed="16" covered="0"/><counter type="LINE" missed="42" covered="0"/><counter type="COMPLEXITY" missed="9" covered="0"/><counter type="METHOD" missed="1" covered="0"/></method><method name="takeMove" desc="(C)V" line="174"><counter type="INSTRUCTION" missed="184" covered="0"/><counter type="BRANCH" missed="18" covered="0"/><counter type="LINE" missed="22" covered="0"/><counter type="COMPLEXITY" missed="10" covered="0"/><counter type="METHOD" missed="1" covered="0"/></method><method name="waitForUserMove" desc="()V" line="215"><counter type="INSTRUCTION" missed="12" covered="0"/><counter type="BRANCH" missed="4" covered="0"/><counter type="LINE" missed="5" covered="0"/><counter type="COMPLEXITY" missed="3" covered="0"/><counter type="METHOD" missed="1" covered="0"/></method><counter type="INSTRUCTION" missed="441" covered="0"/><counter type="BRANCH" missed="40" covered="0"/><counter type="LINE" missed="90" covered="0"/><counter type="COMPLEXITY" missed="26" covered="0"/><counter type="METHOD" missed="6" covered="0"/><counter type="CLASS" missed="1" covered="0"/></class><class name="com/checkers/Logic/Node"><method name="&lt;init&gt;" desc="(I[[C)V" line="1109"><counter type="INSTRUCTION" missed="9" covered="0"/><counter type="LINE" missed="4" covered="0"/><counter type="COMPLEXITY" missed="1" covered="0"/><counter type="METHOD" missed="1" covered="0"/></method><method name="makeMove" desc="([I)V" line="1117"><counter type="INSTRUCTION" missed="67" covered="0"/><counter type="BRANCH" missed="2" covered="0"/><counter type="LINE" missed="6" covered="0"/><counter type="COMPLEXITY" missed="2" covered="0"/><counter type="METHOD" missed="1" covered="0"/></method><counter type="INSTRUCTION" missed="76" covered="0"/><counter type="BRANCH" missed="2" covered="0"/><counter type="LINE" missed="10" covered="0"/><counter type="COMPLEXITY" missed="3" covered="0"/><counter type="METHOD" missed="2" covered="0"/><counter type="CLASS" missed="1" covered="0"/></class><class name="com/checkers/Logic/ISProject"><method name="&lt;init&gt;" desc="()V" line="11"><counter type="INSTRUCTION" missed="3" covered="0"/><counter type="LINE" missed="1" covered="0"/><counter type="COMPLEXITY" missed="1" covered="0"/><counter type="METHOD" missed="1" covered="0"/></method><method name="main" desc="([Ljava/lang/String;)V" line="18"><counter type="INSTRUCTION" missed="5" covered="0"/><counter type="LINE" missed="2" covered="0"/><counter type="COMPLEXITY" missed="1" covered="0"/><counter type="METHOD" missed="1" covered="0"/></method><counter type="INSTRUCTION" missed="8" covered="0"/><counter type="LINE" missed="3" covered="0"/><counter type="COMPLEXITY" missed="2" covered="0"/><counter type="METHOD" missed="2" covered="0"/><counter type="CLASS" missed="1" covered="0"/></class><class name="com/checkers/Logic/Chip"><method name="&lt;init&gt;" desc="(II)V" line="12"><counter type="INSTRUCTION" missed="0" covered="15"/><counter type="LINE" missed="0" covered="6"/><counter type="COMPLEXITY" missed="0" covered="1"/><counter type="METHOD" missed="0" covered="1"/></method><method name="getCol" desc="()I" line="20"><counter type="INSTRUCTION" missed="0" covered="3"/><counter type="LINE" missed="0" covered="1"/><counter type="COMPLEXITY" missed="0" covered="1"/><counter type="METHOD" missed="0" covered="1"/></method><method name="getRow" desc="()I" line="24"><counter type="INSTRUCTION" missed="0" covered="3"/><counter type="LINE" missed="0" covered="1"/><counter type="COMPLEXITY" missed="0" covered="1"/><counter type="METHOD" missed="0" covered="1"/></method><method name="setCol" desc="(I)V" line="28"><counter type="INSTRUCTION" missed="0" covered="4"/><counter type="LINE" missed="0" covered="2"/><counter type="COMPLEXITY" missed="0" covered="1"/><counter type="METHOD" missed="0" covered="1"/></method><method name="setRow" desc="(I)V" line="32"><counter type="INSTRUCTION" missed="0" covered="4"/><counter type="LINE" missed="0" covered="2"/><counter type="COMPLEXITY" missed="0" covered="1"/><counter type="METHOD" missed="0" covered="1"/></method><method name="setIsKing" desc="(Z)V" line="36"><counter type="INSTRUCTION" missed="4" covered="0"/><counter type="LINE" missed="2" covered="0"/><counter type="COMPLEXITY" missed="1" covered="0"/><counter type="METHOD" missed="1" covered="0"/></method><method name="setOnBoard" desc="(Z)V" line="40"><counter type="INSTRUCTION" missed="4" covered="0"/><counter type="LINE" missed="2" covered="0"/><counter type="COMPLEXITY" missed="1" covered="0"/><counter type="METHOD" missed="1" covered="0"/></method><method name="isKing" desc="()Z" line="44"><counter type="INSTRUCTION" missed="3" covered="0"/><counter type="LINE" missed="1" covered="0"/><counter type="COMPLEXITY" missed="1" covered="0"/><counter type="METHOD" missed="1" covered="0"/></method><method name="isOnBoard" desc="()Z" line="48"><counter type="INSTRUCTION" missed="3" covered="0"/><counter type="LINE" missed="1" covered="0"/><counter type="COMPLEXITY" missed="1" covered="0"/><counter type="METHOD" missed="1" covered="0"/></method><method name="equals" desc="(Ljava/lang/Object;)Z" line="53"><counter type="INSTRUCTION" missed="0" covered="19"/><counter type="BRANCH" missed="0" covered="4"/><counter type="LINE" missed="0" covered="4"/><counter type="COMPLEXITY" missed="0" covered="3"/><counter type="METHOD" missed="0" covered="1"/></method><counter type="INSTRUCTION" missed="14" covered="48"/><counter type="BRANCH" missed="0" covered="4"/><counter type="LINE" missed="6" covered="16"/><counter type="COMPLEXITY" missed="4" covered="8"/><counter type="METHOD" missed="4" covered="6"/><counter type="CLASS" missed="0" covered="1"/></class><sourcefile name="Chip.java"><line nr="12" mi="0" ci="2" mb="0" cb="0"/><line nr="13" mi="0" ci="3" mb="0" cb="0"/><line nr="14" mi="0" ci="3" mb="0" cb="0"/><line nr="15" mi="0" ci="3" mb="0" cb="0"/><line nr="16" mi="0" ci="3" mb="0" cb="0"/><line nr="17" mi="0" ci="1" mb="0" cb="0"/><line nr="20" mi="0" ci="3" mb="0" cb="0"/><line nr="24" mi="0" ci="3" mb="0" cb="0"/><line nr="28" mi="0" ci="3" mb="0" cb="0"/><line nr="29" mi="0" ci="1" mb="0" cb="0"/><line nr="32" mi="0" ci="3" mb="0" cb="0"/><line nr="33" mi="0" ci="1" mb="0" cb="0"/><line nr="36" mi="3" ci="0" mb="0" cb="0"/><line nr="37" mi="1" ci="0" mb="0" cb="0"/><line nr="40" mi="3" ci="0" mb="0" cb="0"/><line nr="41" mi="1" ci="0" mb="0" cb="0"/><line nr="44" mi="3" ci="0" mb="0" cb="0"/><line nr="48" mi="3" ci="0" mb="0" cb="0"/><line nr="53" mi="0" ci="3" mb="0" cb="0"/><line nr="54" mi="0" ci="10" mb="0" cb="4"/><line nr="55" mi="0" ci="2" mb="0" cb="0"/><line nr="57" mi="0" ci="4" mb="0" cb="0"/><counter type="INSTRUCTION" missed="14" covered="48"/><counter type="BRANCH" missed="0" covered="4"/><counter type="LINE" missed="6" covered="16"/><counter type="COMPLEXITY" missed="4" covered="8"/><counter type="METHOD" missed="4" covered="6"/><counter type="CLASS" missed="0" covered="1"/></sourcefile><sourcefile name="CheckerBoard.java"><line nr="25" mi="0" ci="3" mb="0" cb="0"/><line nr="27" mi="0" ci="2" mb="0" cb="0"/><line nr="28" mi="0" ci="3" mb="0" cb="0"/><line nr="29" mi="0" ci="7" mb="0" cb="0"/><line nr="30" mi="0" ci="3" mb="0" cb="0"/><line nr="31" mi="0" ci="3" mb="0" cb="0"/><line nr="32" mi="0" ci="3" mb="0" cb="0"/><line nr="33" mi="0" ci="3" mb="0" cb="0"/><line nr="34" mi="0" ci="5" mb="0" cb="0"/><line nr="35" mi="0" ci="5" mb="0" cb="0"/><line nr="36" mi="0" ci="3" mb="0" cb="0"/><line nr="37" mi="0" ci="3" mb="0" cb="0"/><line nr="38" mi="0" ci="8" mb="0" cb="2"/><line nr="39" mi="0" ci="8" mb="0" cb="2"/><line nr="40" mi="0" ci="6" mb="0" cb="2"/><line nr="41" mi="0" ci="9" mb="0" cb="0"/><line nr="43" mi="0" ci="8" mb="0" cb="0"/><line nr="47" mi="0" ci="12" mb="0" cb="2"/><line nr="49" mi="0" ci="4" mb="0" cb="2"/><line nr="50" mi="0" ci="3" mb="0" cb="0"/><line nr="52" mi="0" ci="2" mb="0" cb="0"/><line nr="54" mi="0" ci="4" mb="0" cb="2"/><line nr="55" mi="0" ci="8" mb="0" cb="0"/><line nr="56" mi="0" ci="9" mb="0" cb="0"/><line nr="57" mi="0" ci="2" mb="0" cb="0"/><line nr="60" mi="0" ci="15" mb="0" cb="2"/><line nr="62" mi="0" ci="4" mb="0" cb="2"/><line nr="63" mi="0" ci="3" mb="0" cb="0"/><line nr="65" mi="0" ci="2" mb="0" cb="0"/><line nr="67" mi="0" ci="4" mb="0" cb="2"/><line nr="68" mi="0" ci="8" mb="0" cb="0"/><line nr="69" mi="0" ci="9" mb="0" cb="0"/><line nr="70" mi="0" ci="2" mb="0" cb="0"/><line nr="73" mi="0" ci="1" mb="0" cb="0"/><line nr="76" mi="3" ci="0" mb="0" cb="0"/><line nr="77" mi="8" ci="0" mb="2" cb="0"/><line nr="78" mi="8" ci="0" mb="2" cb="0"/><line nr="79" mi="6" ci="0" mb="2" cb="0"/><line nr="80" mi="24" ci="0" mb="0" cb="0"/><line nr="82" mi="3" ci="0" mb="0" cb="0"/><line nr="85" mi="3" ci="0" mb="0" cb="0"/><line nr="87" mi="3" ci="0" mb="0" cb="0"/><line nr="88" mi="1" ci="0" mb="0" cb="0"/><line nr="91" mi="0" ci="3" mb="0" cb="0"/><line nr="92" mi="0" ci="1" mb="0" cb="0"/><line nr="95" mi="0" ci="7" mb="0" cb="2"/><line nr="96" mi="0" ci="7" mb="0" cb="0"/><line nr="97" mi="0" ci="8" mb="0" cb="0"/><line nr="98" mi="0" ci="7" mb="0" cb="0"/><line nr="99" mi="0" ci="5" mb="1" cb="1"/><line nr="100" mi="13" ci="0" mb="0" cb="0"/><line nr="101" mi="3" ci="0" mb="0" cb="0"/><line nr="102" mi="3" ci="0" mb="0" cb="0"/><line nr="104" mi="0" ci="5" mb="1" cb="1"/><line nr="105" mi="0" ci="13" mb="0" cb="0"/><line nr="106" mi="0" ci="3" mb="0" cb="0"/><line nr="107" mi="0" ci="3" mb="0" cb="0"/><line nr="110" mi="6" ci="5" mb="3" cb="1"/><line nr="111" mi="9" ci="0" mb="0" cb="0"/><line nr="112" mi="14" ci="0" mb="0" cb="0"/><line nr="114" mi="0" ci="7" mb="2" cb="2"/><line nr="115" mi="9" ci="0" mb="0" cb="0"/><line nr="116" mi="14" ci="0" mb="0" cb="0"/><line nr="118" mi="0" ci="3" mb="0" cb="0"/><line nr="119" mi="0" ci="3" mb="0" cb="0"/><line nr="120" mi="0" ci="2" mb="0" cb="0"/><line nr="122" mi="0" ci="2" mb="0" cb="0"/><line nr="126" mi="0" ci="12" mb="0" cb="4"/><line nr="127" mi="0" ci="2" mb="0" cb="0"/><line nr="129" mi="0" ci="6" mb="0" cb="4"/><line nr="130" mi="0" ci="2" mb="0" cb="0"/><line nr="132" mi="0" ci="6" mb="0" cb="4"/><line nr="133" mi="0" ci="2" mb="0" cb="0"/><line nr="135" mi="0" ci="9" mb="0" cb="2"/><line nr="136" mi="0" ci="2" mb="0" cb="0"/><line nr="137" mi="0" ci="9" mb="1" cb="1"/><line nr="138" mi="0" ci="3" mb="1" cb="1"/><line nr="139" mi="2" ci="0" mb="0" cb="0"/><line nr="141" mi="0" ci="7" mb="0" cb="0"/><line nr="142" mi="0" ci="4" mb="1" cb="1"/><line nr="143" mi="4" ci="0" mb="2" cb="0"/><line nr="144" mi="2" ci="0" mb="0" cb="0"/><line nr="147" mi="0" ci="4" mb="1" cb="1"/><line nr="148" mi="0" ci="4" mb="1" cb="1"/><line nr="149" mi="2" ci="0" mb="0" cb="0"/><line nr="152" mi="0" ci="12" mb="2" cb="2"/><line nr="154" mi="2" ci="0" mb="0" cb="0"/><line nr="156" mi="6" ci="6" mb="3" cb="1"/><line nr="157" mi="11" ci="0" mb="2" cb="0"/><line nr="158" mi="19" ci="0" mb="2" cb="0"/><line nr="159" mi="2" ci="0" mb="0" cb="0"/><line nr="162" mi="11" ci="0" mb="2" cb="0"/><line nr="163" mi="19" ci="0" mb="2" cb="0"/><line nr="164" mi="2" ci="0" mb="0" cb="0"/><line nr="168" mi="0" ci="2" mb="0" cb="0"/><line nr="170" mi="2" ci="0" mb="0" cb="0"/><line nr="207" mi="0" ci="8" mb="4" cb="4"/><line nr="208" mi="2" ci="0" mb="0" cb="0"/><line nr="210" mi="0" ci="16" mb="4" cb="4"/><line nr="211" mi="2" ci="0" mb="0" cb="0"/><line nr="213" mi="0" ci="18" mb="0" cb="4"/><line nr="214" mi="0" ci="2" mb="0" cb="0"/><line nr="216" mi="0" ci="7" mb="0" cb="0"/><line nr="217" mi="0" ci="7" mb="0" cb="0"/><line nr="219" mi="0" ci="3" mb="1" cb="1"/><line nr="220" mi="0" ci="2" mb="0" cb="0"/><line nr="222" mi="3" ci="0" mb="2" cb="0"/><line nr="223" mi="11" ci="0" mb="2" cb="0"/><line nr="224" mi="11" ci="0" mb="0" cb="0"/><line nr="225" mi="5" ci="0" mb="0" cb="0"/><line nr="226" mi="5" ci="0" mb="0" cb="0"/><line nr="227" mi="8" ci="0" mb="0" cb="0"/><line nr="228" mi="4" ci="0" mb="2" cb="0"/><line nr="229" mi="9" ci="0" mb="0" cb="0"/><line nr="230" mi="7" ci="0" mb="0" cb="0"/><line nr="231" mi="7" ci="0" mb="0" cb="0"/><line nr="232" mi="1" ci="0" mb="0" cb="0"/><line nr="233" mi="4" ci="0" mb="2" cb="0"/><line nr="234" mi="9" ci="0" mb="0" cb="0"/><line nr="235" mi="7" ci="0" mb="0" cb="0"/><line nr="236" mi="7" ci="0" mb="0" cb="0"/><line nr="238" mi="2" ci="0" mb="0" cb="0"/><line nr="240" mi="11" ci="0" mb="2" cb="0"/><line nr="241" mi="11" ci="0" mb="0" cb="0"/><line nr="242" mi="5" ci="0" mb="0" cb="0"/><line nr="243" mi="5" ci="0" mb="0" cb="0"/><line nr="244" mi="8" ci="0" mb="0" cb="0"/><line nr="245" mi="4" ci="0" mb="2" cb="0"/><line nr="246" mi="9" ci="0" mb="0" cb="0"/><line nr="247" mi="7" ci="0" mb="0" cb="0"/><line nr="248" mi="7" ci="0" mb="0" cb="0"/><line nr="249" mi="1" ci="0" mb="0" cb="0"/><line nr="250" mi="4" ci="0" mb="2" cb="0"/><line nr="251" mi="9" ci="0" mb="0" cb="0"/><line nr="252" mi="7" ci="0" mb="0" cb="0"/><line nr="253" mi="7" ci="0" mb="0" cb="0"/><line nr="255" mi="2" ci="0" mb="0" cb="0"/><line nr="258" mi="3" ci="0" mb="2" cb="0"/><line nr="259" mi="11" ci="0" mb="2" cb="0"/><line nr="260" mi="11" ci="0" mb="0" cb="0"/><line nr="261" mi="5" ci="0" mb="0" cb="0"/><line nr="262" mi="5" ci="0" mb="0" cb="0"/><line nr="263" mi="8" ci="0" mb="0" cb="0"/><line nr="264" mi="4" ci="0" mb="2" cb="0"/><line nr="265" mi="9" ci="0" mb="0" cb="0"/><line nr="266" mi="7" ci="0" mb="0" cb="0"/><line nr="267" mi="7" ci="0" mb="0" cb="0"/><line nr="268" mi="1" ci="0" mb="0" cb="0"/><line nr="269" mi="4" ci="0" mb="2" cb="0"/><line nr="270" mi="9" ci="0" mb="0" cb="0"/><line nr="271" mi="7" ci="0" mb="0" cb="0"/><line nr="272" mi="7" ci="0" mb="0" cb="0"/><line nr="274" mi="2" ci="0" mb="0" cb="0"/><line nr="276" mi="11" ci="0" mb="2" cb="0"/><line nr="277" mi="11" ci="0" mb="0" cb="0"/><line nr="278" mi="5" ci="0" mb="0" cb="0"/><line nr="279" mi="5" ci="0" mb="0" cb="0"/><line nr="280" mi="8" ci="0" mb="0" cb="0"/><line nr="281" mi="4" ci="0" mb="2" cb="0"/><line nr="282" mi="9" ci="0" mb="0" cb="0"/><line nr="283" mi="7" ci="0" mb="0" cb="0"/><line nr="284" mi="7" ci="0" mb="0" cb="0"/><line nr="285" mi="1" ci="0" mb="0" cb="0"/><line nr="286" mi="4" ci="0" mb="2" cb="0"/><line nr="287" mi="9" ci="0" mb="0" cb="0"/><line nr="288" mi="7" ci="0" mb="0" cb="0"/><line nr="289" mi="7" ci="0" mb="0" cb="0"/><line nr="291" mi="2" ci="0" mb="0" cb="0"/><line nr="295" mi="2" ci="0" mb="0" cb="0"/><line nr="299" mi="2" ci="0" mb="0" cb="0"/><line nr="300" mi="8" ci="0" mb="2" cb="0"/><line nr="301" mi="8" ci="0" mb="2" cb="0"/><line nr="302" mi="6" ci="0" mb="2" cb="0"/><line nr="303" mi="6" ci="0" mb="2" cb="0"/><line nr="304" mi="1" ci="0" mb="0" cb="0"/><line nr="309" mi="2" ci="0" mb="0" cb="0"/><line nr="313" mi="18" ci="0" mb="4" cb="0"/><line nr="314" mi="2" ci="0" mb="0" cb="0"/><line nr="316" mi="2" ci="0" mb="0" cb="0"/><line nr="320" mi="9" ci="0" mb="2" cb="0"/><line nr="321" mi="2" ci="0" mb="0" cb="0"/><line nr="323" mi="2" ci="0" mb="0" cb="0"/><line nr="327" mi="9" ci="0" mb="2" cb="0"/><line nr="328" mi="2" ci="0" mb="0" cb="0"/><line nr="330" mi="2" ci="0" mb="0" cb="0"/><line nr="334" mi="3" ci="0" mb="0" cb="0"/><line nr="338" mi="3" ci="0" mb="0" cb="0"/><line nr="342" mi="3" ci="0" mb="0" cb="0"/><line nr="346" mi="3" ci="0" mb="0" cb="0"/><line nr="347" mi="8" ci="0" mb="0" cb="0"/><line nr="348" mi="8" ci="0" mb="0" cb="0"/><line nr="349" mi="6" ci="0" mb="2" cb="0"/><line nr="350" mi="4" ci="0" mb="0" cb="0"/><line nr="351" mi="6" ci="0" mb="2" cb="0"/><line nr="352" mi="4" ci="0" mb="0" cb="0"/><line nr="354" mi="2" ci="0" mb="0" cb="0"/><line nr="358" mi="3" ci="0" mb="0" cb="0"/><line nr="359" mi="8" ci="0" mb="0" cb="0"/><line nr="360" mi="8" ci="0" mb="0" cb="0"/><line nr="361" mi="6" ci="0" mb="2" cb="0"/><line nr="362" mi="4" ci="0" mb="0" cb="0"/><line nr="363" mi="6" ci="0" mb="2" cb="0"/><line nr="364" mi="4" ci="0" mb="0" cb="0"/><line nr="366" mi="2" ci="0" mb="0" cb="0"/><line nr="370" mi="2" ci="0" mb="0" cb="0"/><line nr="371" mi="2" ci="0" mb="0" cb="0"/><line nr="372" mi="8" ci="0" mb="2" cb="0"/><line nr="373" mi="8" ci="0" mb="2" cb="0"/><line nr="374" mi="6" ci="0" mb="2" cb="0"/><line nr="375" mi="7" ci="0" mb="2" cb="0"/><line nr="376" mi="6" ci="0" mb="0" cb="0"/><line nr="378" mi="7" ci="0" mb="2" cb="0"/><line nr="379" mi="8" ci="0" mb="0" cb="0"/><line nr="384" mi="8" ci="0" mb="2" cb="0"/><line nr="385" mi="8" ci="0" mb="2" cb="0"/><line nr="386" mi="6" ci="0" mb="2" cb="0"/><line nr="387" mi="7" ci="0" mb="2" cb="0"/><line nr="388" mi="8" ci="0" mb="0" cb="0"/><line nr="390" mi="7" ci="0" mb="2" cb="0"/><line nr="391" mi="10" ci="0" mb="0" cb="0"/><line nr="397" mi="4" ci="0" mb="0" cb="0"/><line nr="398" mi="8" ci="0" mb="0" cb="0"/><line nr="399" mi="8" ci="0" mb="0" cb="0"/><line nr="400" mi="2" ci="0" mb="0" cb="0"/><line nr="404" mi="2" ci="0" mb="0" cb="0"/><line nr="405" mi="2" ci="0" mb="0" cb="0"/><line nr="406" mi="8" ci="0" mb="2" cb="0"/><line nr="407" mi="8" ci="0" mb="2" cb="0"/><line nr="408" mi="6" ci="0" mb="2" cb="0"/><line nr="409" mi="7" ci="0" mb="2" cb="0"/><line nr="410" mi="3" ci="0" mb="2" cb="0"/><line nr="411" mi="2" ci="0" mb="0" cb="0"/><line nr="413" mi="1" ci="0" mb="0" cb="0"/><line nr="416" mi="7" ci="0" mb="2" cb="0"/><line nr="417" mi="1" ci="0" mb="0" cb="0"/><line nr="423" mi="8" ci="0" mb="2" cb="0"/><line nr="424" mi="8" ci="0" mb="2" cb="0"/><line nr="425" mi="6" ci="0" mb="2" cb="0"/><line nr="426" mi="7" ci="0" mb="2" cb="0"/><line nr="427" mi="3" ci="0" mb="2" cb="0"/><line nr="428" mi="2" ci="0" mb="0" cb="0"/><line nr="430" mi="1" ci="0" mb="0" cb="0"/><line nr="433" mi="7" ci="0" mb="2" cb="0"/><line nr="434" mi="1" ci="0" mb="0" cb="0"/><line nr="440" mi="4" ci="0" mb="0" cb="0"/><line nr="441" mi="8" ci="0" mb="0" cb="0"/><line nr="442" mi="8" ci="0" mb="0" cb="0"/><line nr="443" mi="2" ci="0" mb="0" cb="0"/><line nr="448" mi="3" ci="0" mb="0" cb="0"/><line nr="449" mi="9" ci="0" mb="0" cb="0"/><line nr="450" mi="9" ci="0" mb="0" cb="0"/><line nr="451" mi="10" ci="0" mb="0" cb="0"/><line nr="452" mi="10" ci="0" mb="0" cb="0"/><line nr="453" mi="9" ci="0" mb="0" cb="0"/><line nr="454" mi="9" ci="0" mb="0" cb="0"/><line nr="455" mi="2" ci="0" mb="0" cb="0"/><line nr="460" mi="4" ci="0" mb="0" cb="0"/><line nr="461" mi="2" ci="0" mb="0" cb="0"/><line nr="462" mi="2" ci="0" mb="0" cb="0"/><line nr="464" mi="11" ci="0" mb="2" cb="0"/><line nr="465" mi="2" ci="0" mb="0" cb="0"/><line nr="466" mi="3" ci="0" mb="2" cb="0"/><line nr="467" mi="18" ci="0" mb="2" cb="0"/><line nr="468" mi="18" ci="0" mb="2" cb="0"/><line nr="469" mi="11" ci="0" mb="2" cb="0"/><line nr="470" mi="4" ci="0" mb="0" cb="0"/><line nr="475" mi="1" ci="0" mb="0" cb="0"/><line nr="476" mi="11" ci="0" mb="2" cb="0"/><line nr="477" mi="2" ci="0" mb="0" cb="0"/><line nr="478" mi="3" ci="0" mb="2" cb="0"/><line nr="479" mi="18" ci="0" mb="2" cb="0"/><line nr="480" mi="18" ci="0" mb="2" cb="0"/><line nr="481" mi="11" ci="0" mb="2" cb="0"/><line nr="482" mi="4" ci="0" mb="0" cb="0"/><line nr="487" mi="1" ci="0" mb="0" cb="0"/><line nr="489" mi="8" ci="0" mb="0" cb="0"/><line nr="490" mi="8" ci="0" mb="0" cb="0"/><line nr="491" mi="2" ci="0" mb="0" cb="0"/><line nr="496" mi="4" ci="0" mb="0" cb="0"/><line nr="497" mi="2" ci="0" mb="0" cb="0"/><line nr="498" mi="2" ci="0" mb="0" cb="0"/><line nr="500" mi="11" ci="0" mb="2" cb="0"/><line nr="501" mi="5" ci="0" mb="0" cb="0"/><line nr="502" mi="2" ci="0" mb="0" cb="0"/><line nr="503" mi="3" ci="0" mb="2" cb="0"/><line nr="504" mi="20" ci="0" mb="2" cb="0"/><line nr="505" mi="20" ci="0" mb="2" cb="0"/><line nr="506" mi="11" ci="0" mb="2" cb="0"/><line nr="507" mi="2" ci="0" mb="0" cb="0"/><line nr="508" mi="2" ci="0" mb="0" cb="0"/><line nr="509" mi="1" ci="0" mb="0" cb="0"/><line nr="512" mi="2" ci="0" mb="2" cb="0"/><line nr="513" mi="1" ci="0" mb="0" cb="0"/><line nr="517" mi="1" ci="0" mb="0" cb="0"/><line nr="518" mi="11" ci="0" mb="2" cb="0"/><line nr="519" mi="5" ci="0" mb="0" cb="0"/><line nr="520" mi="2" ci="0" mb="0" cb="0"/><line nr="521" mi="3" ci="0" mb="2" cb="0"/><line nr="522" mi="20" ci="0" mb="2" cb="0"/><line nr="523" mi="20" ci="0" mb="2" cb="0"/><line nr="524" mi="11" ci="0" mb="2" cb="0"/><line nr="525" mi="2" ci="0" mb="0" cb="0"/><line nr="526" mi="2" ci="0" mb="0" cb="0"/><line nr="527" mi="1" ci="0" mb="0" cb="0"/><line nr="530" mi="2" ci="0" mb="2" cb="0"/><line nr="531" mi="1" ci="0" mb="0" cb="0"/><line nr="535" mi="1" ci="0" mb="0" cb="0"/><line nr="537" mi="8" ci="0" mb="0" cb="0"/><line nr="538" mi="8" ci="0" mb="0" cb="0"/><line nr="539" mi="2" ci="0" mb="0" cb="0"/><line nr="543" mi="3" ci="0" mb="0" cb="0"/><line nr="547" mi="3" ci="0" mb="0" cb="0"/><line nr="551" mi="10" ci="0" mb="2" cb="0"/><line nr="552" mi="7" ci="0" mb="0" cb="0"/><line nr="554" mi="2" ci="0" mb="0" cb="0"/><line nr="558" mi="8" ci="0" mb="2" cb="0"/><line nr="559" mi="7" ci="0" mb="0" cb="0"/><line nr="561" mi="2" ci="0" mb="0" cb="0"/><line nr="565" mi="11" ci="0" mb="2" cb="0"/><line nr="566" mi="2" ci="0" mb="0" cb="0"/><line nr="568" mi="11" ci="0" mb="2" cb="0"/><line nr="569" mi="2" ci="0" mb="0" cb="0"/><line nr="571" mi="11" ci="0" mb="2" cb="0"/><line nr="572" mi="2" ci="0" mb="0" cb="0"/><line nr="574" mi="11" ci="0" mb="2" cb="0"/><line nr="575" mi="2" ci="0" mb="0" cb="0"/><line nr="577" mi="11" ci="0" mb="2" cb="0"/><line nr="578" mi="2" ci="0" mb="0" cb="0"/><line nr="580" mi="11" ci="0" mb="2" cb="0"/><line nr="581" mi="2" ci="0" mb="0" cb="0"/><line nr="583" mi="11" ci="0" mb="2" cb="0"/><line nr="584" mi="2" ci="0" mb="0" cb="0"/><line nr="586" mi="11" ci="0" mb="2" cb="0"/><line nr="587" mi="2" ci="0" mb="0" cb="0"/><line nr="589" mi="2" ci="0" mb="0" cb="0"/><line nr="593" mi="8" ci="0" mb="2" cb="0"/><line nr="594" mi="8" ci="0" mb="2" cb="0"/><line nr="595" mi="6" ci="0" mb="2" cb="0"/><line nr="596" mi="10" ci="0" mb="2" cb="0"/><line nr="597" mi="5" ci="0" mb="2" cb="0"/><line nr="598" mi="2" ci="0" mb="0" cb="0"/><line nr="604" mi="2" ci="0" mb="0" cb="0"/><line nr="608" mi="0" ci="15" mb="1" cb="1"/><line nr="609" mi="2" ci="0" mb="0" cb="0"/><line nr="611" mi="0" ci="7" mb="0" cb="2"/><line nr="612" mi="0" ci="2" mb="0" cb="0"/><line nr="614" mi="0" ci="2" mb="0" cb="0"/><line nr="618" mi="11" ci="0" mb="2" cb="0"/><line nr="619" mi="2" ci="0" mb="0" cb="0"/><line nr="621" mi="11" ci="0" mb="2" cb="0"/><line nr="622" mi="2" ci="0" mb="0" cb="0"/><line nr="624" mi="11" ci="0" mb="2" cb="0"/><line nr="625" mi="2" ci="0" mb="0" cb="0"/><line nr="627" mi="11" ci="0" mb="2" cb="0"/><line nr="628" mi="2" ci="0" mb="0" cb="0"/><line nr="630" mi="2" ci="0" mb="0" cb="0"/><line nr="633" mi="12" ci="0" mb="2" cb="0"/><line nr="634" mi="2" ci="0" mb="0" cb="0"/><line nr="636" mi="12" ci="0" mb="2" cb="0"/><line nr="637" mi="2" ci="0" mb="0" cb="0"/><line nr="639" mi="12" ci="0" mb="2" cb="0"/><line nr="640" mi="2" ci="0" mb="0" cb="0"/><line nr="642" mi="12" ci="0" mb="2" cb="0"/><line nr="643" mi="2" ci="0" mb="0" cb="0"/><line nr="645" mi="2" ci="0" mb="0" cb="0"/><line nr="649" mi="4" ci="0" mb="2" cb="0"/><line nr="650" mi="7" ci="0" mb="0" cb="0"/><line nr="652" mi="2" ci="0" mb="0" cb="0"/><line nr="656" mi="10" ci="0" mb="2" cb="0"/><line nr="657" mi="7" ci="0" mb="0" cb="0"/><line nr="659" mi="2" ci="0" mb="0" cb="0"/><line nr="663" mi="0" ci="3" mb="0" cb="0"/><line nr="664" mi="0" ci="3" mb="0" cb="0"/><line nr="669" mi="28" ci="0" mb="16" cb="0"/><line nr="671" mi="2" ci="0" mb="0" cb="0"/><line nr="674" mi="12" ci="0" mb="4" cb="0"/><line nr="676" mi="8" ci="0" mb="2" cb="0"/><line nr="678" mi="16" ci="0" mb="4" cb="0"/><line nr="680" mi="2" ci="0" mb="0" cb="0"/><line nr="682" mi="11" ci="0" mb="4" cb="0"/><line nr="684" mi="2" ci="0" mb="0" cb="0"/><line nr="686" mi="11" ci="0" mb="4" cb="0"/><line nr="688" mi="2" ci="0" mb="0" cb="0"/><line nr="693" mi="12" ci="0" mb="4" cb="0"/><line nr="695" mi="45" ci="0" mb="6" cb="0"/><line nr="697" mi="16" ci="0" mb="4" cb="0"/><line nr="699" mi="2" ci="0" mb="0" cb="0"/><line nr="701" mi="11" ci="0" mb="4" cb="0"/><line nr="703" mi="2" ci="0" mb="0" cb="0"/><line nr="705" mi="11" ci="0" mb="4" cb="0"/><line nr="707" mi="2" ci="0" mb="0" cb="0"/><line nr="712" mi="2" ci="0" mb="0" cb="0"/><line nr="716" mi="4" ci="0" mb="0" cb="0"/><line nr="717" mi="2" ci="0" mb="2" cb="0"/><line nr="719" mi="8" ci="0" mb="2" cb="0"/><line nr="721" mi="7" ci="0" mb="2" cb="0"/><line nr="723" mi="9" ci="0" mb="2" cb="0"/><line nr="725" mi="12" ci="0" mb="2" cb="0"/><line nr="726" mi="25" ci="0" mb="0" cb="0"/><line nr="728" mi="12" ci="0" mb="2" cb="0"/><line nr="729" mi="25" ci="0" mb="0" cb="0"/><line nr="731" mi="12" ci="0" mb="2" cb="0"/><line nr="732" mi="25" ci="0" mb="0" cb="0"/><line nr="734" mi="12" ci="0" mb="2" cb="0"/><line nr="735" mi="25" ci="0" mb="0" cb="0"/><line nr="743" mi="6" ci="0" mb="0" cb="0"/><line nr="744" mi="9" ci="0" mb="2" cb="0"/><line nr="746" mi="12" ci="0" mb="2" cb="0"/><line nr="747" mi="25" ci="0" mb="0" cb="0"/><line nr="749" mi="12" ci="0" mb="2" cb="0"/><line nr="750" mi="25" ci="0" mb="0" cb="0"/><line nr="752" mi="12" ci="0" mb="2" cb="0"/><line nr="753" mi="25" ci="0" mb="0" cb="0"/><line nr="755" mi="12" ci="0" mb="2" cb="0"/><line nr="756" mi="25" ci="0" mb="0" cb="0"/><line nr="760" mi="2" ci="0" mb="0" cb="0"/><line nr="765" mi="4" ci="0" mb="0" cb="0"/><line nr="766" mi="7" ci="0" mb="2" cb="0"/><line nr="768" mi="7" ci="0" mb="2" cb="0"/><line nr="770" mi="9" ci="0" mb="2" cb="0"/><line nr="772" mi="12" ci="0" mb="2" cb="0"/><line nr="773" mi="25" ci="0" mb="0" cb="0"/><line nr="775" mi="12" ci="0" mb="2" cb="0"/><line nr="776" mi="25" ci="0" mb="0" cb="0"/><line nr="778" mi="12" ci="0" mb="2" cb="0"/><line nr="779" mi="25" ci="0" mb="0" cb="0"/><line nr="781" mi="12" ci="0" mb="2" cb="0"/><line nr="782" mi="25" ci="0" mb="0" cb="0"/><line nr="787" mi="2" ci="0" mb="0" cb="0"/><line nr="791" mi="3" ci="0" mb="0" cb="0"/><line nr="792" mi="7" ci="0" mb="0" cb="0"/><line nr="793" mi="7" ci="0" mb="2" cb="0"/><line nr="794" mi="13" ci="0" mb="0" cb="0"/><line nr="796" mi="2" ci="0" mb="0" cb="0"/><line nr="840" mi="3" ci="0" mb="0" cb="0"/><line nr="841" mi="8" ci="0" mb="2" cb="0"/><line nr="842" mi="8" ci="0" mb="2" cb="0"/><line nr="843" mi="7" ci="0" mb="0" cb="0"/><line nr="845" mi="2" ci="0" mb="0" cb="0"/><line nr="847" mi="2" ci="0" mb="0" cb="0"/><line nr="849" mi="6" ci="0" mb="0" cb="0"/><line nr="851" mi="2" ci="0" mb="0" cb="0"/><line nr="852" mi="3" ci="0" mb="2" cb="0"/><line nr="854" mi="2" ci="0" mb="0" cb="0"/><line nr="856" mi="10" ci="0" mb="2" cb="0"/><line nr="858" mi="7" ci="0" mb="0" cb="0"/><line nr="859" mi="3" ci="0" mb="0" cb="0"/><line nr="860" mi="11" ci="0" mb="2" cb="0"/><line nr="875" mi="2" ci="0" mb="0" cb="0"/><line nr="877" mi="6" ci="0" mb="0" cb="0"/><line nr="878" mi="3" ci="0" mb="2" cb="0"/><line nr="880" mi="2" ci="0" mb="0" cb="0"/><line nr="881" mi="2" ci="0" mb="0" cb="0"/><line nr="883" mi="1" ci="0" mb="0" cb="0"/><line nr="884" mi="2" ci="0" mb="0" cb="0"/><line nr="887" mi="5" ci="0" mb="0" cb="0"/><line nr="888" mi="2" ci="0" mb="0" cb="0"/><line nr="890" mi="10" ci="0" mb="2" cb="0"/><line nr="892" mi="7" ci="0" mb="0" cb="0"/><line nr="893" mi="3" ci="0" mb="0" cb="0"/><line nr="894" mi="6" ci="0" mb="0" cb="0"/><line nr="895" mi="3" ci="0" mb="2" cb="0"/><line nr="897" mi="2" ci="0" mb="0" cb="0"/><line nr="898" mi="2" ci="0" mb="0" cb="0"/><line nr="900" mi="1" ci="0" mb="0" cb="0"/><line nr="901" mi="2" ci="0" mb="0" cb="0"/><line nr="907" mi="8" ci="0" mb="2" cb="0"/><line nr="912" mi="5" ci="0" mb="2" cb="0"/><line nr="914" mi="6" ci="0" mb="0" cb="0"/><line nr="917" mi="17" ci="0" mb="2" cb="0"/><line nr="919" mi="5" ci="0" mb="4" cb="0"/><line nr="921" mi="2" ci="0" mb="0" cb="0"/><line nr="923" mi="10" ci="0" mb="2" cb="0"/><line nr="925" mi="11" ci="0" mb="0" cb="0"/><line nr="926" mi="3" ci="0" mb="0" cb="0"/><line nr="927" mi="11" ci="0" mb="2" cb="0"/><line nr="929" mi="2" ci="0" mb="0" cb="0"/><line nr="931" mi="6" ci="0" mb="0" cb="0"/><line nr="932" mi="3" ci="0" mb="2" cb="0"/><line nr="934" mi="2" ci="0" mb="0" cb="0"/><line nr="936" mi="1" ci="0" mb="0" cb="0"/><line nr="937" mi="2" ci="0" mb="0" cb="0"/><line nr="940" mi="5" ci="0" mb="4" cb="0"/><line nr="942" mi="2" ci="0" mb="0" cb="0"/><line nr="944" mi="10" ci="0" mb="2" cb="0"/><line nr="946" mi="11" ci="0" mb="0" cb="0"/><line nr="947" mi="3" ci="0" mb="0" cb="0"/><line nr="948" mi="11" ci="0" mb="2" cb="0"/><line nr="950" mi="2" ci="0" mb="0" cb="0"/><line nr="952" mi="6" ci="0" mb="0" cb="0"/><line nr="953" mi="3" ci="0" mb="2" cb="0"/><line nr="955" mi="2" ci="0" mb="0" cb="0"/><line nr="957" mi="1" ci="0" mb="0" cb="0"/><line nr="958" mi="2" ci="0" mb="0" cb="0"/><line nr="961" mi="16" ci="0" mb="2" cb="0"/><line nr="963" mi="5" ci="0" mb="4" cb="0"/><line nr="965" mi="2" ci="0" mb="0" cb="0"/><line nr="967" mi="10" ci="0" mb="2" cb="0"/><line nr="969" mi="11" ci="0" mb="0" cb="0"/><line nr="970" mi="3" ci="0" mb="0" cb="0"/><line nr="971" mi="6" ci="0" mb="0" cb="0"/><line nr="972" mi="3" ci="0" mb="2" cb="0"/><line nr="974" mi="2" ci="0" mb="0" cb="0"/><line nr="976" mi="1" ci="0" mb="0" cb="0"/><line nr="977" mi="2" ci="0" mb="0" cb="0"/><line nr="980" mi="5" ci="0" mb="4" cb="0"/><line nr="982" mi="2" ci="0" mb="0" cb="0"/><line nr="984" mi="10" ci="0" mb="2" cb="0"/><line nr="986" mi="11" ci="0" mb="0" cb="0"/><line nr="987" mi="3" ci="0" mb="0" cb="0"/><line nr="988" mi="6" ci="0" mb="0" cb="0"/><line nr="989" mi="3" ci="0" mb="2" cb="0"/><line nr="991" mi="2" ci="0" mb="0" cb="0"/><line nr="993" mi="1" ci="0" mb="0" cb="0"/><line nr="994" mi="2" ci="0" mb="0" cb="0"/><line nr="996" mi="6" ci="0" mb="0" cb="0"/><line nr="1004" mi="4" ci="0" mb="0" cb="0"/><line nr="1017" mi="2" ci="0" mb="0" cb="0"/><line nr="1019" mi="7" ci="0" mb="2" cb="0"/><line nr="1020" mi="7" ci="0" mb="2" cb="0"/><line nr="1021" mi="8" ci="0" mb="2" cb="0"/><line nr="1023" mi="1" ci="0" mb="0" cb="0"/><line nr="1024" mi="9" ci="0" mb="0" cb="0"/><line nr="1027" mi="8" ci="0" mb="2" cb="0"/><line nr="1028" mi="1" ci="0" mb="0" cb="0"/><line nr="1029" mi="5" ci="0" mb="4" cb="0"/><line nr="1030" mi="1" ci="0" mb="0" cb="0"/><line nr="1031" mi="5" ci="0" mb="4" cb="0"/><line nr="1032" mi="2" ci="0" mb="0" cb="0"/><line nr="1035" mi="8" ci="0" mb="2" cb="0"/><line nr="1037" mi="1" ci="0" mb="0" cb="0"/><line nr="1038" mi="13" ci="0" mb="0" cb="0"/><line nr="1041" mi="8" ci="0" mb="2" cb="0"/><line nr="1042" mi="1" ci="0" mb="0" cb="0"/><line nr="1043" mi="5" ci="0" mb="4" cb="0"/><line nr="1044" mi="1" ci="0" mb="0" cb="0"/><line nr="1045" mi="5" ci="0" mb="4" cb="0"/><line nr="1046" mi="1" ci="0" mb="0" cb="0"/><line nr="1052" mi="5" ci="0" mb="2" cb="0"/><line nr="1054" mi="4" ci="0" mb="0" cb="0"/><line nr="1056" mi="2" ci="0" mb="0" cb="0"/><line nr="1060" mi="8" ci="0" mb="2" cb="0"/><line nr="1061" mi="8" ci="0" mb="2" cb="0"/><line nr="1062" mi="6" ci="0" mb="2" cb="0"/><line nr="1063" mi="9" ci="0" mb="0" cb="0"/><line nr="1065" mi="8" ci="0" mb="0" cb="0"/><line nr="1070" mi="3" ci="0" mb="0" cb="0"/><line nr="1071" mi="3" ci="0" mb="0" cb="0"/><line nr="1073" mi="12" ci="0" mb="2" cb="0"/><line nr="1075" mi="4" ci="0" mb="2" cb="0"/><line nr="1076" mi="3" ci="0" mb="0" cb="0"/><line nr="1078" mi="2" ci="0" mb="0" cb="0"/><line nr="1080" mi="4" ci="0" mb="2" cb="0"/><line nr="1081" mi="8" ci="0" mb="0" cb="0"/><line nr="1082" mi="9" ci="0" mb="0" cb="0"/><line nr="1083" mi="2" ci="0" mb="0" cb="0"/><line nr="1086" mi="15" ci="0" mb="2" cb="0"/><line nr="1088" mi="4" ci="0" mb="2" cb="0"/><line nr="1089" mi="3" ci="0" mb="0" cb="0"/><line nr="1091" mi="2" ci="0" mb="0" cb="0"/><line nr="1093" mi="4" ci="0" mb="2" cb="0"/><line nr="1094" mi="8" ci="0" mb="0" cb="0"/><line nr="1095" mi="9" ci="0" mb="0" cb="0"/><line nr="1096" mi="2" ci="0" mb="0" cb="0"/><line nr="1099" mi="1" ci="0" mb="0" cb="0"/><line nr="1109" mi="2" ci="0" mb="0" cb="0"/><line nr="1110" mi="3" ci="0" mb="0" cb="0"/><line nr="1111" mi="3" ci="0" mb="0" cb="0"/><line nr="1113" mi="1" ci="0" mb="0" cb="0"/><line nr="1117" mi="11" ci="0" mb="0" cb="0"/><line nr="1118" mi="11" ci="0" mb="0" cb="0"/><line nr="1119" mi="11" ci="0" mb="0" cb="0"/><line nr="1120" mi="10" ci="0" mb="2" cb="0"/><line nr="1122" mi="23" ci="0" mb="0" cb="0"/><line nr="1124" mi="1" ci="0" mb="0" cb="0"/><counter type="INSTRUCTION" missed="3249" covered="445"/><counter type="BRANCH" missed="441" covered="63"/><counter type="LINE" missed="493" covered="82"/><counter type="COMPLEXITY" missed="269" covered="26"/><counter type="METHOD" missed="37" covered="6"/><counter type="CLASS" missed="1" covered="1"/></sourcefile><sourcefile name="ISProject.java"><line nr="11" mi="3" ci="0" mb="0" cb="0"/><line nr="18" mi="4" ci="0" mb="0" cb="0"/><line nr="19" mi="1" ci="0" mb="0" cb="0"/><counter type="INSTRUCTION" missed="8" covered="0"/><counter type="LINE" missed="3" covered="0"/><counter type="COMPLEXITY" missed="2" covered="0"/><counter type="METHOD" missed="2" covered="0"/><counter type="CLASS" missed="1" covered="0"/></sourcefile><sourcefile name="GameEngine.java"><line nr="23" mi="2" ci="0" mb="0" cb="0"/><line nr="24" mi="6" ci="0" mb="0" cb="0"/><line nr="25" mi="7" ci="0" mb="0" cb="0"/><line nr="26" mi="3" ci="0" mb="0" cb="0"/><line nr="27" mi="2" ci="0" mb="0" cb="0"/><line nr="76" mi="1" ci="0" mb="0" cb="0"/><line nr="80" mi="3" ci="0" mb="0" cb="0"/><line nr="81" mi="3" ci="0" mb="0" cb="0"/><line nr="82" mi="20" ci="0" mb="0" cb="0"/><line nr="83" mi="20" ci="0" mb="0" cb="0"/><line nr="84" mi="2" ci="0" mb="0" cb="0"/><line nr="85" mi="1" ci="0" mb="0" cb="0"/><line nr="86" mi="7" ci="0" mb="0" cb="0"/><line nr="87" mi="1" ci="0" mb="0" cb="0"/><line nr="88" mi="1" ci="0" mb="0" cb="0"/><line nr="91" mi="5" ci="0" mb="2" cb="0"/><line nr="92" mi="2" ci="0" mb="0" cb="0"/><line nr="94" mi="5" ci="0" mb="0" cb="0"/><line nr="95" mi="3" ci="0" mb="0" cb="0"/><line nr="96" mi="3" ci="0" mb="0" cb="0"/><line nr="97" mi="1" ci="0" mb="0" cb="0"/><line nr="100" mi="2" ci="0" mb="0" cb="0"/><line nr="101" mi="4" ci="0" mb="2" cb="0"/><line nr="102" mi="5" ci="0" mb="2" cb="0"/><line nr="103" mi="1" ci="0" mb="0" cb="0"/><line nr="105" mi="7" ci="0" mb="2" cb="0"/><line nr="106" mi="7" ci="0" mb="2" cb="0"/><line nr="107" mi="4" ci="0" mb="0" cb="0"/><line nr="108" mi="3" ci="0" mb="0" cb="0"/><line nr="109" mi="3" ci="0" mb="0" cb="0"/><line nr="110" mi="4" ci="0" mb="0" cb="0"/><line nr="111" mi="1" ci="0" mb="0" cb="0"/><line nr="114" mi="5" ci="0" mb="0" cb="0"/><line nr="115" mi="2" ci="0" mb="0" cb="0"/><line nr="117" mi="7" ci="0" mb="2" cb="0"/><line nr="118" mi="4" ci="0" mb="0" cb="0"/><line nr="119" mi="3" ci="0" mb="0" cb="0"/><line nr="120" mi="3" ci="0" mb="0" cb="0"/><line nr="121" mi="4" ci="0" mb="0" cb="0"/><line nr="122" mi="1" ci="0" mb="0" cb="0"/><line nr="125" mi="3" ci="0" mb="0" cb="0"/><line nr="126" mi="2" ci="0" mb="0" cb="0"/><line nr="130" mi="7" ci="0" mb="2" cb="0"/><line nr="131" mi="7" ci="0" mb="2" cb="0"/><line nr="132" mi="4" ci="0" mb="0" cb="0"/><line nr="133" mi="3" ci="0" mb="0" cb="0"/><line nr="134" mi="3" ci="0" mb="0" cb="0"/><line nr="135" mi="4" ci="0" mb="0" cb="0"/><line nr="136" mi="1" ci="0" mb="0" cb="0"/><line nr="139" mi="3" ci="0" mb="0" cb="0"/><line nr="140" mi="2" ci="0" mb="0" cb="0"/><line nr="142" mi="7" ci="0" mb="2" cb="0"/><line nr="143" mi="4" ci="0" mb="0" cb="0"/><line nr="144" mi="3" ci="0" mb="0" cb="0"/><line nr="145" mi="3" ci="0" mb="0" cb="0"/><line nr="146" mi="4" ci="0" mb="0" cb="0"/><line nr="147" mi="1" ci="0" mb="0" cb="0"/><line nr="150" mi="5" ci="0" mb="0" cb="0"/><line nr="151" mi="3" ci="0" mb="0" cb="0"/><line nr="155" mi="2" ci="0" mb="0" cb="0"/><line nr="156" mi="3" ci="0" mb="0" cb="0"/><line nr="157" mi="2" ci="0" mb="0" cb="0"/><line nr="159" mi="1" ci="0" mb="0" cb="0"/><line nr="174" mi="2" ci="0" mb="0" cb="0"/><line nr="175" mi="10" ci="0" mb="2" cb="0"/><line nr="177" mi="2" ci="0" mb="0" cb="0"/><line nr="179" mi="6" ci="0" mb="0" cb="0"/><line nr="180" mi="29" ci="0" mb="2" cb="0"/><line nr="182" mi="17" ci="0" mb="0" cb="0"/><line nr="185" mi="5" ci="0" mb="2" cb="0"/><line nr="186" mi="4" ci="0" mb="0" cb="0"/><line nr="188" mi="5" ci="0" mb="2" cb="0"/><line nr="189" mi="3" ci="0" mb="0" cb="0"/><line nr="191" mi="1" ci="0" mb="0" cb="0"/><line nr="192" mi="2" ci="0" mb="2" cb="0"/><line nr="195" mi="18" ci="0" mb="2" cb="0"/><line nr="197" mi="14" ci="0" mb="0" cb="0"/><line nr="198" mi="29" ci="0" mb="2" cb="0"/><line nr="200" mi="17" ci="0" mb="0" cb="0"/><line nr="203" mi="5" ci="0" mb="2" cb="0"/><line nr="204" mi="4" ci="0" mb="0" cb="0"/><line nr="206" mi="5" ci="0" mb="2" cb="0"/><line nr="207" mi="3" ci="0" mb="0" cb="0"/><line nr="209" mi="2" ci="0" mb="0" cb="0"/><line nr="213" mi="1" ci="0" mb="0" cb="0"/><line nr="215" mi="4" ci="0" mb="2" cb="0"/><line nr="216" mi="1" ci="0" mb="0" cb="0"/><line nr="217" mi="5" ci="0" mb="2" cb="0"/><line nr="218" mi="1" ci="0" mb="0" cb="0"/><line nr="221" mi="1" ci="0" mb="0" cb="0"/><counter type="INSTRUCTION" missed="441" covered="0"/><counter type="BRANCH" missed="40" covered="0"/><counter type="LINE" missed="90" covered="0"/><counter type="COMPLEXITY" missed="26" covered="0"/><counter type="METHOD" missed="6" covered="0"/><counter type="CLASS" missed="1" covered="0"/></sourcefile><sourcefile name="HeuristicUtil.java"><line nr="15" mi="3" ci="0" mb="0" cb="0"/><line nr="17" mi="2" ci="0" mb="0" cb="0"/><line nr="18" mi="9" ci="0" mb="0" cb="0"/><line nr="24" mi="4" ci="0" mb="0" cb="0"/><line nr="25" mi="4" ci="0" mb="0" cb="0"/><line nr="26" mi="7" ci="0" mb="2" cb="0"/><line nr="27" mi="7" ci="0" mb="2" cb="0"/><line nr="28" mi="5" ci="0" mb="2" cb="0"/><line nr="29" mi="9" ci="0" mb="0" cb="0"/><line nr="31" mi="5" ci="0" mb="2" cb="0"/><line nr="32" mi="8" ci="0" mb="0" cb="0"/><line nr="36" mi="1" ci="0" mb="0" cb="0"/><line nr="38" mi="2" ci="0" mb="0" cb="0"/><line nr="39" mi="1" ci="0" mb="0" cb="0"/><line nr="40" mi="2" ci="0" mb="0" cb="0"/><line nr="41" mi="2" ci="0" mb="0" cb="0"/><line nr="42" mi="2" ci="0" mb="0" cb="0"/><line nr="43" mi="2" ci="0" mb="2" cb="0"/><line nr="44" mi="2" ci="0" mb="0" cb="0"/><line nr="45" mi="7" ci="0" mb="0" cb="0"/><line nr="46" mi="8" ci="0" mb="0" cb="0"/><line nr="48" mi="2" ci="0" mb="0" cb="0"/><line nr="49" mi="5" ci="0" mb="2" cb="0"/><line nr="50" mi="3" ci="0" mb="2" cb="0"/><line nr="51" mi="7" ci="0" mb="0" cb="0"/><line nr="52" mi="8" ci="0" mb="0" cb="0"/><line nr="54" mi="7" ci="0" mb="0" cb="0"/><line nr="55" mi="8" ci="0" mb="0" cb="0"/><line nr="58" mi="3" ci="0" mb="2" cb="0"/><line nr="59" mi="7" ci="0" mb="0" cb="0"/><line nr="60" mi="8" ci="0" mb="0" cb="0"/><line nr="62" mi="7" ci="0" mb="0" cb="0"/><line nr="63" mi="7" ci="0" mb="0" cb="0"/><line nr="67" mi="5" ci="0" mb="2" cb="0"/><line nr="68" mi="4" ci="0" mb="0" cb="0"/><line nr="69" mi="5" ci="0" mb="2" cb="0"/><line nr="70" mi="4" ci="0" mb="0" cb="0"/><line nr="72" mi="2" ci="0" mb="0" cb="0"/><line nr="76" mi="2" ci="0" mb="0" cb="0"/><line nr="77" mi="1" ci="0" mb="0" cb="0"/><line nr="78" mi="2" ci="0" mb="0" cb="0"/><line nr="79" mi="7" ci="0" mb="0" cb="0"/><line nr="80" mi="7" ci="0" mb="0" cb="0"/><line nr="81" mi="5" ci="0" mb="2" cb="0"/><line nr="82" mi="4" ci="0" mb="0" cb="0"/><line nr="83" mi="5" ci="0" mb="2" cb="0"/><line nr="84" mi="4" ci="0" mb="0" cb="0"/><line nr="86" mi="2" ci="0" mb="0" cb="0"/><line nr="90" mi="2" ci="0" mb="0" cb="0"/><line nr="91" mi="2" ci="0" mb="0" cb="0"/><line nr="92" mi="7" ci="0" mb="2" cb="0"/><line nr="93" mi="7" ci="0" mb="2" cb="0"/><line nr="94" mi="6" ci="0" mb="2" cb="0"/><line nr="95" mi="5" ci="0" mb="2" cb="0"/><line nr="96" mi="6" ci="0" mb="0" cb="0"/><line nr="98" mi="5" ci="0" mb="2" cb="0"/><line nr="99" mi="8" ci="0" mb="0" cb="0"/><line nr="104" mi="7" ci="0" mb="2" cb="0"/><line nr="105" mi="7" ci="0" mb="2" cb="0"/><line nr="106" mi="6" ci="0" mb="2" cb="0"/><line nr="107" mi="5" ci="0" mb="2" cb="0"/><line nr="108" mi="8" ci="0" mb="0" cb="0"/><line nr="110" mi="5" ci="0" mb="2" cb="0"/><line nr="111" mi="10" ci="0" mb="0" cb="0"/><line nr="117" mi="4" ci="0" mb="0" cb="0"/><line nr="118" mi="7" ci="0" mb="0" cb="0"/><line nr="119" mi="7" ci="0" mb="0" cb="0"/><line nr="120" mi="2" ci="0" mb="0" cb="0"/><line nr="124" mi="2" ci="0" mb="0" cb="0"/><line nr="125" mi="2" ci="0" mb="0" cb="0"/><line nr="126" mi="7" ci="0" mb="2" cb="0"/><line nr="127" mi="7" ci="0" mb="2" cb="0"/><line nr="128" mi="6" ci="0" mb="2" cb="0"/><line nr="129" mi="5" ci="0" mb="2" cb="0"/><line nr="130" mi="3" ci="0" mb="2" cb="0"/><line nr="131" mi="2" ci="0" mb="0" cb="0"/><line nr="133" mi="1" ci="0" mb="0" cb="0"/><line nr="136" mi="5" ci="0" mb="2" cb="0"/><line nr="137" mi="1" ci="0" mb="0" cb="0"/><line nr="143" mi="7" ci="0" mb="2" cb="0"/><line nr="144" mi="7" ci="0" mb="2" cb="0"/><line nr="145" mi="6" ci="0" mb="2" cb="0"/><line nr="146" mi="5" ci="0" mb="2" cb="0"/><line nr="147" mi="3" ci="0" mb="2" cb="0"/><line nr="148" mi="2" ci="0" mb="0" cb="0"/><line nr="150" mi="1" ci="0" mb="0" cb="0"/><line nr="153" mi="5" ci="0" mb="2" cb="0"/><line nr="154" mi="1" ci="0" mb="0" cb="0"/><line nr="160" mi="4" ci="0" mb="0" cb="0"/><line nr="161" mi="7" ci="0" mb="0" cb="0"/><line nr="162" mi="7" ci="0" mb="0" cb="0"/><line nr="163" mi="2" ci="0" mb="0" cb="0"/><line nr="168" mi="2" ci="0" mb="0" cb="0"/><line nr="169" mi="8" ci="0" mb="0" cb="0"/><line nr="170" mi="8" ci="0" mb="0" cb="0"/><line nr="171" mi="8" ci="0" mb="0" cb="0"/><line nr="172" mi="8" ci="0" mb="0" cb="0"/><line nr="173" mi="8" ci="0" mb="0" cb="0"/><line nr="174" mi="8" ci="0" mb="0" cb="0"/><line nr="175" mi="2" ci="0" mb="0" cb="0"/><line nr="180" mi="4" ci="0" mb="0" cb="0"/><line nr="181" mi="2" ci="0" mb="0" cb="0"/><line nr="182" mi="2" ci="0" mb="0" cb="0"/><line nr="184" mi="10" ci="0" mb="2" cb="0"/><line nr="185" mi="2" ci="0" mb="0" cb="0"/><line nr="186" mi="3" ci="0" mb="2" cb="0"/><line nr="187" mi="17" ci="0" mb="2" cb="0"/><line nr="188" mi="17" ci="0" mb="2" cb="0"/><line nr="189" mi="9" ci="0" mb="2" cb="0"/><line nr="190" mi="4" ci="0" mb="0" cb="0"/><line nr="195" mi="1" ci="0" mb="0" cb="0"/><line nr="196" mi="10" ci="0" mb="2" cb="0"/><line nr="197" mi="2" ci="0" mb="0" cb="0"/><line nr="198" mi="3" ci="0" mb="2" cb="0"/><line nr="199" mi="17" ci="0" mb="2" cb="0"/><line nr="200" mi="17" ci="0" mb="2" cb="0"/><line nr="201" mi="9" ci="0" mb="2" cb="0"/><line nr="202" mi="4" ci="0" mb="0" cb="0"/><line nr="207" mi="1" ci="0" mb="0" cb="0"/><line nr="209" mi="7" ci="0" mb="0" cb="0"/><line nr="210" mi="7" ci="0" mb="0" cb="0"/><line nr="211" mi="2" ci="0" mb="0" cb="0"/><line nr="216" mi="4" ci="0" mb="0" cb="0"/><line nr="217" mi="2" ci="0" mb="0" cb="0"/><line nr="218" mi="2" ci="0" mb="0" cb="0"/><line nr="220" mi="10" ci="0" mb="2" cb="0"/><line nr="221" mi="4" ci="0" mb="0" cb="0"/><line nr="222" mi="2" ci="0" mb="0" cb="0"/><line nr="223" mi="3" ci="0" mb="2" cb="0"/><line nr="224" mi="19" ci="0" mb="2" cb="0"/><line nr="225" mi="19" ci="0" mb="2" cb="0"/><line nr="226" mi="9" ci="0" mb="2" cb="0"/><line nr="227" mi="2" ci="0" mb="0" cb="0"/><line nr="228" mi="2" ci="0" mb="0" cb="0"/><line nr="229" mi="1" ci="0" mb="0" cb="0"/><line nr="232" mi="2" ci="0" mb="2" cb="0"/><line nr="233" mi="1" ci="0" mb="0" cb="0"/><line nr="237" mi="1" ci="0" mb="0" cb="0"/><line nr="238" mi="10" ci="0" mb="2" cb="0"/><line nr="239" mi="4" ci="0" mb="0" cb="0"/><line nr="240" mi="2" ci="0" mb="0" cb="0"/><line nr="241" mi="3" ci="0" mb="2" cb="0"/><line nr="242" mi="19" ci="0" mb="2" cb="0"/><line nr="243" mi="19" ci="0" mb="2" cb="0"/><line nr="244" mi="9" ci="0" mb="2" cb="0"/><line nr="245" mi="2" ci="0" mb="0" cb="0"/><line nr="246" mi="2" ci="0" mb="0" cb="0"/><line nr="247" mi="1" ci="0" mb="0" cb="0"/><line nr="250" mi="2" ci="0" mb="2" cb="0"/><line nr="251" mi="1" ci="0" mb="0" cb="0"/><line nr="255" mi="1" ci="0" mb="0" cb="0"/><line nr="257" mi="7" ci="0" mb="0" cb="0"/><line nr="258" mi="7" ci="0" mb="0" cb="0"/><line nr="259" mi="2" ci="0" mb="0" cb="0"/><line nr="262" mi="8" ci="0" mb="2" cb="0"/><line nr="263" mi="2" ci="0" mb="0" cb="0"/><line nr="265" mi="2" ci="0" mb="0" cb="0"/><line nr="269" mi="8" ci="0" mb="2" cb="0"/><line nr="270" mi="2" ci="0" mb="0" cb="0"/><line nr="272" mi="2" ci="0" mb="0" cb="0"/><line nr="275" mi="16" ci="0" mb="4" cb="0"/><line nr="276" mi="2" ci="0" mb="0" cb="0"/><line nr="278" mi="2" ci="0" mb="0" cb="0"/><line nr="281" mi="2" ci="0" mb="0" cb="0"/><line nr="282" mi="7" ci="0" mb="2" cb="0"/><line nr="283" mi="7" ci="0" mb="2" cb="0"/><line nr="284" mi="6" ci="0" mb="2" cb="0"/><line nr="285" mi="5" ci="0" mb="2" cb="0"/><line nr="286" mi="1" ci="0" mb="0" cb="0"/><line nr="291" mi="2" ci="0" mb="0" cb="0"/><line nr="294" mi="7" ci="0" mb="2" cb="0"/><line nr="295" mi="7" ci="0" mb="2" cb="0"/><line nr="296" mi="6" ci="0" mb="2" cb="0"/><line nr="297" mi="10" ci="0" mb="4" cb="0"/><line nr="298" mi="2" ci="0" mb="0" cb="0"/><line nr="303" mi="2" ci="0" mb="0" cb="0"/><counter type="INSTRUCTION" missed="921" covered="0"/><counter type="BRANCH" missed="138" covered="0"/><counter type="LINE" missed="176" covered="0"/><counter type="COMPLEXITY" missed="84" covered="0"/><counter type="METHOD" missed="15" covered="0"/><counter type="CLASS" missed="1" covered="0"/></sourcefile><counter type="INSTRUCTION" missed="4633" covered="493"/><counter type="BRANCH" missed="619" covered="67"/><counter type="LINE" missed="768" covered="98"/><counter type="COMPLEXITY" missed="385" covered="34"/><counter type="METHOD" missed="64" covered="12"/><counter type="CLASS" missed="4" covered="2"/></package><package name="com/checkers/View"><class name="com/checkers/View/BoardPanel$1"><method name="&lt;init&gt;" desc="(Lcom/checkers/View/BoardPanel;)V" line="72"><counter type="INSTRUCTION" missed="6" covered="0"/><counter type="LINE" missed="1" covered="0"/><counter type="COMPLEXITY" missed="1" covered="0"/><counter type="METHOD" missed="1" covered="0"/></method><method name="actionPerformed" desc="(Ljava/awt/event/ActionEvent;)V" line="75"><counter type="INSTRUCTION" missed="5" covered="0"/><counter type="LINE" missed="3" covered="0"/><counter type="COMPLEXITY" missed="1" covered="0"/><counter type="METHOD" missed="1" covered="0"/></method><counter type="INSTRUCTION" missed="11" covered="0"/><counter type="LINE" missed="4" covered="0"/><counter type="COMPLEXITY" missed="2" covered="0"/><counter type="METHOD" missed="2" covered="0"/><counter type="CLASS" missed="1" covered="0"/></class><class name="com/checkers/View/BoardPanel$2"><method name="&lt;init&gt;" desc="(Lcom/checkers/View/BoardPanel;Lcom/checkers/Logic/CheckerBoard;)V" line="89"><counter type="INSTRUCTION" missed="9" covered="0"/><counter type="LINE" missed="1" covered="0"/><counter type="COMPLEXITY" missed="1" covered="0"/><counter type="METHOD" missed="1" covered="0"/></method><method name="actionPerformed" desc="(Ljava/awt/event/ActionEvent;)V" line="92"><counter type="INSTRUCTION" missed="8" covered="0"/><counter type="LINE" missed="4" covered="0"/><counter type="COMPLEXITY" missed="1" covered="0"/><counter type="METHOD" missed="1" covered="0"/></method><counter type="INSTRUCTION" missed="17" covered="0"/><counter type="LINE" missed="5" covered="0"/><counter type="COMPLEXITY" missed="2" covered="0"/><counter type="METHOD" missed="2" covered="0"/><counter type="CLASS" missed="1" covered="0"/></class><class name="com/checkers/View/BoardPanel$3"><method name="&lt;init&gt;" desc="(Lcom/checkers/View/BoardPanel;)V" line="113"><counter type="INSTRUCTION" missed="6" covered="0"/><counter type="LINE" missed="1" covered="0"/><counter type="COMPLEXITY" missed="1" covered="0"/><counter type="METHOD" missed="1" covered="0"/></method><method name="itemStateChanged" desc="(Ljava/awt/event/ItemEvent;)V" line="116"><counter type="INSTRUCTION" missed="12" covered="0"/><counter type="BRANCH" missed="2" covered="0"/><counter type="LINE" missed="4" covered="0"/><counter type="COMPLEXITY" missed="2" covered="0"/><counter type="METHOD" missed="1" covered="0"/></method><counter type="INSTRUCTION" missed="18" covered="0"/><counter type="BRANCH" missed="2" covered="0"/><counter type="LINE" missed="5" covered="0"/><counter type="COMPLEXITY" missed="3" covered="0"/><counter type="METHOD" missed="2" covered="0"/><counter type="CLASS" missed="1" covered="0"/></class><class name="com/checkers/View/BoardPanel$4"><method name="&lt;init&gt;" desc="(Lcom/checkers/View/BoardPanel;)V" line="123"><counter type="INSTRUCTION" missed="6" covered="0"/><counter type="LINE" missed="1" covered="0"/><counter type="COMPLEXITY" missed="1" covered="0"/><counter type="METHOD" missed="1" covered="0"/></method><method name="itemStateChanged" desc="(Ljava/awt/event/ItemEvent;)V" line="126"><counter type="INSTRUCTION" missed="12" covered="0"/><counter type="BRANCH" missed="2" covered="0"/><counter type="LINE" missed="4" covered="0"/><counter type="COMPLEXITY" missed="2" covered="0"/><counter type="METHOD" missed="1" covered="0"/></method><counter type="INSTRUCTION" missed="18" covered="0"/><counter type="BRANCH" missed="2" covered="0"/><counter type="LINE" missed="5" covered="0"/><counter type="COMPLEXITY" missed="3" covered="0"/><counter type="METHOD" missed="2" covered="0"/><counter type="CLASS" missed="1" covered="0"/></class><class name="com/checkers/View/BoardPanel$5"><method name="&lt;init&gt;" desc="(Lcom/checkers/View/BoardPanel;Lcom/checkers/Logic/CheckerBoard;)V" line="163"><counter type="INSTRUCTION" missed="9" covered="0"/><counter type="LINE" missed="1" covered="0"/><counter type="COMPLEXITY" missed="1" covered="0"/><counter type="METHOD" missed="1" covered="0"/></method><method name="mouseClicked" desc="(Ljava/awt/event/MouseEvent;)V" line="166"><counter type="INSTRUCTION" missed="334" covered="0"/><counter type="BRANCH" missed="58" covered="0"/><counter type="LINE" missed="42" covered="0"/><counter type="COMPLEXITY" missed="30" covered="0"/><counter type="METHOD" missed="1" covered="0"/></method><counter type="INSTRUCTION" missed="343" covered="0"/><counter type="BRANCH" missed="58" covered="0"/><counter type="LINE" missed="43" covered="0"/><counter type="COMPLEXITY" missed="31" covered="0"/><counter type="METHOD" missed="2" covered="0"/><counter type="CLASS" missed="1" covered="0"/></class><class name="com/checkers/View/BoardPanel"><method name="&lt;init&gt;" desc="(Lcom/checkers/Logic/CheckerBoard;)V" line="43"><counter type="INSTRUCTION" missed="464" covered="0"/><counter type="LINE" missed="82" covered="0"/><counter type="COMPLEXITY" missed="1" covered="0"/><counter type="METHOD" missed="1" covered="0"/></method><method name="paint" desc="(Ljava/awt/Graphics;)V" line="239"><counter type="INSTRUCTION" missed="459" covered="0"/><counter type="BRANCH" missed="24" covered="0"/><counter type="LINE" missed="67" covered="0"/><counter type="COMPLEXITY" missed="13" covered="0"/><counter type="METHOD" missed="1" covered="0"/></method><method name="pixelXPos" desc="(I)I" line="338"><counter type="INSTRUCTION" missed="6" covered="0"/><counter type="LINE" missed="1" covered="0"/><counter type="COMPLEXITY" missed="1" covered="0"/><counter type="METHOD" missed="1" covered="0"/></method><method name="pixelYPos" desc="(I)I" line="343"><counter type="INSTRUCTION" missed="6" covered="0"/><counter type="LINE" missed="1" covered="0"/><counter type="COMPLEXITY" missed="1" covered="0"/><counter type="METHOD" missed="1" covered="0"/></method><method name="col" desc="(I)I" line="347"><counter type="INSTRUCTION" missed="6" covered="0"/><counter type="LINE" missed="1" covered="0"/><counter type="COMPLEXITY" missed="1" covered="0"/><counter type="METHOD" missed="1" covered="0"/></method><method name="row" desc="(I)I" line="351"><counter type="INSTRUCTION" missed="6" covered="0"/><counter type="LINE" missed="1" covered="0"/><counter type="COMPLEXITY" missed="1" covered="0"/><counter type="METHOD" missed="1" covered="0"/></method><method name="updateChipInfo" desc="()V" line="356"><counter type="INSTRUCTION" missed="101" covered="0"/><counter type="BRANCH" missed="12" covered="0"/><counter type="LINE" missed="18" covered="0"/><counter type="COMPLEXITY" missed="7" covered="0"/><counter type="METHOD" missed="1" covered="0"/></method><method name="getGameState" desc="()I" line="383"><counter type="INSTRUCTION" missed="2" covered="0"/><counter type="LINE" missed="1" covered="0"/><counter type="COMPLEXITY" missed="1" covered="0"/><counter type="METHOD" missed="1" covered="0"/></method><method name="setGameState" desc="(I)V" line="387"><counter type="INSTRUCTION" missed="3" covered="0"/><counter type="LINE" missed="2" covered="0"/><counter type="COMPLEXITY" missed="1" covered="0"/><counter type="METHOD" missed="1" covered="0"/></method><method name="getPlayerColor" desc="()C" line="391"><counter type="INSTRUCTION" missed="11" covered="0"/><counter type="BRANCH" missed="4" covered="0"/><counter type="LINE" missed="5" covered="0"/><counter type="COMPLEXITY" missed="3" covered="0"/><counter type="METHOD" missed="1" covered="0"/></method><method name="isMoved" desc="()Z" line="399"><counter type="INSTRUCTION" missed="7" covered="0"/><counter type="BRANCH" missed="2" covered="0"/><counter type="LINE" missed="3" covered="0"/><counter type="COMPLEXITY" missed="2" covered="0"/><counter type="METHOD" missed="1" covered="0"/></method><method name="setManualMove" desc="()V" line="405"><counter type="INSTRUCTION" missed="4" covered="0"/><counter type="LINE" missed="2" covered="0"/><counter type="COMPLEXITY" missed="1" covered="0"/><counter type="METHOD" missed="1" covered="0"/></method><method name="addMovesB" desc="()V" line="409"><counter type="INSTRUCTION" missed="7" covered="0"/><counter type="LINE" missed="2" covered="0"/><counter type="COMPLEXITY" missed="1" covered="0"/><counter type="METHOD" missed="1" covered="0"/></method><method name="addMovesR" desc="()V" line="413"><counter type="INSTRUCTION" missed="7" covered="0"/><counter type="LINE" missed="2" covered="0"/><counter type="COMPLEXITY" missed="1" covered="0"/><counter type="METHOD" missed="1" covered="0"/></method><method name="getScoreB" desc="()I" line="417"><counter type="INSTRUCTION" missed="21" covered="0"/><counter type="BRANCH" missed="4" covered="0"/><counter type="LINE" missed="6" covered="0"/><counter type="COMPLEXITY" missed="3" covered="0"/><counter type="METHOD" missed="1" covered="0"/></method><method name="getScoreR" desc="()I" line="426"><counter type="INSTRUCTION" missed="21" covered="0"/><counter type="BRANCH" missed="4" covered="0"/><counter type="LINE" missed="6" covered="0"/><counter type="COMPLEXITY" missed="3" covered="0"/><counter type="METHOD" missed="1" covered="0"/></method><method name="setWin" desc="(Z)V" line="435"><counter type="INSTRUCTION" missed="4" covered="0"/><counter type="LINE" missed="2" covered="0"/><counter type="COMPLEXITY" missed="1" covered="0"/><counter type="METHOD" missed="1" covered="0"/></method><counter type="INSTRUCTION" missed="1135" covered="0"/><counter type="BRANCH" missed="50" covered="0"/><counter type="LINE" missed="202" covered="0"/><counter type="COMPLEXITY" missed="42" covered="0"/><counter type="METHOD" missed="17" covered="0"/><counter type="CLASS" missed="1" covered="0"/></class><class name="com/checkers/View/CheckersFrame"><method name="&lt;init&gt;" desc="(Lcom/checkers/Logic/CheckerBoard;)V" line="8"><counter type="INSTRUCTION" missed="36" covered="0"/><counter type="LINE" missed="11" covered="0"/><counter type="COMPLEXITY" missed="1" covered="0"/><counter type="METHOD" missed="1" covered="0"/></method><method name="updateFrame" desc="()V" line="20"><counter type="INSTRUCTION" missed="4" covered="0"/><counter type="LINE" missed="2" covered="0"/><counter type="COMPLEXITY" missed="1" covered="0"/><counter type="METHOD" missed="1" covered="0"/></method><method name="getGameState" desc="()I" line="23"><counter type="INSTRUCTION" missed="2" covered="0"/><counter type="LINE" missed="1" covered="0"/><counter type="COMPLEXITY" missed="1" covered="0"/><counter type="METHOD" missed="1" covered="0"/></method><method name="setGameState" desc="(I)V" line="27"><counter type="INSTRUCTION" missed="5" covered="0"/><counter type="LINE" missed="2" covered="0"/><counter type="COMPLEXITY" missed="1" covered="0"/><counter type="METHOD" missed="1" covered="0"/></method><method name="getPlayerColor" desc="()C" line="31"><counter type="INSTRUCTION" missed="2" covered="0"/><counter type="LINE" missed="1" covered="0"/><counter type="COMPLEXITY" missed="1" covered="0"/><counter type="METHOD" missed="1" covered="0"/></method><method name="isUserMoved" desc="()Z" line="35"><counter type="INSTRUCTION" missed="4" covered="0"/><counter type="LINE" missed="1" covered="0"/><counter type="COMPLEXITY" missed="1" covered="0"/><counter type="METHOD" missed="1" covered="0"/></method><method name="setManualMove" desc="()V" line="38"><counter type="INSTRUCTION" missed="4" covered="0"/><counter type="LINE" missed="2" covered="0"/><counter type="COMPLEXITY" missed="1" covered="0"/><counter type="METHOD" missed="1" covered="0"/></method><method name="addMovesB" desc="()V" line="41"><counter type="INSTRUCTION" missed="4" covered="0"/><counter type="LINE" missed="2" covered="0"/><counter type="COMPLEXITY" missed="1" covered="0"/><counter type="METHOD" missed="1" covered="0"/></method><method name="addMovesR" desc="()V" line="45"><counter type="INSTRUCTION" missed="4" covered="0"/><counter type="LINE" missed="2" covered="0"/><counter type="COMPLEXITY" missed="1" covered="0"/><counter type="METHOD" missed="1" covered="0"/></method><method name="setWin" desc="(Z)V" line="49"><counter type="INSTRUCTION" missed="5" covered="0"/><counter type="LINE" missed="2" covered="0"/><counter type="COMPLEXITY" missed="1" covered="0"/><counter type="METHOD" missed="1" covered="0"/></method><counter type="INSTRUCTION" missed="70" covered="0"/><counter type="LINE" missed="26" covered="0"/><counter type="COMPLEXITY" missed="10" covered="0"/><counter type="METHOD" missed="10" covered="0"/><counter type="CLASS" missed="1" covered="0"/></class><sourcefile name="CheckersFrame.java"><line nr="8" mi="2" ci="0" mb="0" cb="0"/><line nr="9" mi="6" ci="0" mb="0" cb="0"/><line nr="10" mi="5" ci="0" mb="0" cb="0"/><line nr="11" mi="3" ci="0" mb="0" cb="0"/><line nr="12" mi="3" ci="0" mb="0" cb="0"/><line nr="13" mi="3" ci="0" mb="0" cb="0"/><line nr="14" mi="4" ci="0" mb="0" cb="0"/><line nr="15" mi="3" ci="0" mb="0" cb="0"/><line nr="16" mi="3" ci="0" mb="0" cb="0"/><line nr="17" mi="3" ci="0" mb="0" cb="0"/><line nr="18" mi="1" ci="0" mb="0" cb="0"/><line nr="20" mi="3" ci="0" mb="0" cb="0"/><line nr="21" mi="1" ci="0" mb="0" cb="0"/><line nr="23" mi="2" ci="0" mb="0" cb="0"/><line nr="27" mi="4" ci="0" mb="0" cb="0"/><line nr="28" mi="1" ci="0" mb="0" cb="0"/><line nr="31" mi="2" ci="0" mb="0" cb="0"/><line nr="35" mi="4" ci="0" mb="0" cb="0"/><line nr="38" mi="3" ci="0" mb="0" cb="0"/><line nr="39" mi="1" ci="0" mb="0" cb="0"/><line nr="41" mi="3" ci="0" mb="0" cb="0"/><line nr="42" mi="1" ci="0" mb="0" cb="0"/><line nr="45" mi="3" ci="0" mb="0" cb="0"/><line nr="46" mi="1" ci="0" mb="0" cb="0"/><line nr="49" mi="4" ci="0" mb="0" cb="0"/><line nr="50" mi="1" ci="0" mb="0" cb="0"/><counter type="INSTRUCTION" missed="70" covered="0"/><counter type="LINE" missed="26" covered="0"/><counter type="COMPLEXITY" missed="10" covered="0"/><counter type="METHOD" missed="10" covered="0"/><counter type="CLASS" missed="1" covered="0"/></sourcefile><sourcefile name="BoardPanel.java"><line nr="43" mi="12" ci="0" mb="0" cb="0"/><line nr="44" mi="12" ci="0" mb="0" cb="0"/><line nr="45" mi="12" ci="0" mb="0" cb="0"/><line nr="47" mi="2" ci="0" mb="0" cb="0"/><line nr="49" mi="2" ci="0" mb="0" cb="0"/><line nr="50" mi="2" ci="0" mb="0" cb="0"/><line nr="51" mi="2" ci="0" mb="0" cb="0"/><line nr="52" mi="3" ci="0" mb="0" cb="0"/><line nr="53" mi="3" ci="0" mb="0" cb="0"/><line nr="54" mi="3" ci="0" mb="0" cb="0"/><line nr="55" mi="8" ci="0" mb="0" cb="0"/><line nr="56" mi="4" ci="0" mb="0" cb="0"/><line nr="57" mi="8" ci="0" mb="0" cb="0"/><line nr="58" mi="4" ci="0" mb="0" cb="0"/><line nr="59" mi="8" ci="0" mb="0" cb="0"/><line nr="60" mi="4" ci="0" mb="0" cb="0"/><line nr="61" mi="8" ci="0" mb="0" cb="0"/><line nr="62" mi="4" ci="0" mb="0" cb="0"/><line nr="63" mi="8" ci="0" mb="0" cb="0"/><line nr="64" mi="4" ci="0" mb="0" cb="0"/><line nr="66" mi="6" ci="0" mb="0" cb="0"/><line nr="67" mi="3" ci="0" mb="0" cb="0"/><line nr="68" mi="7" ci="0" mb="0" cb="0"/><line nr="69" mi="4" ci="0" mb="0" cb="0"/><line nr="70" mi="4" ci="0" mb="0" cb="0"/><line nr="71" mi="5" ci="0" mb="0" cb="0"/><line nr="72" mi="13" ci="0" mb="0" cb="0"/><line nr="75" mi="2" ci="0" mb="0" cb="0"/><line nr="76" mi="2" ci="0" mb="0" cb="0"/><line nr="77" mi="1" ci="0" mb="0" cb="0"/><line nr="79" mi="5" ci="0" mb="0" cb="0"/><line nr="81" mi="6" ci="0" mb="0" cb="0"/><line nr="82" mi="7" ci="0" mb="0" cb="0"/><line nr="83" mi="4" ci="0" mb="0" cb="0"/><line nr="84" mi="9" ci="0" mb="0" cb="0"/><line nr="85" mi="4" ci="0" mb="0" cb="0"/><line nr="86" mi="4" ci="0" mb="0" cb="0"/><line nr="87" mi="4" ci="0" mb="0" cb="0"/><line nr="88" mi="4" ci="0" mb="0" cb="0"/><line nr="89" mi="17" ci="0" mb="0" cb="0"/><line nr="92" mi="2" ci="0" mb="0" cb="0"/><line nr="93" mi="2" ci="0" mb="0" cb="0"/><line nr="94" mi="3" ci="0" mb="0" cb="0"/><line nr="95" mi="1" ci="0" mb="0" cb="0"/><line nr="97" mi="5" ci="0" mb="0" cb="0"/><line nr="99" mi="6" ci="0" mb="0" cb="0"/><line nr="100" mi="6" ci="0" mb="0" cb="0"/><line nr="101" mi="4" ci="0" mb="0" cb="0"/><line nr="102" mi="4" ci="0" mb="0" cb="0"/><line nr="103" mi="4" ci="0" mb="0" cb="0"/><line nr="105" mi="7" ci="0" mb="0" cb="0"/><line nr="106" mi="7" ci="0" mb="0" cb="0"/><line nr="107" mi="4" ci="0" mb="0" cb="0"/><line nr="108" mi="4" ci="0" mb="0" cb="0"/><line nr="109" mi="4" ci="0" mb="0" cb="0"/><line nr="110" mi="4" ci="0" mb="0" cb="0"/><line nr="111" mi="4" ci="0" mb="0" cb="0"/><line nr="113" mi="13" ci="0" mb="0" cb="0"/><line nr="116" mi="5" ci="0" mb="2" cb="0"/><line nr="117" mi="2" ci="0" mb="0" cb="0"/><line nr="118" mi="4" ci="0" mb="0" cb="0"/><line nr="120" mi="1" ci="0" mb="0" cb="0"/><line nr="123" mi="13" ci="0" mb="0" cb="0"/><line nr="126" mi="5" ci="0" mb="2" cb="0"/><line nr="127" mi="2" ci="0" mb="0" cb="0"/><line nr="128" mi="4" ci="0" mb="0" cb="0"/><line nr="129" mi="1" ci="0" mb="0" cb="0"/><line nr="132" mi="5" ci="0" mb="0" cb="0"/><line nr="133" mi="5" ci="0" mb="0" cb="0"/><line nr="135" mi="8" ci="0" mb="0" cb="0"/><line nr="136" mi="8" ci="0" mb="0" cb="0"/><line nr="137" mi="8" ci="0" mb="0" cb="0"/><line nr="138" mi="8" ci="0" mb="0" cb="0"/><line nr="139" mi="6" ci="0" mb="0" cb="0"/><line nr="140" mi="9" ci="0" mb="0" cb="0"/><line nr="141" mi="9" ci="0" mb="0" cb="0"/><line nr="142" mi="9" ci="0" mb="0" cb="0"/><line nr="143" mi="9" ci="0" mb="0" cb="0"/><line nr="144" mi="9" ci="0" mb="0" cb="0"/><line nr="145" mi="4" ci="0" mb="0" cb="0"/><line nr="146" mi="4" ci="0" mb="0" cb="0"/><line nr="147" mi="4" ci="0" mb="0" cb="0"/><line nr="148" mi="4" ci="0" mb="0" cb="0"/><line nr="149" mi="4" ci="0" mb="0" cb="0"/><line nr="150" mi="7" ci="0" mb="0" cb="0"/><line nr="151" mi="7" ci="0" mb="0" cb="0"/><line nr="152" mi="7" ci="0" mb="0" cb="0"/><line nr="153" mi="7" ci="0" mb="0" cb="0"/><line nr="154" mi="7" ci="0" mb="0" cb="0"/><line nr="155" mi="5" ci="0" mb="0" cb="0"/><line nr="156" mi="5" ci="0" mb="0" cb="0"/><line nr="157" mi="5" ci="0" mb="0" cb="0"/><line nr="158" mi="5" ci="0" mb="0" cb="0"/><line nr="159" mi="5" ci="0" mb="0" cb="0"/><line nr="161" mi="2" ci="0" mb="0" cb="0"/><line nr="163" mi="16" ci="0" mb="0" cb="0"/><line nr="166" mi="19" ci="0" mb="10" cb="0"/><line nr="167" mi="4" ci="0" mb="2" cb="0"/><line nr="169" mi="2" ci="0" mb="2" cb="0"/><line nr="170" mi="3" ci="0" mb="0" cb="0"/><line nr="172" mi="2" ci="0" mb="0" cb="0"/><line nr="173" mi="8" ci="0" mb="4" cb="0"/><line nr="174" mi="15" ci="0" mb="2" cb="0"/><line nr="175" mi="8" ci="0" mb="0" cb="0"/><line nr="176" mi="8" ci="0" mb="0" cb="0"/><line nr="177" mi="5" ci="0" mb="0" cb="0"/><line nr="180" mi="3" ci="0" mb="0" cb="0"/><line nr="181" mi="15" ci="0" mb="2" cb="0"/><line nr="184" mi="8" ci="0" mb="4" cb="0"/><line nr="185" mi="18" ci="0" mb="4" cb="0"/><line nr="186" mi="5" ci="0" mb="0" cb="0"/><line nr="188" mi="21" ci="0" mb="2" cb="0"/><line nr="189" mi="15" ci="0" mb="2" cb="0"/><line nr="190" mi="9" ci="0" mb="2" cb="0"/><line nr="191" mi="8" ci="0" mb="0" cb="0"/><line nr="192" mi="8" ci="0" mb="0" cb="0"/><line nr="193" mi="5" ci="0" mb="0" cb="0"/><line nr="196" mi="3" ci="0" mb="0" cb="0"/><line nr="197" mi="2" ci="0" mb="0" cb="0"/><line nr="200" mi="26" ci="0" mb="8" cb="0"/><line nr="201" mi="16" ci="0" mb="2" cb="0"/><line nr="202" mi="30" ci="0" mb="6" cb="0"/><line nr="204" mi="16" ci="0" mb="0" cb="0"/><line nr="205" mi="3" ci="0" mb="2" cb="0"/><line nr="206" mi="4" ci="0" mb="0" cb="0"/><line nr="208" mi="3" ci="0" mb="2" cb="0"/><line nr="209" mi="3" ci="0" mb="0" cb="0"/><line nr="211" mi="5" ci="0" mb="2" cb="0"/><line nr="212" mi="5" ci="0" mb="0" cb="0"/><line nr="214" mi="5" ci="0" mb="0" cb="0"/><line nr="219" mi="2" ci="0" mb="0" cb="0"/><line nr="220" mi="2" ci="0" mb="0" cb="0"/><line nr="223" mi="8" ci="0" mb="0" cb="0"/><line nr="225" mi="2" ci="0" mb="0" cb="0"/><line nr="226" mi="1" ci="0" mb="0" cb="0"/><line nr="228" mi="4" ci="0" mb="0" cb="0"/><line nr="229" mi="4" ci="0" mb="0" cb="0"/><line nr="233" mi="1" ci="0" mb="0" cb="0"/><line nr="236" mi="1" ci="0" mb="0" cb="0"/><line nr="239" mi="3" ci="0" mb="0" cb="0"/><line nr="241" mi="2" ci="0" mb="2" cb="0"/><line nr="242" mi="8" ci="0" mb="0" cb="0"/><line nr="243" mi="4" ci="0" mb="0" cb="0"/><line nr="244" mi="4" ci="0" mb="0" cb="0"/><line nr="245" mi="4" ci="0" mb="0" cb="0"/><line nr="246" mi="4" ci="0" mb="0" cb="0"/><line nr="247" mi="4" ci="0" mb="0" cb="0"/><line nr="248" mi="4" ci="0" mb="0" cb="0"/><line nr="249" mi="4" ci="0" mb="0" cb="0"/><line nr="250" mi="4" ci="0" mb="0" cb="0"/><line nr="251" mi="4" ci="0" mb="0" cb="0"/><line nr="252" mi="5" ci="0" mb="0" cb="0"/><line nr="254" mi="4" ci="0" mb="0" cb="0"/><line nr="255" mi="4" ci="0" mb="0" cb="0"/><line nr="256" mi="4" ci="0" mb="0" cb="0"/><line nr="257" mi="4" ci="0" mb="0" cb="0"/><line nr="258" mi="4" ci="0" mb="0" cb="0"/><line nr="259" mi="4" ci="0" mb="0" cb="0"/><line nr="260" mi="4" ci="0" mb="0" cb="0"/><line nr="261" mi="4" ci="0" mb="0" cb="0"/><line nr="262" mi="8" ci="0" mb="0" cb="0"/><line nr="263" mi="2" ci="0" mb="0" cb="0"/><line nr="265" mi="8" ci="0" mb="2" cb="0"/><line nr="267" mi="20" ci="0" mb="0" cb="0"/><line nr="269" mi="6" ci="0" mb="2" cb="0"/><line nr="270" mi="20" ci="0" mb="0" cb="0"/><line nr="274" mi="8" ci="0" mb="2" cb="0"/><line nr="276" mi="20" ci="0" mb="0" cb="0"/><line nr="278" mi="6" ci="0" mb="2" cb="0"/><line nr="279" mi="20" ci="0" mb="0" cb="0"/><line nr="282" mi="3" ci="0" mb="0" cb="0"/><line nr="284" mi="3" ci="0" mb="2" cb="0"/><line nr="285" mi="13" ci="0" mb="0" cb="0"/><line nr="286" mi="7" ci="0" mb="0" cb="0"/><line nr="287" mi="15" ci="0" mb="0" cb="0"/><line nr="288" mi="9" ci="0" mb="0" cb="0"/><line nr="289" mi="13" ci="0" mb="0" cb="0"/><line nr="290" mi="7" ci="0" mb="0" cb="0"/><line nr="291" mi="15" ci="0" mb="0" cb="0"/><line nr="292" mi="9" ci="0" mb="0" cb="0"/><line nr="295" mi="3" ci="0" mb="2" cb="0"/><line nr="296" mi="13" ci="0" mb="0" cb="0"/><line nr="297" mi="7" ci="0" mb="0" cb="0"/><line nr="298" mi="15" ci="0" mb="0" cb="0"/><line nr="299" mi="9" ci="0" mb="0" cb="0"/><line nr="300" mi="13" ci="0" mb="0" cb="0"/><line nr="301" mi="7" ci="0" mb="0" cb="0"/><line nr="302" mi="15" ci="0" mb="0" cb="0"/><line nr="303" mi="9" ci="0" mb="0" cb="0"/><line nr="306" mi="6" ci="0" mb="0" cb="0"/><line nr="307" mi="6" ci="0" mb="0" cb="0"/><line nr="308" mi="6" ci="0" mb="0" cb="0"/><line nr="309" mi="6" ci="0" mb="0" cb="0"/><line nr="311" mi="3" ci="0" mb="2" cb="0"/><line nr="312" mi="4" ci="0" mb="0" cb="0"/><line nr="313" mi="3" ci="0" mb="2" cb="0"/><line nr="314" mi="3" ci="0" mb="2" cb="0"/><line nr="315" mi="5" ci="0" mb="0" cb="0"/><line nr="318" mi="5" ci="0" mb="0" cb="0"/><line nr="321" mi="3" ci="0" mb="2" cb="0"/><line nr="322" mi="3" ci="0" mb="2" cb="0"/><line nr="323" mi="5" ci="0" mb="0" cb="0"/><line nr="326" mi="4" ci="0" mb="0" cb="0"/><line nr="329" mi="4" ci="0" mb="0" cb="0"/><line nr="334" mi="3" ci="0" mb="0" cb="0"/><line nr="335" mi="1" ci="0" mb="0" cb="0"/><line nr="338" mi="6" ci="0" mb="0" cb="0"/><line nr="343" mi="6" ci="0" mb="0" cb="0"/><line nr="347" mi="6" ci="0" mb="0" cb="0"/><line nr="351" mi="6" ci="0" mb="0" cb="0"/><line nr="356" mi="3" ci="0" mb="0" cb="0"/><line nr="357" mi="3" ci="0" mb="0" cb="0"/><line nr="358" mi="4" ci="0" mb="0" cb="0"/><line nr="359" mi="4" ci="0" mb="0" cb="0"/><line nr="361" mi="9" ci="0" mb="2" cb="0"/><line nr="362" mi="9" ci="0" mb="2" cb="0"/><line nr="363" mi="6" ci="0" mb="0" cb="0"/><line nr="364" mi="7" ci="0" mb="2" cb="0"/><line nr="365" mi="3" ci="0" mb="0" cb="0"/><line nr="366" mi="7" ci="0" mb="2" cb="0"/><line nr="367" mi="3" ci="0" mb="0" cb="0"/><line nr="369" mi="11" ci="0" mb="0" cb="0"/><line nr="371" mi="7" ci="0" mb="2" cb="0"/><line nr="372" mi="3" ci="0" mb="0" cb="0"/><line nr="373" mi="7" ci="0" mb="2" cb="0"/><line nr="374" mi="3" ci="0" mb="0" cb="0"/><line nr="376" mi="11" ci="0" mb="0" cb="0"/><line nr="380" mi="1" ci="0" mb="0" cb="0"/><line nr="383" mi="2" ci="0" mb="0" cb="0"/><line nr="387" mi="2" ci="0" mb="0" cb="0"/><line nr="388" mi="1" ci="0" mb="0" cb="0"/><line nr="391" mi="2" ci="0" mb="2" cb="0"/><line nr="392" mi="2" ci="0" mb="0" cb="0"/><line nr="393" mi="3" ci="0" mb="2" cb="0"/><line nr="394" mi="2" ci="0" mb="0" cb="0"/><line nr="395" mi="2" ci="0" mb="0" cb="0"/><line nr="399" mi="3" ci="0" mb="2" cb="0"/><line nr="400" mi="2" ci="0" mb="0" cb="0"/><line nr="402" mi="2" ci="0" mb="0" cb="0"/><line nr="405" mi="3" ci="0" mb="0" cb="0"/><line nr="406" mi="1" ci="0" mb="0" cb="0"/><line nr="409" mi="6" ci="0" mb="0" cb="0"/><line nr="410" mi="1" ci="0" mb="0" cb="0"/><line nr="413" mi="6" ci="0" mb="0" cb="0"/><line nr="414" mi="1" ci="0" mb="0" cb="0"/><line nr="417" mi="2" ci="0" mb="0" cb="0"/><line nr="418" mi="12" ci="0" mb="2" cb="0"/><line nr="419" mi="3" ci="0" mb="2" cb="0"/><line nr="420" mi="1" ci="0" mb="0" cb="0"/><line nr="422" mi="1" ci="0" mb="0" cb="0"/><line nr="423" mi="2" ci="0" mb="0" cb="0"/><line nr="426" mi="2" ci="0" mb="0" cb="0"/><line nr="427" mi="12" ci="0" mb="2" cb="0"/><line nr="428" mi="3" ci="0" mb="2" cb="0"/><line nr="429" mi="1" ci="0" mb="0" cb="0"/><line nr="430" mi="1" ci="0" mb="0" cb="0"/><line nr="431" mi="2" ci="0" mb="0" cb="0"/><line nr="435" mi="3" ci="0" mb="0" cb="0"/><line nr="436" mi="1" ci="0" mb="0" cb="0"/><counter type="INSTRUCTION" missed="1542" covered="0"/><counter type="BRANCH" missed="112" covered="0"/><counter type="LINE" missed="259" covered="0"/><counter type="COMPLEXITY" missed="83" covered="0"/><counter type="METHOD" missed="27" covered="0"/><counter type="CLASS" missed="6" covered="0"/></sourcefile><counter type="INSTRUCTION" missed="1612" covered="0"/><counter type="BRANCH" missed="112" covered="0"/><counter type="LINE" missed="285" covered="0"/><counter type="COMPLEXITY" missed="93" covered="0"/><counter type="METHOD" missed="37" covered="0"/><counter type="CLASS" missed="7" covered="0"/></package><counter type="INSTRUCTION" missed="6245" covered="493"/><counter type="BRANCH" missed="731" covered="67"/><counter type="LINE" missed="1053" covered="98"/><counter type="COMPLEXITY" missed="478" covered="34"/><counter type="METHOD" missed="101" covered="12"/><counter type="CLASS" missed="11" covered="2"/></report>