<?xml version="1.0" encoding="UTF-8" standalone="yes"?><!DOCTYPE report PUBLIC "-//JACOCO//DTD Report 1.0//EN" "report.dtd"><report name="CheckersGame"><sessioninfo id="Dinu-laptop-b302605c" start="1427815119306" dump="1427815121330"/><sessioninfo id="Hashini-Aspire-2131f4bb" start="1428149090160" dump="1428149091871"/><sessioninfo id="Hashini-Aspire-7c6332d1" start="1428150320038" dump="1428150322531"/><sessioninfo id="Hashini-Aspire-a3f46d2c" start="1428150443003" dump="1428150444363"/><sessioninfo id="Hashini-Aspire-714a7f0c" start="1428150456810" dump="1428150457979"/><sessioninfo id="Hashini-Aspire-a540390b" start="1428150560054" dump="1428150561470"/><sessioninfo id="Hashini-Aspire-fc1d5884" start="1428150588383" dump="1428150589687"/><sessioninfo id="Hashini-Aspire-f6500972" start="1428150606759" dump="1428150608002"/><sessioninfo id="Hashini-Aspire-8dc49b8d" start="1428150652556" dump="1428150653899"/><sessioninfo id="Hashini-Aspire-adea1533" start="1428150719857" dump="1428150721106"/><sessioninfo id="Hashini-Aspire-7382afa1" start="1428150910727" dump="1428150911899"/><sessioninfo id="Hashini-Aspire-6e4ddf8b" start="1428150982483" dump="1428150983671"/><sessioninfo id="Hashini-Aspire-f4b7c91f" start="1428151198240" dump="1428151199431"/><sessioninfo id="Hashini-Aspire-7c8f0b10" start="1428151410011" dump="1428151411355"/><sessioninfo id="Hashini-Aspire-143f3e6d" start="1428152030175" dump="1428152031487"/><sessioninfo id="Hashini-Aspire-fd9d8a31" start="1428152047287" dump="1428152048613"/><package name="com/checkers/Logic"><class name="com/checkers/Logic/HeuristicUtil"><method name="&lt;init&gt;" desc="()V" line="15"><counter type="INSTRUCTION" missed="3" covered="0"/><counter type="LINE" missed="1" covered="0"/><counter type="COMPLEXITY" missed="1" covered="0"/><counter type="METHOD" missed="1" covered="0"/></method><method name="populateList" desc="()V" line="24"><counter type="INSTRUCTION" missed="0" covered="50"/><counter type="BRANCH" missed="0" covered="8"/><counter type="LINE" missed="0" covered="9"/><counter type="COMPLEXITY" missed="0" covered="5"/><counter type="METHOD" missed="0" covered="1"/></method><method name="calcHeuristicValue" desc="([[CC)I" line="38"><counter type="INSTRUCTION" missed="83" covered="37"/><counter type="BRANCH" missed="10" covered="2"/><counter type="LINE" missed="15" covered="11"/><counter type="COMPLEXITY" missed="6" covered="1"/><counter type="METHOD" missed="0" covered="1"/></method><method name="calcHeuristicValueEnding" desc="([[CC)I" line="76"><counter type="INSTRUCTION" missed="39" covered="0"/><counter type="BRANCH" missed="4" covered="0"/><counter type="LINE" missed="10" covered="0"/><counter type="COMPLEXITY" missed="3" covered="0"/><counter type="METHOD" missed="1" covered="0"/></method><method name="calcBoardHeuristicValue3" desc="()Ljava/util/HashMap;" line="90"><counter type="INSTRUCTION" missed="18" covered="98"/><counter type="BRANCH" missed="2" covered="18"/><counter type="LINE" missed="2" covered="18"/><counter type="COMPLEXITY" missed="2" covered="9"/><counter type="METHOD" missed="0" covered="1"/></method><method name="calcBoardHeuristicValue2" desc="()Ljava/util/HashMap;" line="124"><counter type="INSTRUCTION" missed="98" covered="0"/><counter type="BRANCH" missed="24" covered="0"/><counter type="LINE" missed="24" covered="0"/><counter type="COMPLEXITY" missed="13" covered="0"/><counter type="METHOD" missed="1" covered="0"/></method><method name="calcBoardHeuristicValue4" desc="()Ljava/util/HashMap;" line="168"><counter type="INSTRUCTION" missed="52" covered="0"/><counter type="LINE" missed="8" covered="0"/><counter type="COMPLEXITY" missed="1" covered="0"/><counter type="METHOD" missed="1" covered="0"/></method><method name="calcBoardHeuristicValueEnding1" desc="()Ljava/util/HashMap;" line="180"><counter type="INSTRUCTION" missed="150" covered="0"/><counter type="BRANCH" missed="20" covered="0"/><counter type="LINE" missed="22" covered="0"/><counter type="COMPLEXITY" missed="11" covered="0"/><counter type="METHOD" missed="1" covered="0"/></method><method name="calcBoardHeuristicValueEnding2" desc="()Ljava/util/HashMap;" line="216"><counter type="INSTRUCTION" missed="174" covered="0"/><counter type="BRANCH" missed="24" covered="0"/><counter type="LINE" missed="32" covered="0"/><counter type="COMPLEXITY" missed="13" covered="0"/><counter type="METHOD" missed="1" covered="0"/></method><method name="isUsedByNormalPiece" desc="(CII)Z" line="262"><counter type="INSTRUCTION" missed="0" covered="12"/><counter type="BRANCH" missed="0" covered="2"/><counter type="LINE" missed="0" covered="3"/><counter type="COMPLEXITY" missed="0" covered="2"/><counter type="METHOD" missed="0" covered="1"/></method><method name="isUsedByQueen" desc="(CII)Z" line="269"><counter type="INSTRUCTION" missed="0" covered="12"/><counter type="BRANCH" missed="0" covered="2"/><counter type="LINE" missed="0" covered="3"/><counter type="COMPLEXITY" missed="0" covered="2"/><counter type="METHOD" missed="0" covered="1"/></method><method name="isUsed" desc="(CII)Z" line="275"><counter type="INSTRUCTION" missed="0" covered="20"/><counter type="BRANCH" missed="1" covered="3"/><counter type="LINE" missed="0" covered="3"/><counter type="COMPLEXITY" missed="1" covered="2"/><counter type="METHOD" missed="0" covered="1"/></method><method name="pieceCount" desc="(C)I" line="281"><counter type="INSTRUCTION" missed="0" covered="30"/><counter type="BRANCH" missed="0" covered="8"/><counter type="LINE" missed="0" covered="7"/><counter type="COMPLEXITY" missed="0" covered="5"/><counter type="METHOD" missed="0" covered="1"/></method><method name="isOnlyKings" desc="()Z" line="294"><counter type="INSTRUCTION" missed="4" covered="30"/><counter type="BRANCH" missed="2" covered="8"/><counter type="LINE" missed="1" covered="5"/><counter type="COMPLEXITY" missed="2" covered="4"/><counter type="METHOD" missed="0" covered="1"/></method><method name="setboard" desc="([[C)V" line="307"><counter type="INSTRUCTION" missed="0" covered="3"/><counter type="LINE" missed="0" covered="2"/><counter type="COMPLEXITY" missed="0" covered="1"/><counter type="METHOD" missed="0" covered="1"/></method><method name="&lt;clinit&gt;" desc="()V" line="17"><counter type="INSTRUCTION" missed="0" covered="11"/><counter type="LINE" missed="0" covered="2"/><counter type="COMPLEXITY" missed="0" covered="1"/><counter type="METHOD" missed="0" covered="1"/></method><counter type="INSTRUCTION" missed="621" covered="303"/><counter type="BRANCH" missed="87" covered="51"/><counter type="LINE" missed="115" covered="63"/><counter type="COMPLEXITY" missed="53" covered="32"/><counter type="METHOD" missed="6" covered="10"/><counter type="CLASS" missed="0" covered="1"/></class><class name="com/checkers/Logic/CheckerBoard"><method name="&lt;init&gt;" desc="(I)V" line="21"><counter type="INSTRUCTION" missed="0" covered="180"/><counter type="BRANCH" missed="0" covered="18"/><counter type="LINE" missed="0" covered="36"/><counter type="COMPLEXITY" missed="0" covered="10"/><counter type="METHOD" missed="0" covered="1"/></method><method name="printBoard" desc="()V" line="74"><counter type="INSTRUCTION" missed="0" covered="59"/><counter type="BRANCH" missed="0" covered="6"/><counter type="LINE" missed="0" covered="9"/><counter type="COMPLEXITY" missed="0" covered="4"/><counter type="METHOD" missed="0" covered="1"/></method><method name="setCheckersBoard" desc="([[C)V" line="89"><counter type="INSTRUCTION" missed="0" covered="4"/><counter type="LINE" missed="0" covered="2"/><counter type="COMPLEXITY" missed="0" covered="1"/><counter type="METHOD" missed="0" covered="1"/></method><method name="movePiece" desc="(IIII)Z" line="93"><counter type="INSTRUCTION" missed="0" covered="151"/><counter type="BRANCH" missed="0" covered="14"/><counter type="LINE" missed="0" covered="22"/><counter type="COMPLEXITY" missed="0" covered="8"/><counter type="METHOD" missed="0" covered="1"/></method><method name="isMoveable" desc="(IIII)Z" line="124"><counter type="INSTRUCTION" missed="0" covered="170"/><counter type="BRANCH" missed="0" covered="40"/><counter type="LINE" missed="0" covered="29"/><counter type="COMPLEXITY" missed="0" covered="21"/><counter type="METHOD" missed="0" covered="1"/></method><method name="cutPiece" desc="(IIII)Z" line="204"><counter type="INSTRUCTION" missed="0" covered="463"/><counter type="BRANCH" missed="6" covered="44"/><counter type="LINE" missed="0" covered="69"/><counter type="COMPLEXITY" missed="6" covered="20"/><counter type="METHOD" missed="0" covered="1"/></method><method name="pieceCount" desc="(C)I" line="289"><counter type="INSTRUCTION" missed="0" covered="33"/><counter type="BRANCH" missed="0" covered="8"/><counter type="LINE" missed="0" covered="7"/><counter type="COMPLEXITY" missed="0" covered="5"/><counter type="METHOD" missed="0" covered="1"/></method><method name="isUsed" desc="(CII)Z" line="303"><counter type="INSTRUCTION" missed="0" covered="22"/><counter type="BRANCH" missed="0" covered="4"/><counter type="LINE" missed="0" covered="3"/><counter type="COMPLEXITY" missed="0" covered="3"/><counter type="METHOD" missed="0" covered="1"/></method><method name="isUsedByNormalPiece" desc="(CII)Z" line="310"><counter type="INSTRUCTION" missed="0" covered="13"/><counter type="BRANCH" missed="0" covered="2"/><counter type="LINE" missed="0" covered="3"/><counter type="COMPLEXITY" missed="0" covered="2"/><counter type="METHOD" missed="0" covered="1"/></method><method name="isUsedByQueen" desc="(CII)Z" line="317"><counter type="INSTRUCTION" missed="0" covered="13"/><counter type="BRANCH" missed="0" covered="2"/><counter type="LINE" missed="0" covered="3"/><counter type="COMPLEXITY" missed="0" covered="2"/><counter type="METHOD" missed="0" covered="1"/></method><method name="getSize" desc="()I" line="324"><counter type="INSTRUCTION" missed="0" covered="3"/><counter type="LINE" missed="0" covered="1"/><counter type="COMPLEXITY" missed="0" covered="1"/><counter type="METHOD" missed="0" covered="1"/></method><method name="getTypeRList" desc="()Ljava/util/List;" line="328"><counter type="INSTRUCTION" missed="0" covered="3"/><counter type="LINE" missed="0" covered="1"/><counter type="COMPLEXITY" missed="0" covered="1"/><counter type="METHOD" missed="0" covered="1"/></method><method name="getTypeBList" desc="()Ljava/util/List;" line="332"><counter type="INSTRUCTION" missed="0" covered="3"/><counter type="LINE" missed="0" covered="1"/><counter type="COMPLEXITY" missed="0" covered="1"/><counter type="METHOD" missed="0" covered="1"/></method><method name="calcHeuristicValue" desc="(C)I" line="336"><counter type="INSTRUCTION" missed="41" covered="0"/><counter type="BRANCH" missed="4" covered="0"/><counter type="LINE" missed="8" covered="0"/><counter type="COMPLEXITY" missed="3" covered="0"/><counter type="METHOD" missed="1" covered="0"/></method><method name="calcHeuristicValueEnding" desc="(C)I" line="348"><counter type="INSTRUCTION" missed="41" covered="0"/><counter type="BRANCH" missed="4" covered="0"/><counter type="LINE" missed="8" covered="0"/><counter type="COMPLEXITY" missed="3" covered="0"/><counter type="METHOD" missed="1" covered="0"/></method><method name="calcBoardHeuristicValue3" desc="()Ljava/util/HashMap;" line="360"><counter type="INSTRUCTION" missed="130" covered="0"/><counter type="BRANCH" missed="20" covered="0"/><counter type="LINE" missed="20" covered="0"/><counter type="COMPLEXITY" missed="11" covered="0"/><counter type="METHOD" missed="1" covered="0"/></method><method name="calcBoardHeuristicValue2" desc="()Ljava/util/HashMap;" line="394"><counter type="INSTRUCTION" missed="112" covered="0"/><counter type="BRANCH" missed="24" covered="0"/><counter type="LINE" missed="24" covered="0"/><counter type="COMPLEXITY" missed="13" covered="0"/><counter type="METHOD" missed="1" covered="0"/></method><method name="calcBoardHeuristicValue4" desc="()Ljava/util/HashMap;" line="438"><counter type="INSTRUCTION" missed="61" covered="0"/><counter type="LINE" missed="8" covered="0"/><counter type="COMPLEXITY" missed="1" covered="0"/><counter type="METHOD" missed="1" covered="0"/></method><method name="calcBoardHeuristicValueEnding1" desc="()Ljava/util/HashMap;" line="450"><counter type="INSTRUCTION" missed="162" covered="0"/><counter type="BRANCH" missed="20" covered="0"/><counter type="LINE" missed="22" covered="0"/><counter type="COMPLEXITY" missed="11" covered="0"/><counter type="METHOD" missed="1" covered="0"/></method><method name="calcBoardHeuristicValueEnding2" desc="()Ljava/util/HashMap;" line="486"><counter type="INSTRUCTION" missed="188" covered="0"/><counter type="BRANCH" missed="24" covered="0"/><counter type="LINE" missed="32" covered="0"/><counter type="COMPLEXITY" missed="13" covered="0"/><counter type="METHOD" missed="1" covered="0"/></method><method name="getTypeR" desc="()C" line="533"><counter type="INSTRUCTION" missed="0" covered="3"/><counter type="LINE" missed="0" covered="1"/><counter type="COMPLEXITY" missed="0" covered="1"/><counter type="METHOD" missed="0" covered="1"/></method><method name="getTypeB" desc="()C" line="537"><counter type="INSTRUCTION" missed="0" covered="3"/><counter type="LINE" missed="0" covered="1"/><counter type="COMPLEXITY" missed="0" covered="1"/><counter type="METHOD" missed="0" covered="1"/></method><method name="isMoveableByType" desc="(CIIII)Z" line="541"><counter type="INSTRUCTION" missed="19" covered="0"/><counter type="BRANCH" missed="2" covered="0"/><counter type="LINE" missed="3" covered="0"/><counter type="COMPLEXITY" missed="2" covered="0"/><counter type="METHOD" missed="1" covered="0"/></method><method name="movePieceByType" desc="(CIIII)Z" line="548"><counter type="INSTRUCTION" missed="17" covered="0"/><counter type="BRANCH" missed="2" covered="0"/><counter type="LINE" missed="3" covered="0"/><counter type="COMPLEXITY" missed="2" covered="0"/><counter type="METHOD" missed="1" covered="0"/></method><method name="hasMoves" desc="(II)Z" line="555"><counter type="INSTRUCTION" missed="0" covered="106"/><counter type="BRANCH" missed="0" covered="16"/><counter type="LINE" missed="0" covered="17"/><counter type="COMPLEXITY" missed="0" covered="9"/><counter type="METHOD" missed="0" covered="1"/></method><method name="hasMoves" desc="(C)Z" line="583"><counter type="INSTRUCTION" missed="0" covered="41"/><counter type="BRANCH" missed="0" covered="10"/><counter type="LINE" missed="0" covered="7"/><counter type="COMPLEXITY" missed="0" covered="6"/><counter type="METHOD" missed="0" covered="1"/></method><method name="move" desc="(IIII)Z" line="598"><counter type="INSTRUCTION" missed="2" covered="26"/><counter type="BRANCH" missed="1" covered="3"/><counter type="LINE" missed="1" covered="4"/><counter type="COMPLEXITY" missed="1" covered="2"/><counter type="METHOD" missed="0" covered="1"/></method><method name="hasCuts" desc="(II)Z" line="608"><counter type="INSTRUCTION" missed="4" covered="50"/><counter type="BRANCH" missed="2" covered="6"/><counter type="LINE" missed="2" covered="7"/><counter type="COMPLEXITY" missed="2" covered="3"/><counter type="METHOD" missed="0" covered="1"/></method><method name="hasCuts" desc="([[CII)Z" line="624"><counter type="INSTRUCTION" missed="0" covered="58"/><counter type="BRANCH" missed="0" covered="8"/><counter type="LINE" missed="0" covered="9"/><counter type="COMPLEXITY" missed="0" covered="5"/><counter type="METHOD" missed="0" covered="1"/></method><method name="hasMoreCuts" desc="(C)Z" line="640"><counter type="INSTRUCTION" missed="7" covered="6"/><counter type="BRANCH" missed="1" covered="1"/><counter type="LINE" missed="1" covered="2"/><counter type="COMPLEXITY" missed="1" covered="1"/><counter type="METHOD" missed="0" covered="1"/></method><method name="cutPieceByType" desc="(CIIII)Z" line="647"><counter type="INSTRUCTION" missed="0" covered="19"/><counter type="BRANCH" missed="0" covered="2"/><counter type="LINE" missed="0" covered="3"/><counter type="COMPLEXITY" missed="0" covered="2"/><counter type="METHOD" missed="0" covered="1"/></method><method name="canMove" desc="([[CIIII)Z" line="655"><counter type="INSTRUCTION" missed="0" covered="197"/><counter type="BRANCH" missed="4" covered="52"/><counter type="LINE" missed="0" covered="19"/><counter type="COMPLEXITY" missed="4" covered="25"/><counter type="METHOD" missed="0" covered="1"/></method><method name="getAllCaptures" desc="([[CCLcom/checkers/Logic/Chip;)Ljava/util/List;" line="691"><counter type="INSTRUCTION" missed="50" covered="293"/><counter type="BRANCH" missed="5" covered="21"/><counter type="LINE" missed="2" covered="22"/><counter type="COMPLEXITY" missed="5" covered="9"/><counter type="METHOD" missed="0" covered="1"/></method><method name="getAllNonCaptures" desc="([[CC)Ljava/util/List;" line="732"><counter type="INSTRUCTION" missed="0" covered="177"/><counter type="BRANCH" missed="0" covered="14"/><counter type="LINE" missed="0" covered="13"/><counter type="COMPLEXITY" missed="0" covered="8"/><counter type="METHOD" missed="0" covered="1"/></method><method name="cloneArray" desc="([[C)[[C" line="755"><counter type="INSTRUCTION" missed="0" covered="32"/><counter type="BRANCH" missed="0" covered="2"/><counter type="LINE" missed="0" covered="5"/><counter type="COMPLEXITY" missed="0" covered="2"/><counter type="METHOD" missed="0" covered="1"/></method><method name="getMoveFromMinMax" desc="(CLcom/checkers/Logic/Chip;)[I" line="766"><counter type="INSTRUCTION" missed="2" covered="133"/><counter type="BRANCH" missed="1" covered="15"/><counter type="LINE" missed="1" covered="31"/><counter type="COMPLEXITY" missed="1" covered="8"/><counter type="METHOD" missed="0" covered="1"/></method><method name="invertColour" desc="(C)C" line="815"><counter type="INSTRUCTION" missed="0" covered="8"/><counter type="BRANCH" missed="0" covered="2"/><counter type="LINE" missed="0" covered="1"/><counter type="COMPLEXITY" missed="0" covered="2"/><counter type="METHOD" missed="0" covered="1"/></method><method name="findValue" desc="(Lcom/checkers/Logic/Node;CZ)I" line="819"><counter type="INSTRUCTION" missed="6" covered="250"/><counter type="BRANCH" missed="4" covered="38"/><counter type="LINE" missed="1" covered="48"/><counter type="COMPLEXITY" missed="4" covered="18"/><counter type="METHOD" missed="0" covered="1"/></method><method name="calcHeuristic" desc="([[CC)I" line="898"><counter type="INSTRUCTION" missed="0" covered="4"/><counter type="LINE" missed="0" covered="1"/><counter type="COMPLEXITY" missed="0" covered="1"/><counter type="METHOD" missed="0" covered="1"/></method><method name="eval" desc="([[CC)I" line="909"><counter type="INSTRUCTION" missed="110" covered="0"/><counter type="BRANCH" missed="30" covered="0"/><counter type="LINE" missed="24" covered="0"/><counter type="COMPLEXITY" missed="16" covered="0"/><counter type="METHOD" missed="1" covered="0"/></method><method name="reset" desc="()V" line="947"><counter type="INSTRUCTION" missed="137" covered="0"/><counter type="BRANCH" missed="18" covered="0"/><counter type="LINE" missed="24" covered="0"/><counter type="COMPLEXITY" missed="10" covered="0"/><counter type="METHOD" missed="1" covered="0"/></method><method name="setLastCutPieceRow" desc="(I)V" line="989"><counter type="INSTRUCTION" missed="0" covered="4"/><counter type="LINE" missed="0" covered="2"/><counter type="COMPLEXITY" missed="0" covered="1"/><counter type="METHOD" missed="0" covered="1"/></method><method name="setLastCutPieceCol" desc="(I)V" line="993"><counter type="INSTRUCTION" missed="4" covered="0"/><counter type="LINE" missed="2" covered="0"/><counter type="COMPLEXITY" missed="1" covered="0"/><counter type="METHOD" missed="1" covered="0"/></method><method name="getLastCutPieceRow" desc="()I" line="997"><counter type="INSTRUCTION" missed="3" covered="0"/><counter type="LINE" missed="1" covered="0"/><counter type="COMPLEXITY" missed="1" covered="0"/><counter type="METHOD" missed="1" covered="0"/></method><method name="getLastCutPieceCol" desc="()I" line="1001"><counter type="INSTRUCTION" missed="3" covered="0"/><counter type="LINE" missed="1" covered="0"/><counter type="COMPLEXITY" missed="1" covered="0"/><counter type="METHOD" missed="1" covered="0"/></method><method name="removeFromTypeRList" desc="(II)V" line="1005"><counter type="INSTRUCTION" missed="0" covered="13"/><counter type="LINE" missed="0" covered="2"/><counter type="COMPLEXITY" missed="0" covered="1"/><counter type="METHOD" missed="0" covered="1"/></method><method name="removeFromTypeBList" desc="(II)V" line="1009"><counter type="INSTRUCTION" missed="0" covered="13"/><counter type="LINE" missed="0" covered="2"/><counter type="COMPLEXITY" missed="0" covered="1"/><counter type="METHOD" missed="0" covered="1"/></method><method name="addToTypeRList" desc="(II)V" line="1013"><counter type="INSTRUCTION" missed="0" covered="12"/><counter type="LINE" missed="0" covered="3"/><counter type="COMPLEXITY" missed="0" covered="1"/><counter type="METHOD" missed="0" covered="1"/></method><method name="clearTypeRList" desc="()V" line="1018"><counter type="INSTRUCTION" missed="0" covered="6"/><counter type="LINE" missed="0" covered="2"/><counter type="COMPLEXITY" missed="0" covered="1"/><counter type="METHOD" missed="0" covered="1"/></method><method name="clearTypeBList" desc="()V" line="1022"><counter type="INSTRUCTION" missed="0" covered="6"/><counter type="LINE" missed="0" covered="2"/><counter type="COMPLEXITY" missed="0" covered="1"/><counter type="METHOD" missed="0" covered="1"/></method><method name="addToTypeBList" desc="(II)V" line="1027"><counter type="INSTRUCTION" missed="0" covered="12"/><counter type="LINE" missed="0" covered="3"/><counter type="COMPLEXITY" missed="0" covered="1"/><counter type="METHOD" missed="0" covered="1"/></method><counter type="INSTRUCTION" missed="1099" covered="2589"/><counter type="BRANCH" missed="172" covered="328"/><counter type="LINE" missed="188" covered="393"/><counter type="COMPLEXITY" missed="112" covered="189"/><counter type="METHOD" missed="14" covered="37"/><counter type="CLASS" missed="0" covered="1"/></class><class name="com/checkers/Logic/GameEngine"><method name="&lt;init&gt;" desc="()V" line="23"><counter type="INSTRUCTION" missed="21" covered="0"/><counter type="LINE" missed="6" covered="0"/><counter type="COMPLEXITY" missed="1" covered="0"/><counter type="METHOD" missed="1" covered="0"/></method><method name="redrawGUI" desc="()V" line="80"><counter type="INSTRUCTION" missed="58" covered="0"/><counter type="LINE" missed="9" covered="0"/><counter type="COMPLEXITY" missed="1" covered="0"/><counter type="METHOD" missed="1" covered="0"/></method><method name="waitUntilGamestated" desc="()V" line="91"><counter type="INSTRUCTION" missed="19" covered="0"/><counter type="BRANCH" missed="2" covered="0"/><counter type="LINE" missed="6" covered="0"/><counter type="COMPLEXITY" missed="2" covered="0"/><counter type="METHOD" missed="1" covered="0"/></method><method name="process" desc="()V" line="100"><counter type="INSTRUCTION" missed="147" covered="0"/><counter type="BRANCH" missed="16" covered="0"/><counter type="LINE" missed="42" covered="0"/><counter type="COMPLEXITY" missed="9" covered="0"/><counter type="METHOD" missed="1" covered="0"/></method><method name="takeMove" desc="(C)V" line="174"><counter type="INSTRUCTION" missed="184" covered="0"/><counter type="BRANCH" missed="18" covered="0"/><counter type="LINE" missed="22" covered="0"/><counter type="COMPLEXITY" missed="10" covered="0"/><counter type="METHOD" missed="1" covered="0"/></method><method name="waitForUserMove" desc="()V" line="215"><counter type="INSTRUCTION" missed="12" covered="0"/><counter type="BRANCH" missed="4" covered="0"/><counter type="LINE" missed="5" covered="0"/><counter type="COMPLEXITY" missed="3" covered="0"/><counter type="METHOD" missed="1" covered="0"/></method><counter type="INSTRUCTION" missed="441" covered="0"/><counter type="BRANCH" missed="40" covered="0"/><counter type="LINE" missed="90" covered="0"/><counter type="COMPLEXITY" missed="26" covered="0"/><counter type="METHOD" missed="6" covered="0"/><counter type="CLASS" missed="1" covered="0"/></class><class name="com/checkers/Logic/Node"><method name="&lt;init&gt;" desc="(I[[C)V" line="1037"><counter type="INSTRUCTION" missed="0" covered="9"/><counter type="LINE" missed="0" covered="4"/><counter type="COMPLEXITY" missed="0" covered="1"/><counter type="METHOD" missed="0" covered="1"/></method><method name="makeMove" desc="([I)V" line="1045"><counter type="INSTRUCTION" missed="0" covered="67"/><counter type="BRANCH" missed="0" covered="2"/><counter type="LINE" missed="0" covered="6"/><counter type="COMPLEXITY" missed="0" covered="2"/><counter type="METHOD" missed="0" covered="1"/></method><counter type="INSTRUCTION" missed="0" covered="76"/><counter type="BRANCH" missed="0" covered="2"/><counter type="LINE" missed="0" covered="10"/><counter type="COMPLEXITY" missed="0" covered="3"/><counter type="METHOD" missed="0" covered="2"/><counter type="CLASS" missed="0" covered="1"/></class><class name="com/checkers/Logic/ISProject"><method name="&lt;init&gt;" desc="()V" line="11"><counter type="INSTRUCTION" missed="3" covered="0"/><counter type="LINE" missed="1" covered="0"/><counter type="COMPLEXITY" missed="1" covered="0"/><counter type="METHOD" missed="1" covered="0"/></method><method name="main" desc="([Ljava/lang/String;)V" line="18"><counter type="INSTRUCTION" missed="5" covered="0"/><counter type="LINE" missed="2" covered="0"/><counter type="COMPLEXITY" missed="1" covered="0"/><counter type="METHOD" missed="1" covered="0"/></method><counter type="INSTRUCTION" missed="8" covered="0"/><counter type="LINE" missed="3" covered="0"/><counter type="COMPLEXITY" missed="2" covered="0"/><counter type="METHOD" missed="2" covered="0"/><counter type="CLASS" missed="1" covered="0"/></class><class name="com/checkers/Logic/Chip"><method name="&lt;init&gt;" desc="(II)V" line="12"><counter type="INSTRUCTION" missed="0" covered="15"/><counter type="LINE" missed="0" covered="6"/><counter type="COMPLEXITY" missed="0" covered="1"/><counter type="METHOD" missed="0" covered="1"/></method><method name="getCol" desc="()I" line="20"><counter type="INSTRUCTION" missed="0" covered="3"/><counter type="LINE" missed="0" covered="1"/><counter type="COMPLEXITY" missed="0" covered="1"/><counter type="METHOD" missed="0" covered="1"/></method><method name="getRow" desc="()I" line="24"><counter type="INSTRUCTION" missed="0" covered="3"/><counter type="LINE" missed="0" covered="1"/><counter type="COMPLEXITY" missed="0" covered="1"/><counter type="METHOD" missed="0" covered="1"/></method><method name="setCol" desc="(I)V" line="28"><counter type="INSTRUCTION" missed="0" covered="4"/><counter type="LINE" missed="0" covered="2"/><counter type="COMPLEXITY" missed="0" covered="1"/><counter type="METHOD" missed="0" covered="1"/></method><method name="setRow" desc="(I)V" line="32"><counter type="INSTRUCTION" missed="0" covered="4"/><counter type="LINE" missed="0" covered="2"/><counter type="COMPLEXITY" missed="0" covered="1"/><counter type="METHOD" missed="0" covered="1"/></method><method name="setIsKing" desc="(Z)V" line="36"><counter type="INSTRUCTION" missed="0" covered="4"/><counter type="LINE" missed="0" covered="2"/><counter type="COMPLEXITY" missed="0" covered="1"/><counter type="METHOD" missed="0" covered="1"/></method><method name="setOnBoard" desc="(Z)V" line="40"><counter type="INSTRUCTION" missed="0" covered="4"/><counter type="LINE" missed="0" covered="2"/><counter type="COMPLEXITY" missed="0" covered="1"/><counter type="METHOD" missed="0" covered="1"/></method><method name="isKing" desc="()Z" line="44"><counter type="INSTRUCTION" missed="0" covered="3"/><counter type="LINE" missed="0" covered="1"/><counter type="COMPLEXITY" missed="0" covered="1"/><counter type="METHOD" missed="0" covered="1"/></method><method name="isOnBoard" desc="()Z" line="48"><counter type="INSTRUCTION" missed="0" covered="3"/><counter type="LINE" missed="0" covered="1"/><counter type="COMPLEXITY" missed="0" covered="1"/><counter type="METHOD" missed="0" covered="1"/></method><method name="equals" desc="(Ljava/lang/Object;)Z" line="53"><counter type="INSTRUCTION" missed="0" covered="19"/><counter type="BRANCH" missed="0" covered="4"/><counter type="LINE" missed="0" covered="4"/><counter type="COMPLEXITY" missed="0" covered="3"/><counter type="METHOD" missed="0" covered="1"/></method><counter type="INSTRUCTION" missed="0" covered="62"/><counter type="BRANCH" missed="0" covered="4"/><counter type="LINE" missed="0" covered="22"/><counter type="COMPLEXITY" missed="0" covered="12"/><counter type="METHOD" missed="0" covered="10"/><counter type="CLASS" missed="0" covered="1"/></class><sourcefile name="Chip.java"><line nr="12" mi="0" ci="2" mb="0" cb="0"/><line nr="13" mi="0" ci="3" mb="0" cb="0"/><line nr="14" mi="0" ci="3" mb="0" cb="0"/><line nr="15" mi="0" ci="3" mb="0" cb="0"/><line nr="16" mi="0" ci="3" mb="0" cb="0"/><line nr="17" mi="0" ci="1" mb="0" cb="0"/><line nr="20" mi="0" ci="3" mb="0" cb="0"/><line nr="24" mi="0" ci="3" mb="0" cb="0"/><line nr="28" mi="0" ci="3" mb="0" cb="0"/><line nr="29" mi="0" ci="1" mb="0" cb="0"/><line nr="32" mi="0" ci="3" mb="0" cb="0"/><line nr="33" mi="0" ci="1" mb="0" cb="0"/><line nr="36" mi="0" ci="3" mb="0" cb="0"/><line nr="37" mi="0" ci="1" mb="0" cb="0"/><line nr="40" mi="0" ci="3" mb="0" cb="0"/><line nr="41" mi="0" ci="1" mb="0" cb="0"/><line nr="44" mi="0" ci="3" mb="0" cb="0"/><line nr="48" mi="0" ci="3" mb="0" cb="0"/><line nr="53" mi="0" ci="3" mb="0" cb="0"/><line nr="54" mi="0" ci="10" mb="0" cb="4"/><line nr="55" mi="0" ci="2" mb="0" cb="0"/><line nr="57" mi="0" ci="4" mb="0" cb="0"/><counter type="INSTRUCTION" missed="0" covered="62"/><counter type="BRANCH" missed="0" covered="4"/><counter type="LINE" missed="0" covered="22"/><counter type="COMPLEXITY" missed="0" covered="12"/><counter type="METHOD" missed="0" covered="10"/><counter type="CLASS" missed="0" covered="1"/></sourcefile><sourcefile name="CheckerBoard.java"><line nr="21" mi="0" ci="3" mb="0" cb="0"/><line nr="22" mi="0" ci="3" mb="0" cb="0"/><line nr="23" mi="0" ci="3" mb="0" cb="0"/><line nr="25" mi="0" ci="2" mb="0" cb="0"/><line nr="26" mi="0" ci="3" mb="0" cb="0"/><line nr="27" mi="0" ci="7" mb="0" cb="0"/><line nr="28" mi="0" ci="3" mb="0" cb="0"/><line nr="29" mi="0" ci="3" mb="0" cb="0"/><line nr="30" mi="0" ci="3" mb="0" cb="0"/><line nr="31" mi="0" ci="3" mb="0" cb="0"/><line nr="32" mi="0" ci="5" mb="0" cb="0"/><line nr="33" mi="0" ci="5" mb="0" cb="0"/><line nr="34" mi="0" ci="3" mb="0" cb="0"/><line nr="35" mi="0" ci="3" mb="0" cb="0"/><line nr="36" mi="0" ci="8" mb="0" cb="2"/><line nr="37" mi="0" ci="8" mb="0" cb="2"/><line nr="38" mi="0" ci="6" mb="0" cb="2"/><line nr="39" mi="0" ci="9" mb="0" cb="0"/><line nr="41" mi="0" ci="8" mb="0" cb="0"/><line nr="45" mi="0" ci="12" mb="0" cb="2"/><line nr="47" mi="0" ci="4" mb="0" cb="2"/><line nr="48" mi="0" ci="3" mb="0" cb="0"/><line nr="50" mi="0" ci="2" mb="0" cb="0"/><line nr="52" mi="0" ci="4" mb="0" cb="2"/><line nr="53" mi="0" ci="8" mb="0" cb="0"/><line nr="54" mi="0" ci="9" mb="0" cb="0"/><line nr="55" mi="0" ci="2" mb="0" cb="0"/><line nr="58" mi="0" ci="15" mb="0" cb="2"/><line nr="60" mi="0" ci="4" mb="0" cb="2"/><line nr="61" mi="0" ci="3" mb="0" cb="0"/><line nr="63" mi="0" ci="2" mb="0" cb="0"/><line nr="65" mi="0" ci="4" mb="0" cb="2"/><line nr="66" mi="0" ci="8" mb="0" cb="0"/><line nr="67" mi="0" ci="9" mb="0" cb="0"/><line nr="68" mi="0" ci="2" mb="0" cb="0"/><line nr="71" mi="0" ci="1" mb="0" cb="0"/><line nr="74" mi="0" ci="3" mb="0" cb="0"/><line nr="75" mi="0" ci="8" mb="0" cb="2"/><line nr="76" mi="0" ci="8" mb="0" cb="2"/><line nr="77" mi="0" ci="6" mb="0" cb="2"/><line nr="78" mi="0" ci="24" mb="0" cb="0"/><line nr="80" mi="0" ci="3" mb="0" cb="0"/><line nr="83" mi="0" ci="3" mb="0" cb="0"/><line nr="85" mi="0" ci="3" mb="0" cb="0"/><line nr="86" mi="0" ci="1" mb="0" cb="0"/><line nr="89" mi="0" ci="3" mb="0" cb="0"/><line nr="90" mi="0" ci="1" mb="0" cb="0"/><line nr="93" mi="0" ci="7" mb="0" cb="2"/><line nr="94" mi="0" ci="7" mb="0" cb="0"/><line nr="95" mi="0" ci="8" mb="0" cb="0"/><line nr="96" mi="0" ci="7" mb="0" cb="0"/><line nr="97" mi="0" ci="5" mb="0" cb="2"/><line nr="98" mi="0" ci="13" mb="0" cb="0"/><line nr="99" mi="0" ci="3" mb="0" cb="0"/><line nr="100" mi="0" ci="3" mb="0" cb="0"/><line nr="102" mi="0" ci="5" mb="0" cb="2"/><line nr="103" mi="0" ci="13" mb="0" cb="0"/><line nr="104" mi="0" ci="3" mb="0" cb="0"/><line nr="105" mi="0" ci="3" mb="0" cb="0"/><line nr="108" mi="0" ci="11" mb="0" cb="4"/><line nr="109" mi="0" ci="9" mb="0" cb="0"/><line nr="110" mi="0" ci="14" mb="0" cb="0"/><line nr="112" mi="0" ci="7" mb="0" cb="4"/><line nr="113" mi="0" ci="9" mb="0" cb="0"/><line nr="114" mi="0" ci="14" mb="0" cb="0"/><line nr="116" mi="0" ci="3" mb="0" cb="0"/><line nr="117" mi="0" ci="3" mb="0" cb="0"/><line nr="118" mi="0" ci="2" mb="0" cb="0"/><line nr="120" mi="0" ci="2" mb="0" cb="0"/><line nr="124" mi="0" ci="12" mb="0" cb="4"/><line nr="125" mi="0" ci="2" mb="0" cb="0"/><line nr="127" mi="0" ci="6" mb="0" cb="4"/><line nr="128" mi="0" ci="2" mb="0" cb="0"/><line nr="130" mi="0" ci="6" mb="0" cb="4"/><line nr="131" mi="0" ci="2" mb="0" cb="0"/><line nr="133" mi="0" ci="9" mb="0" cb="2"/><line nr="134" mi="0" ci="2" mb="0" cb="0"/><line nr="135" mi="0" ci="9" mb="0" cb="2"/><line nr="136" mi="0" ci="3" mb="0" cb="2"/><line nr="137" mi="0" ci="2" mb="0" cb="0"/><line nr="139" mi="0" ci="7" mb="0" cb="0"/><line nr="140" mi="0" ci="4" mb="0" cb="2"/><line nr="141" mi="0" ci="4" mb="0" cb="2"/><line nr="142" mi="0" ci="2" mb="0" cb="0"/><line nr="145" mi="0" ci="4" mb="0" cb="2"/><line nr="146" mi="0" ci="4" mb="0" cb="2"/><line nr="147" mi="0" ci="2" mb="0" cb="0"/><line nr="150" mi="0" ci="12" mb="0" cb="4"/><line nr="152" mi="0" ci="2" mb="0" cb="0"/><line nr="154" mi="0" ci="6" mb="0" cb="2"/><line nr="155" mi="0" ci="11" mb="0" cb="2"/><line nr="156" mi="0" ci="19" mb="0" cb="2"/><line nr="157" mi="0" ci="2" mb="0" cb="0"/><line nr="160" mi="0" ci="11" mb="0" cb="2"/><line nr="161" mi="0" ci="19" mb="0" cb="2"/><line nr="162" mi="0" ci="2" mb="0" cb="0"/><line nr="166" mi="0" ci="2" mb="0" cb="0"/><line nr="168" mi="0" ci="2" mb="0" cb="0"/><line nr="204" mi="0" ci="8" mb="0" cb="8"/><line nr="205" mi="0" ci="2" mb="0" cb="0"/><line nr="207" mi="0" ci="16" mb="0" cb="8"/><line nr="208" mi="0" ci="2" mb="0" cb="0"/><line nr="210" mi="0" ci="18" mb="0" cb="4"/><line nr="211" mi="0" ci="2" mb="0" cb="0"/><line nr="213" mi="0" ci="7" mb="0" cb="0"/><line nr="214" mi="0" ci="7" mb="0" cb="0"/><line nr="216" mi="0" ci="3" mb="0" cb="2"/><line nr="217" mi="0" ci="2" mb="0" cb="0"/><line nr="219" mi="0" ci="3" mb="0" cb="2"/><line nr="220" mi="0" ci="11" mb="0" cb="2"/><line nr="221" mi="0" ci="11" mb="0" cb="0"/><line nr="222" mi="0" ci="5" mb="0" cb="0"/><line nr="223" mi="0" ci="5" mb="0" cb="0"/><line nr="224" mi="0" ci="8" mb="0" cb="0"/><line nr="225" mi="0" ci="4" mb="0" cb="2"/><line nr="226" mi="0" ci="9" mb="0" cb="0"/><line nr="227" mi="0" ci="7" mb="0" cb="0"/><line nr="228" mi="0" ci="7" mb="0" cb="0"/><line nr="229" mi="0" ci="5" mb="1" cb="1"/><line nr="230" mi="0" ci="9" mb="0" cb="0"/><line nr="231" mi="0" ci="7" mb="0" cb="0"/><line nr="232" mi="0" ci="7" mb="0" cb="0"/><line nr="234" mi="0" ci="2" mb="0" cb="0"/><line nr="235" mi="0" ci="11" mb="1" cb="1"/><line nr="236" mi="0" ci="11" mb="0" cb="0"/><line nr="237" mi="0" ci="5" mb="0" cb="0"/><line nr="238" mi="0" ci="5" mb="0" cb="0"/><line nr="239" mi="0" ci="8" mb="0" cb="0"/><line nr="240" mi="0" ci="4" mb="0" cb="2"/><line nr="241" mi="0" ci="9" mb="0" cb="0"/><line nr="242" mi="0" ci="7" mb="0" cb="0"/><line nr="243" mi="0" ci="7" mb="0" cb="0"/><line nr="244" mi="0" ci="5" mb="1" cb="1"/><line nr="245" mi="0" ci="9" mb="0" cb="0"/><line nr="246" mi="0" ci="7" mb="0" cb="0"/><line nr="247" mi="0" ci="7" mb="0" cb="0"/><line nr="249" mi="0" ci="2" mb="0" cb="0"/><line nr="251" mi="0" ci="3" mb="0" cb="2"/><line nr="252" mi="0" ci="11" mb="0" cb="2"/><line nr="253" mi="0" ci="11" mb="0" cb="0"/><line nr="254" mi="0" ci="5" mb="0" cb="0"/><line nr="255" mi="0" ci="5" mb="0" cb="0"/><line nr="256" mi="0" ci="8" mb="0" cb="0"/><line nr="257" mi="0" ci="4" mb="0" cb="2"/><line nr="258" mi="0" ci="9" mb="0" cb="0"/><line nr="259" mi="0" ci="7" mb="0" cb="0"/><line nr="260" mi="0" ci="7" mb="0" cb="0"/><line nr="261" mi="0" ci="5" mb="1" cb="1"/><line nr="262" mi="0" ci="9" mb="0" cb="0"/><line nr="263" mi="0" ci="7" mb="0" cb="0"/><line nr="264" mi="0" ci="7" mb="0" cb="0"/><line nr="266" mi="0" ci="2" mb="0" cb="0"/><line nr="267" mi="0" ci="11" mb="1" cb="1"/><line nr="268" mi="0" ci="11" mb="0" cb="0"/><line nr="269" mi="0" ci="5" mb="0" cb="0"/><line nr="270" mi="0" ci="5" mb="0" cb="0"/><line nr="271" mi="0" ci="8" mb="0" cb="0"/><line nr="272" mi="0" ci="4" mb="0" cb="2"/><line nr="273" mi="0" ci="9" mb="0" cb="0"/><line nr="274" mi="0" ci="7" mb="0" cb="0"/><line nr="275" mi="0" ci="7" mb="0" cb="0"/><line nr="276" mi="0" ci="5" mb="1" cb="1"/><line nr="277" mi="0" ci="9" mb="0" cb="0"/><line nr="278" mi="0" ci="7" mb="0" cb="0"/><line nr="279" mi="0" ci="7" mb="0" cb="0"/><line nr="281" mi="0" ci="2" mb="0" cb="0"/><line nr="285" mi="0" ci="2" mb="0" cb="0"/><line nr="289" mi="0" ci="2" mb="0" cb="0"/><line nr="290" mi="0" ci="8" mb="0" cb="2"/><line nr="291" mi="0" ci="8" mb="0" cb="2"/><line nr="292" mi="0" ci="6" mb="0" cb="2"/><line nr="293" mi="0" ci="6" mb="0" cb="2"/><line nr="294" mi="0" ci="1" mb="0" cb="0"/><line nr="299" mi="0" ci="2" mb="0" cb="0"/><line nr="303" mi="0" ci="18" mb="0" cb="4"/><line nr="304" mi="0" ci="2" mb="0" cb="0"/><line nr="306" mi="0" ci="2" mb="0" cb="0"/><line nr="310" mi="0" ci="9" mb="0" cb="2"/><line nr="311" mi="0" ci="2" mb="0" cb="0"/><line nr="313" mi="0" ci="2" mb="0" cb="0"/><line nr="317" mi="0" ci="9" mb="0" cb="2"/><line nr="318" mi="0" ci="2" mb="0" cb="0"/><line nr="320" mi="0" ci="2" mb="0" cb="0"/><line nr="324" mi="0" ci="3" mb="0" cb="0"/><line nr="328" mi="0" ci="3" mb="0" cb="0"/><line nr="332" mi="0" ci="3" mb="0" cb="0"/><line nr="336" mi="3" ci="0" mb="0" cb="0"/><line nr="337" mi="8" ci="0" mb="0" cb="0"/><line nr="338" mi="8" ci="0" mb="0" cb="0"/><line nr="339" mi="6" ci="0" mb="2" cb="0"/><line nr="340" mi="4" ci="0" mb="0" cb="0"/><line nr="341" mi="6" ci="0" mb="2" cb="0"/><line nr="342" mi="4" ci="0" mb="0" cb="0"/><line nr="344" mi="2" ci="0" mb="0" cb="0"/><line nr="348" mi="3" ci="0" mb="0" cb="0"/><line nr="349" mi="8" ci="0" mb="0" cb="0"/><line nr="350" mi="8" ci="0" mb="0" cb="0"/><line nr="351" mi="6" ci="0" mb="2" cb="0"/><line nr="352" mi="4" ci="0" mb="0" cb="0"/><line nr="353" mi="6" ci="0" mb="2" cb="0"/><line nr="354" mi="4" ci="0" mb="0" cb="0"/><line nr="356" mi="2" ci="0" mb="0" cb="0"/><line nr="360" mi="2" ci="0" mb="0" cb="0"/><line nr="361" mi="2" ci="0" mb="0" cb="0"/><line nr="362" mi="8" ci="0" mb="2" cb="0"/><line nr="363" mi="8" ci="0" mb="2" cb="0"/><line nr="364" mi="6" ci="0" mb="2" cb="0"/><line nr="365" mi="7" ci="0" mb="2" cb="0"/><line nr="366" mi="6" ci="0" mb="0" cb="0"/><line nr="368" mi="7" ci="0" mb="2" cb="0"/><line nr="369" mi="8" ci="0" mb="0" cb="0"/><line nr="374" mi="8" ci="0" mb="2" cb="0"/><line nr="375" mi="8" ci="0" mb="2" cb="0"/><line nr="376" mi="6" ci="0" mb="2" cb="0"/><line nr="377" mi="7" ci="0" mb="2" cb="0"/><line nr="378" mi="8" ci="0" mb="0" cb="0"/><line nr="380" mi="7" ci="0" mb="2" cb="0"/><line nr="381" mi="10" ci="0" mb="0" cb="0"/><line nr="387" mi="4" ci="0" mb="0" cb="0"/><line nr="388" mi="8" ci="0" mb="0" cb="0"/><line nr="389" mi="8" ci="0" mb="0" cb="0"/><line nr="390" mi="2" ci="0" mb="0" cb="0"/><line nr="394" mi="2" ci="0" mb="0" cb="0"/><line nr="395" mi="2" ci="0" mb="0" cb="0"/><line nr="396" mi="8" ci="0" mb="2" cb="0"/><line nr="397" mi="8" ci="0" mb="2" cb="0"/><line nr="398" mi="6" ci="0" mb="2" cb="0"/><line nr="399" mi="7" ci="0" mb="2" cb="0"/><line nr="400" mi="3" ci="0" mb="2" cb="0"/><line nr="401" mi="2" ci="0" mb="0" cb="0"/><line nr="403" mi="1" ci="0" mb="0" cb="0"/><line nr="406" mi="7" ci="0" mb="2" cb="0"/><line nr="407" mi="1" ci="0" mb="0" cb="0"/><line nr="413" mi="8" ci="0" mb="2" cb="0"/><line nr="414" mi="8" ci="0" mb="2" cb="0"/><line nr="415" mi="6" ci="0" mb="2" cb="0"/><line nr="416" mi="7" ci="0" mb="2" cb="0"/><line nr="417" mi="3" ci="0" mb="2" cb="0"/><line nr="418" mi="2" ci="0" mb="0" cb="0"/><line nr="420" mi="1" ci="0" mb="0" cb="0"/><line nr="423" mi="7" ci="0" mb="2" cb="0"/><line nr="424" mi="1" ci="0" mb="0" cb="0"/><line nr="430" mi="4" ci="0" mb="0" cb="0"/><line nr="431" mi="8" ci="0" mb="0" cb="0"/><line nr="432" mi="8" ci="0" mb="0" cb="0"/><line nr="433" mi="2" ci="0" mb="0" cb="0"/><line nr="438" mi="3" ci="0" mb="0" cb="0"/><line nr="439" mi="9" ci="0" mb="0" cb="0"/><line nr="440" mi="9" ci="0" mb="0" cb="0"/><line nr="441" mi="10" ci="0" mb="0" cb="0"/><line nr="442" mi="10" ci="0" mb="0" cb="0"/><line nr="443" mi="9" ci="0" mb="0" cb="0"/><line nr="444" mi="9" ci="0" mb="0" cb="0"/><line nr="445" mi="2" ci="0" mb="0" cb="0"/><line nr="450" mi="4" ci="0" mb="0" cb="0"/><line nr="451" mi="2" ci="0" mb="0" cb="0"/><line nr="452" mi="2" ci="0" mb="0" cb="0"/><line nr="454" mi="11" ci="0" mb="2" cb="0"/><line nr="455" mi="2" ci="0" mb="0" cb="0"/><line nr="456" mi="3" ci="0" mb="2" cb="0"/><line nr="457" mi="18" ci="0" mb="2" cb="0"/><line nr="458" mi="18" ci="0" mb="2" cb="0"/><line nr="459" mi="11" ci="0" mb="2" cb="0"/><line nr="460" mi="4" ci="0" mb="0" cb="0"/><line nr="465" mi="1" ci="0" mb="0" cb="0"/><line nr="466" mi="11" ci="0" mb="2" cb="0"/><line nr="467" mi="2" ci="0" mb="0" cb="0"/><line nr="468" mi="3" ci="0" mb="2" cb="0"/><line nr="469" mi="18" ci="0" mb="2" cb="0"/><line nr="470" mi="18" ci="0" mb="2" cb="0"/><line nr="471" mi="11" ci="0" mb="2" cb="0"/><line nr="472" mi="4" ci="0" mb="0" cb="0"/><line nr="477" mi="1" ci="0" mb="0" cb="0"/><line nr="479" mi="8" ci="0" mb="0" cb="0"/><line nr="480" mi="8" ci="0" mb="0" cb="0"/><line nr="481" mi="2" ci="0" mb="0" cb="0"/><line nr="486" mi="4" ci="0" mb="0" cb="0"/><line nr="487" mi="2" ci="0" mb="0" cb="0"/><line nr="488" mi="2" ci="0" mb="0" cb="0"/><line nr="490" mi="11" ci="0" mb="2" cb="0"/><line nr="491" mi="5" ci="0" mb="0" cb="0"/><line nr="492" mi="2" ci="0" mb="0" cb="0"/><line nr="493" mi="3" ci="0" mb="2" cb="0"/><line nr="494" mi="20" ci="0" mb="2" cb="0"/><line nr="495" mi="20" ci="0" mb="2" cb="0"/><line nr="496" mi="11" ci="0" mb="2" cb="0"/><line nr="497" mi="2" ci="0" mb="0" cb="0"/><line nr="498" mi="2" ci="0" mb="0" cb="0"/><line nr="499" mi="1" ci="0" mb="0" cb="0"/><line nr="502" mi="2" ci="0" mb="2" cb="0"/><line nr="503" mi="1" ci="0" mb="0" cb="0"/><line nr="507" mi="1" ci="0" mb="0" cb="0"/><line nr="508" mi="11" ci="0" mb="2" cb="0"/><line nr="509" mi="5" ci="0" mb="0" cb="0"/><line nr="510" mi="2" ci="0" mb="0" cb="0"/><line nr="511" mi="3" ci="0" mb="2" cb="0"/><line nr="512" mi="20" ci="0" mb="2" cb="0"/><line nr="513" mi="20" ci="0" mb="2" cb="0"/><line nr="514" mi="11" ci="0" mb="2" cb="0"/><line nr="515" mi="2" ci="0" mb="0" cb="0"/><line nr="516" mi="2" ci="0" mb="0" cb="0"/><line nr="517" mi="1" ci="0" mb="0" cb="0"/><line nr="520" mi="2" ci="0" mb="2" cb="0"/><line nr="521" mi="1" ci="0" mb="0" cb="0"/><line nr="525" mi="1" ci="0" mb="0" cb="0"/><line nr="527" mi="8" ci="0" mb="0" cb="0"/><line nr="528" mi="8" ci="0" mb="0" cb="0"/><line nr="529" mi="2" ci="0" mb="0" cb="0"/><line nr="533" mi="0" ci="3" mb="0" cb="0"/><line nr="537" mi="0" ci="3" mb="0" cb="0"/><line nr="541" mi="10" ci="0" mb="2" cb="0"/><line nr="542" mi="7" ci="0" mb="0" cb="0"/><line nr="544" mi="2" ci="0" mb="0" cb="0"/><line nr="548" mi="8" ci="0" mb="2" cb="0"/><line nr="549" mi="7" ci="0" mb="0" cb="0"/><line nr="551" mi="2" ci="0" mb="0" cb="0"/><line nr="555" mi="0" ci="11" mb="0" cb="2"/><line nr="556" mi="0" ci="2" mb="0" cb="0"/><line nr="558" mi="0" ci="11" mb="0" cb="2"/><line nr="559" mi="0" ci="2" mb="0" cb="0"/><line nr="561" mi="0" ci="11" mb="0" cb="2"/><line nr="562" mi="0" ci="2" mb="0" cb="0"/><line nr="564" mi="0" ci="11" mb="0" cb="2"/><line nr="565" mi="0" ci="2" mb="0" cb="0"/><line nr="567" mi="0" ci="11" mb="0" cb="2"/><line nr="568" mi="0" ci="2" mb="0" cb="0"/><line nr="570" mi="0" ci="11" mb="0" cb="2"/><line nr="571" mi="0" ci="2" mb="0" cb="0"/><line nr="573" mi="0" ci="11" mb="0" cb="2"/><line nr="574" mi="0" ci="2" mb="0" cb="0"/><line nr="576" mi="0" ci="11" mb="0" cb="2"/><line nr="577" mi="0" ci="2" mb="0" cb="0"/><line nr="579" mi="0" ci="2" mb="0" cb="0"/><line nr="583" mi="0" ci="8" mb="0" cb="2"/><line nr="584" mi="0" ci="8" mb="0" cb="2"/><line nr="585" mi="0" ci="6" mb="0" cb="2"/><line nr="586" mi="0" ci="10" mb="0" cb="2"/><line nr="587" mi="0" ci="5" mb="0" cb="2"/><line nr="588" mi="0" ci="2" mb="0" cb="0"/><line nr="594" mi="0" ci="2" mb="0" cb="0"/><line nr="598" mi="0" ci="15" mb="1" cb="1"/><line nr="599" mi="2" ci="0" mb="0" cb="0"/><line nr="601" mi="0" ci="7" mb="0" cb="2"/><line nr="602" mi="0" ci="2" mb="0" cb="0"/><line nr="604" mi="0" ci="2" mb="0" cb="0"/><line nr="608" mi="0" ci="11" mb="0" cb="2"/><line nr="609" mi="0" ci="2" mb="0" cb="0"/><line nr="611" mi="0" ci="11" mb="1" cb="1"/><line nr="612" mi="2" ci="0" mb="0" cb="0"/><line nr="614" mi="0" ci="11" mb="0" cb="2"/><line nr="615" mi="0" ci="2" mb="0" cb="0"/><line nr="617" mi="0" ci="11" mb="1" cb="1"/><line nr="618" mi="2" ci="0" mb="0" cb="0"/><line nr="620" mi="0" ci="2" mb="0" cb="0"/><line nr="624" mi="0" ci="12" mb="0" cb="2"/><line nr="625" mi="0" ci="2" mb="0" cb="0"/><line nr="627" mi="0" ci="12" mb="0" cb="2"/><line nr="628" mi="0" ci="2" mb="0" cb="0"/><line nr="630" mi="0" ci="12" mb="0" cb="2"/><line nr="631" mi="0" ci="2" mb="0" cb="0"/><line nr="633" mi="0" ci="12" mb="0" cb="2"/><line nr="634" mi="0" ci="2" mb="0" cb="0"/><line nr="636" mi="0" ci="2" mb="0" cb="0"/><line nr="640" mi="0" ci="4" mb="1" cb="1"/><line nr="641" mi="7" ci="0" mb="0" cb="0"/><line nr="643" mi="0" ci="2" mb="0" cb="0"/><line nr="647" mi="0" ci="10" mb="0" cb="2"/><line nr="648" mi="0" ci="7" mb="0" cb="0"/><line nr="650" mi="0" ci="2" mb="0" cb="0"/><line nr="655" mi="0" ci="28" mb="0" cb="16"/><line nr="656" mi="0" ci="2" mb="0" cb="0"/><line nr="659" mi="0" ci="12" mb="1" cb="3"/><line nr="660" mi="0" ci="8" mb="0" cb="2"/><line nr="661" mi="0" ci="16" mb="1" cb="3"/><line nr="662" mi="0" ci="2" mb="0" cb="0"/><line nr="664" mi="0" ci="11" mb="0" cb="4"/><line nr="665" mi="0" ci="2" mb="0" cb="0"/><line nr="667" mi="0" ci="11" mb="0" cb="4"/><line nr="668" mi="0" ci="2" mb="0" cb="0"/><line nr="673" mi="0" ci="12" mb="1" cb="3"/><line nr="674" mi="0" ci="45" mb="0" cb="6"/><line nr="675" mi="0" ci="16" mb="1" cb="3"/><line nr="676" mi="0" ci="2" mb="0" cb="0"/><line nr="678" mi="0" ci="11" mb="0" cb="4"/><line nr="679" mi="0" ci="2" mb="0" cb="0"/><line nr="681" mi="0" ci="11" mb="0" cb="4"/><line nr="682" mi="0" ci="2" mb="0" cb="0"/><line nr="687" mi="0" ci="2" mb="0" cb="0"/><line nr="691" mi="0" ci="4" mb="0" cb="0"/><line nr="692" mi="0" ci="2" mb="0" cb="2"/><line nr="693" mi="0" ci="8" mb="0" cb="2"/><line nr="694" mi="0" ci="7" mb="0" cb="2"/><line nr="695" mi="0" ci="9" mb="0" cb="2"/><line nr="696" mi="0" ci="12" mb="0" cb="2"/><line nr="697" mi="0" ci="25" mb="0" cb="0"/><line nr="699" mi="0" ci="12" mb="0" cb="2"/><line nr="700" mi="0" ci="25" mb="0" cb="0"/><line nr="702" mi="0" ci="12" mb="0" cb="2"/><line nr="703" mi="0" ci="25" mb="0" cb="0"/><line nr="705" mi="0" ci="12" mb="0" cb="2"/><line nr="706" mi="0" ci="25" mb="0" cb="0"/><line nr="712" mi="0" ci="6" mb="0" cb="0"/><line nr="713" mi="0" ci="9" mb="1" cb="1"/><line nr="714" mi="0" ci="12" mb="1" cb="1"/><line nr="715" mi="0" ci="25" mb="0" cb="0"/><line nr="717" mi="0" ci="12" mb="1" cb="1"/><line nr="718" mi="25" ci="0" mb="0" cb="0"/><line nr="720" mi="0" ci="12" mb="1" cb="1"/><line nr="721" mi="25" ci="0" mb="0" cb="0"/><line nr="723" mi="0" ci="12" mb="1" cb="1"/><line nr="724" mi="0" ci="25" mb="0" cb="0"/><line nr="728" mi="0" ci="2" mb="0" cb="0"/><line nr="732" mi="0" ci="4" mb="0" cb="0"/><line nr="733" mi="0" ci="7" mb="0" cb="2"/><line nr="734" mi="0" ci="7" mb="0" cb="2"/><line nr="735" mi="0" ci="9" mb="0" cb="2"/><line nr="736" mi="0" ci="12" mb="0" cb="2"/><line nr="737" mi="0" ci="25" mb="0" cb="0"/><line nr="739" mi="0" ci="12" mb="0" cb="2"/><line nr="740" mi="0" ci="25" mb="0" cb="0"/><line nr="742" mi="0" ci="12" mb="0" cb="2"/><line nr="743" mi="0" ci="25" mb="0" cb="0"/><line nr="745" mi="0" ci="12" mb="0" cb="2"/><line nr="746" mi="0" ci="25" mb="0" cb="0"/><line nr="751" mi="0" ci="2" mb="0" cb="0"/><line nr="755" mi="0" ci="3" mb="0" cb="0"/><line nr="756" mi="0" ci="7" mb="0" cb="0"/><line nr="757" mi="0" ci="7" mb="0" cb="2"/><line nr="758" mi="0" ci="13" mb="0" cb="0"/><line nr="760" mi="0" ci="2" mb="0" cb="0"/><line nr="766" mi="0" ci="3" mb="0" cb="0"/><line nr="767" mi="0" ci="8" mb="0" cb="2"/><line nr="768" mi="0" ci="8" mb="0" cb="2"/><line nr="769" mi="0" ci="7" mb="0" cb="0"/><line nr="771" mi="0" ci="2" mb="0" cb="0"/><line nr="773" mi="0" ci="2" mb="0" cb="0"/><line nr="775" mi="0" ci="6" mb="0" cb="0"/><line nr="777" mi="0" ci="2" mb="0" cb="0"/><line nr="778" mi="0" ci="3" mb="0" cb="2"/><line nr="780" mi="0" ci="2" mb="0" cb="0"/><line nr="782" mi="0" ci="10" mb="0" cb="2"/><line nr="783" mi="0" ci="7" mb="0" cb="0"/><line nr="784" mi="0" ci="3" mb="0" cb="0"/><line nr="785" mi="0" ci="11" mb="1" cb="1"/><line nr="787" mi="2" ci="0" mb="0" cb="0"/><line nr="789" mi="0" ci="6" mb="0" cb="0"/><line nr="790" mi="0" ci="3" mb="0" cb="2"/><line nr="791" mi="0" ci="2" mb="0" cb="0"/><line nr="792" mi="0" ci="2" mb="0" cb="0"/><line nr="794" mi="0" ci="1" mb="0" cb="0"/><line nr="795" mi="0" ci="2" mb="0" cb="0"/><line nr="798" mi="0" ci="5" mb="0" cb="0"/><line nr="799" mi="0" ci="2" mb="0" cb="0"/><line nr="801" mi="0" ci="10" mb="0" cb="2"/><line nr="802" mi="0" ci="7" mb="0" cb="0"/><line nr="803" mi="0" ci="3" mb="0" cb="0"/><line nr="804" mi="0" ci="6" mb="0" cb="0"/><line nr="805" mi="0" ci="3" mb="0" cb="2"/><line nr="806" mi="0" ci="2" mb="0" cb="0"/><line nr="807" mi="0" ci="2" mb="0" cb="0"/><line nr="809" mi="0" ci="1" mb="0" cb="0"/><line nr="810" mi="0" ci="2" mb="0" cb="0"/><line nr="815" mi="0" ci="8" mb="0" cb="2"/><line nr="819" mi="0" ci="5" mb="0" cb="2"/><line nr="820" mi="0" ci="6" mb="0" cb="0"/><line nr="823" mi="0" ci="17" mb="0" cb="2"/><line nr="825" mi="0" ci="5" mb="0" cb="4"/><line nr="827" mi="0" ci="2" mb="0" cb="0"/><line nr="829" mi="0" ci="10" mb="0" cb="2"/><line nr="830" mi="0" ci="11" mb="0" cb="0"/><line nr="831" mi="0" ci="3" mb="0" cb="0"/><line nr="832" mi="0" ci="11" mb="0" cb="2"/><line nr="833" mi="0" ci="2" mb="0" cb="0"/><line nr="835" mi="0" ci="6" mb="0" cb="0"/><line nr="836" mi="0" ci="3" mb="0" cb="2"/><line nr="837" mi="0" ci="2" mb="0" cb="0"/><line nr="839" mi="0" ci="1" mb="0" cb="0"/><line nr="840" mi="0" ci="2" mb="0" cb="0"/><line nr="843" mi="0" ci="5" mb="1" cb="3"/><line nr="845" mi="0" ci="2" mb="0" cb="0"/><line nr="847" mi="0" ci="10" mb="0" cb="2"/><line nr="848" mi="0" ci="11" mb="0" cb="0"/><line nr="849" mi="0" ci="3" mb="0" cb="0"/><line nr="850" mi="0" ci="11" mb="0" cb="2"/><line nr="851" mi="0" ci="2" mb="0" cb="0"/><line nr="853" mi="0" ci="6" mb="0" cb="0"/><line nr="854" mi="0" ci="3" mb="0" cb="2"/><line nr="855" mi="0" ci="2" mb="0" cb="0"/><line nr="857" mi="0" ci="1" mb="0" cb="0"/><line nr="858" mi="0" ci="2" mb="0" cb="0"/><line nr="861" mi="0" ci="16" mb="0" cb="2"/><line nr="863" mi="0" ci="5" mb="1" cb="3"/><line nr="865" mi="0" ci="2" mb="0" cb="0"/><line nr="867" mi="0" ci="10" mb="0" cb="2"/><line nr="868" mi="0" ci="11" mb="0" cb="0"/><line nr="869" mi="0" ci="3" mb="0" cb="0"/><line nr="870" mi="0" ci="6" mb="0" cb="0"/><line nr="871" mi="0" ci="3" mb="0" cb="2"/><line nr="872" mi="0" ci="2" mb="0" cb="0"/><line nr="874" mi="0" ci="1" mb="0" cb="0"/><line nr="875" mi="0" ci="2" mb="0" cb="0"/><line nr="878" mi="0" ci="5" mb="2" cb="2"/><line nr="880" mi="0" ci="2" mb="0" cb="0"/><line nr="882" mi="0" ci="10" mb="0" cb="2"/><line nr="883" mi="0" ci="11" mb="0" cb="0"/><line nr="884" mi="0" ci="3" mb="0" cb="0"/><line nr="885" mi="0" ci="6" mb="0" cb="0"/><line nr="886" mi="0" ci="3" mb="0" cb="2"/><line nr="887" mi="0" ci="2" mb="0" cb="0"/><line nr="889" mi="0" ci="1" mb="0" cb="0"/><line nr="890" mi="0" ci="2" mb="0" cb="0"/><line nr="892" mi="6" ci="0" mb="0" cb="0"/><line nr="898" mi="0" ci="4" mb="0" cb="0"/><line nr="909" mi="2" ci="0" mb="0" cb="0"/><line nr="911" mi="7" ci="0" mb="2" cb="0"/><line nr="912" mi="7" ci="0" mb="2" cb="0"/><line nr="913" mi="8" ci="0" mb="2" cb="0"/><line nr="914" mi="1" ci="0" mb="0" cb="0"/><line nr="915" mi="9" ci="0" mb="0" cb="0"/><line nr="916" mi="8" ci="0" mb="2" cb="0"/><line nr="917" mi="1" ci="0" mb="0" cb="0"/><line nr="918" mi="5" ci="0" mb="4" cb="0"/><line nr="919" mi="1" ci="0" mb="0" cb="0"/><line nr="921" mi="5" ci="0" mb="4" cb="0"/><line nr="922" mi="2" ci="0" mb="0" cb="0"/><line nr="924" mi="8" ci="0" mb="2" cb="0"/><line nr="925" mi="1" ci="0" mb="0" cb="0"/><line nr="926" mi="13" ci="0" mb="0" cb="0"/><line nr="927" mi="8" ci="0" mb="2" cb="0"/><line nr="928" mi="1" ci="0" mb="0" cb="0"/><line nr="929" mi="5" ci="0" mb="4" cb="0"/><line nr="930" mi="1" ci="0" mb="0" cb="0"/><line nr="932" mi="5" ci="0" mb="4" cb="0"/><line nr="933" mi="1" ci="0" mb="0" cb="0"/><line nr="940" mi="5" ci="0" mb="2" cb="0"/><line nr="941" mi="4" ci="0" mb="0" cb="0"/><line nr="943" mi="2" ci="0" mb="0" cb="0"/><line nr="947" mi="8" ci="0" mb="2" cb="0"/><line nr="948" mi="8" ci="0" mb="2" cb="0"/><line nr="949" mi="6" ci="0" mb="2" cb="0"/><line nr="950" mi="9" ci="0" mb="0" cb="0"/><line nr="952" mi="8" ci="0" mb="0" cb="0"/><line nr="957" mi="3" ci="0" mb="0" cb="0"/><line nr="958" mi="3" ci="0" mb="0" cb="0"/><line nr="960" mi="12" ci="0" mb="2" cb="0"/><line nr="962" mi="4" ci="0" mb="2" cb="0"/><line nr="963" mi="3" ci="0" mb="0" cb="0"/><line nr="965" mi="2" ci="0" mb="0" cb="0"/><line nr="967" mi="4" ci="0" mb="2" cb="0"/><line nr="968" mi="8" ci="0" mb="0" cb="0"/><line nr="969" mi="9" ci="0" mb="0" cb="0"/><line nr="970" mi="2" ci="0" mb="0" cb="0"/><line nr="973" mi="15" ci="0" mb="2" cb="0"/><line nr="975" mi="4" ci="0" mb="2" cb="0"/><line nr="976" mi="3" ci="0" mb="0" cb="0"/><line nr="978" mi="2" ci="0" mb="0" cb="0"/><line nr="980" mi="4" ci="0" mb="2" cb="0"/><line nr="981" mi="8" ci="0" mb="0" cb="0"/><line nr="982" mi="9" ci="0" mb="0" cb="0"/><line nr="983" mi="2" ci="0" mb="0" cb="0"/><line nr="986" mi="1" ci="0" mb="0" cb="0"/><line nr="989" mi="0" ci="3" mb="0" cb="0"/><line nr="990" mi="0" ci="1" mb="0" cb="0"/><line nr="993" mi="3" ci="0" mb="0" cb="0"/><line nr="994" mi="1" ci="0" mb="0" cb="0"/><line nr="997" mi="3" ci="0" mb="0" cb="0"/><line nr="1001" mi="3" ci="0" mb="0" cb="0"/><line nr="1005" mi="0" ci="12" mb="0" cb="0"/><line nr="1006" mi="0" ci="1" mb="0" cb="0"/><line nr="1009" mi="0" ci="12" mb="0" cb="0"/><line nr="1010" mi="0" ci="1" mb="0" cb="0"/><line nr="1013" mi="0" ci="6" mb="0" cb="0"/><line nr="1014" mi="0" ci="5" mb="0" cb="0"/><line nr="1015" mi="0" ci="1" mb="0" cb="0"/><line nr="1018" mi="0" ci="5" mb="0" cb="0"/><line nr="1019" mi="0" ci="1" mb="0" cb="0"/><line nr="1022" mi="0" ci="5" mb="0" cb="0"/><line nr="1023" mi="0" ci="1" mb="0" cb="0"/><line nr="1027" mi="0" ci="6" mb="0" cb="0"/><line nr="1028" mi="0" ci="5" mb="0" cb="0"/><line nr="1029" mi="0" ci="1" mb="0" cb="0"/><line nr="1037" mi="0" ci="2" mb="0" cb="0"/><line nr="1038" mi="0" ci="3" mb="0" cb="0"/><line nr="1039" mi="0" ci="3" mb="0" cb="0"/><line nr="1041" mi="0" ci="1" mb="0" cb="0"/><line nr="1045" mi="0" ci="11" mb="0" cb="0"/><line nr="1046" mi="0" ci="11" mb="0" cb="0"/><line nr="1047" mi="0" ci="11" mb="0" cb="0"/><line nr="1048" mi="0" ci="10" mb="0" cb="2"/><line nr="1049" mi="0" ci="23" mb="0" cb="0"/><line nr="1051" mi="0" ci="1" mb="0" cb="0"/><counter type="INSTRUCTION" missed="1099" covered="2665"/><counter type="BRANCH" missed="172" covered="330"/><counter type="LINE" missed="188" covered="403"/><counter type="COMPLEXITY" missed="112" covered="192"/><counter type="METHOD" missed="14" covered="39"/><counter type="CLASS" missed="0" covered="2"/></sourcefile><sourcefile name="ISProject.java"><line nr="11" mi="3" ci="0" mb="0" cb="0"/><line nr="18" mi="4" ci="0" mb="0" cb="0"/><line nr="19" mi="1" ci="0" mb="0" cb="0"/><counter type="INSTRUCTION" missed="8" covered="0"/><counter type="LINE" missed="3" covered="0"/><counter type="COMPLEXITY" missed="2" covered="0"/><counter type="METHOD" missed="2" covered="0"/><counter type="CLASS" missed="1" covered="0"/></sourcefile><sourcefile name="GameEngine.java"><line nr="23" mi="2" ci="0" mb="0" cb="0"/><line nr="24" mi="6" ci="0" mb="0" cb="0"/><line nr="25" mi="7" ci="0" mb="0" cb="0"/><line nr="26" mi="3" ci="0" mb="0" cb="0"/><line nr="27" mi="2" ci="0" mb="0" cb="0"/><line nr="76" mi="1" ci="0" mb="0" cb="0"/><line nr="80" mi="3" ci="0" mb="0" cb="0"/><line nr="81" mi="3" ci="0" mb="0" cb="0"/><line nr="82" mi="20" ci="0" mb="0" cb="0"/><line nr="83" mi="20" ci="0" mb="0" cb="0"/><line nr="84" mi="2" ci="0" mb="0" cb="0"/><line nr="85" mi="1" ci="0" mb="0" cb="0"/><line nr="86" mi="7" ci="0" mb="0" cb="0"/><line nr="87" mi="1" ci="0" mb="0" cb="0"/><line nr="88" mi="1" ci="0" mb="0" cb="0"/><line nr="91" mi="5" ci="0" mb="2" cb="0"/><line nr="92" mi="2" ci="0" mb="0" cb="0"/><line nr="94" mi="5" ci="0" mb="0" cb="0"/><line nr="95" mi="3" ci="0" mb="0" cb="0"/><line nr="96" mi="3" ci="0" mb="0" cb="0"/><line nr="97" mi="1" ci="0" mb="0" cb="0"/><line nr="100" mi="2" ci="0" mb="0" cb="0"/><line nr="101" mi="4" ci="0" mb="2" cb="0"/><line nr="102" mi="5" ci="0" mb="2" cb="0"/><line nr="103" mi="1" ci="0" mb="0" cb="0"/><line nr="105" mi="7" ci="0" mb="2" cb="0"/><line nr="106" mi="7" ci="0" mb="2" cb="0"/><line nr="107" mi="4" ci="0" mb="0" cb="0"/><line nr="108" mi="3" ci="0" mb="0" cb="0"/><line nr="109" mi="3" ci="0" mb="0" cb="0"/><line nr="110" mi="4" ci="0" mb="0" cb="0"/><line nr="111" mi="1" ci="0" mb="0" cb="0"/><line nr="114" mi="5" ci="0" mb="0" cb="0"/><line nr="115" mi="2" ci="0" mb="0" cb="0"/><line nr="117" mi="7" ci="0" mb="2" cb="0"/><line nr="118" mi="4" ci="0" mb="0" cb="0"/><line nr="119" mi="3" ci="0" mb="0" cb="0"/><line nr="120" mi="3" ci="0" mb="0" cb="0"/><line nr="121" mi="4" ci="0" mb="0" cb="0"/><line nr="122" mi="1" ci="0" mb="0" cb="0"/><line nr="125" mi="3" ci="0" mb="0" cb="0"/><line nr="126" mi="2" ci="0" mb="0" cb="0"/><line nr="130" mi="7" ci="0" mb="2" cb="0"/><line nr="131" mi="7" ci="0" mb="2" cb="0"/><line nr="132" mi="4" ci="0" mb="0" cb="0"/><line nr="133" mi="3" ci="0" mb="0" cb="0"/><line nr="134" mi="3" ci="0" mb="0" cb="0"/><line nr="135" mi="4" ci="0" mb="0" cb="0"/><line nr="136" mi="1" ci="0" mb="0" cb="0"/><line nr="139" mi="3" ci="0" mb="0" cb="0"/><line nr="140" mi="2" ci="0" mb="0" cb="0"/><line nr="142" mi="7" ci="0" mb="2" cb="0"/><line nr="143" mi="4" ci="0" mb="0" cb="0"/><line nr="144" mi="3" ci="0" mb="0" cb="0"/><line nr="145" mi="3" ci="0" mb="0" cb="0"/><line nr="146" mi="4" ci="0" mb="0" cb="0"/><line nr="147" mi="1" ci="0" mb="0" cb="0"/><line nr="150" mi="5" ci="0" mb="0" cb="0"/><line nr="151" mi="3" ci="0" mb="0" cb="0"/><line nr="155" mi="2" ci="0" mb="0" cb="0"/><line nr="156" mi="3" ci="0" mb="0" cb="0"/><line nr="157" mi="2" ci="0" mb="0" cb="0"/><line nr="159" mi="1" ci="0" mb="0" cb="0"/><line nr="174" mi="2" ci="0" mb="0" cb="0"/><line nr="175" mi="10" ci="0" mb="2" cb="0"/><line nr="177" mi="2" ci="0" mb="0" cb="0"/><line nr="179" mi="6" ci="0" mb="0" cb="0"/><line nr="180" mi="29" ci="0" mb="2" cb="0"/><line nr="182" mi="17" ci="0" mb="0" cb="0"/><line nr="185" mi="5" ci="0" mb="2" cb="0"/><line nr="186" mi="4" ci="0" mb="0" cb="0"/><line nr="188" mi="5" ci="0" mb="2" cb="0"/><line nr="189" mi="3" ci="0" mb="0" cb="0"/><line nr="191" mi="1" ci="0" mb="0" cb="0"/><line nr="192" mi="2" ci="0" mb="2" cb="0"/><line nr="195" mi="18" ci="0" mb="2" cb="0"/><line nr="197" mi="14" ci="0" mb="0" cb="0"/><line nr="198" mi="29" ci="0" mb="2" cb="0"/><line nr="200" mi="17" ci="0" mb="0" cb="0"/><line nr="203" mi="5" ci="0" mb="2" cb="0"/><line nr="204" mi="4" ci="0" mb="0" cb="0"/><line nr="206" mi="5" ci="0" mb="2" cb="0"/><line nr="207" mi="3" ci="0" mb="0" cb="0"/><line nr="209" mi="2" ci="0" mb="0" cb="0"/><line nr="213" mi="1" ci="0" mb="0" cb="0"/><line nr="215" mi="4" ci="0" mb="2" cb="0"/><line nr="216" mi="1" ci="0" mb="0" cb="0"/><line nr="217" mi="5" ci="0" mb="2" cb="0"/><line nr="218" mi="1" ci="0" mb="0" cb="0"/><line nr="221" mi="1" ci="0" mb="0" cb="0"/><counter type="INSTRUCTION" missed="441" covered="0"/><counter type="BRANCH" missed="40" covered="0"/><counter type="LINE" missed="90" covered="0"/><counter type="COMPLEXITY" missed="26" covered="0"/><counter type="METHOD" missed="6" covered="0"/><counter type="CLASS" missed="1" covered="0"/></sourcefile><sourcefile name="HeuristicUtil.java"><line nr="15" mi="3" ci="0" mb="0" cb="0"/><line nr="17" mi="0" ci="2" mb="0" cb="0"/><line nr="18" mi="0" ci="9" mb="0" cb="0"/><line nr="24" mi="0" ci="4" mb="0" cb="0"/><line nr="25" mi="0" ci="4" mb="0" cb="0"/><line nr="26" mi="0" ci="7" mb="0" cb="2"/><line nr="27" mi="0" ci="7" mb="0" cb="2"/><line nr="28" mi="0" ci="5" mb="0" cb="2"/><line nr="29" mi="0" ci="9" mb="0" cb="0"/><line nr="31" mi="0" ci="5" mb="0" cb="2"/><line nr="32" mi="0" ci="8" mb="0" cb="0"/><line nr="36" mi="0" ci="1" mb="0" cb="0"/><line nr="38" mi="0" ci="2" mb="0" cb="0"/><line nr="39" mi="0" ci="1" mb="0" cb="0"/><line nr="40" mi="0" ci="2" mb="0" cb="0"/><line nr="41" mi="0" ci="2" mb="0" cb="0"/><line nr="42" mi="0" ci="2" mb="0" cb="0"/><line nr="43" mi="0" ci="2" mb="1" cb="1"/><line nr="44" mi="0" ci="2" mb="0" cb="0"/><line nr="45" mi="0" ci="7" mb="0" cb="0"/><line nr="46" mi="0" ci="8" mb="0" cb="0"/><line nr="48" mi="2" ci="0" mb="0" cb="0"/><line nr="49" mi="5" ci="0" mb="2" cb="0"/><line nr="50" mi="3" ci="0" mb="2" cb="0"/><line nr="51" mi="7" ci="0" mb="0" cb="0"/><line nr="52" mi="8" ci="0" mb="0" cb="0"/><line nr="54" mi="7" ci="0" mb="0" cb="0"/><line nr="55" mi="8" ci="0" mb="0" cb="0"/><line nr="58" mi="3" ci="0" mb="2" cb="0"/><line nr="59" mi="7" ci="0" mb="0" cb="0"/><line nr="60" mi="8" ci="0" mb="0" cb="0"/><line nr="62" mi="7" ci="0" mb="0" cb="0"/><line nr="63" mi="7" ci="0" mb="0" cb="0"/><line nr="67" mi="0" ci="5" mb="1" cb="1"/><line nr="68" mi="0" ci="4" mb="0" cb="0"/><line nr="69" mi="5" ci="0" mb="2" cb="0"/><line nr="70" mi="4" ci="0" mb="0" cb="0"/><line nr="72" mi="2" ci="0" mb="0" cb="0"/><line nr="76" mi="2" ci="0" mb="0" cb="0"/><line nr="77" mi="1" ci="0" mb="0" cb="0"/><line nr="78" mi="2" ci="0" mb="0" cb="0"/><line nr="79" mi="7" ci="0" mb="0" cb="0"/><line nr="80" mi="7" ci="0" mb="0" cb="0"/><line nr="81" mi="5" ci="0" mb="2" cb="0"/><line nr="82" mi="4" ci="0" mb="0" cb="0"/><line nr="83" mi="5" ci="0" mb="2" cb="0"/><line nr="84" mi="4" ci="0" mb="0" cb="0"/><line nr="86" mi="2" ci="0" mb="0" cb="0"/><line nr="90" mi="0" ci="2" mb="0" cb="0"/><line nr="91" mi="0" ci="2" mb="0" cb="0"/><line nr="92" mi="0" ci="7" mb="0" cb="2"/><line nr="93" mi="0" ci="7" mb="0" cb="2"/><line nr="94" mi="0" ci="6" mb="0" cb="2"/><line nr="95" mi="0" ci="5" mb="0" cb="2"/><line nr="96" mi="0" ci="6" mb="0" cb="0"/><line nr="98" mi="0" ci="5" mb="1" cb="1"/><line nr="99" mi="8" ci="0" mb="0" cb="0"/><line nr="104" mi="0" ci="7" mb="0" cb="2"/><line nr="105" mi="0" ci="7" mb="0" cb="2"/><line nr="106" mi="0" ci="6" mb="0" cb="2"/><line nr="107" mi="0" ci="5" mb="0" cb="2"/><line nr="108" mi="0" ci="8" mb="0" cb="0"/><line nr="110" mi="0" ci="5" mb="1" cb="1"/><line nr="111" mi="10" ci="0" mb="0" cb="0"/><line nr="117" mi="0" ci="4" mb="0" cb="0"/><line nr="118" mi="0" ci="7" mb="0" cb="0"/><line nr="119" mi="0" ci="7" mb="0" cb="0"/><line nr="120" mi="0" ci="2" mb="0" cb="0"/><line nr="124" mi="2" ci="0" mb="0" cb="0"/><line nr="125" mi="2" ci="0" mb="0" cb="0"/><line nr="126" mi="7" ci="0" mb="2" cb="0"/><line nr="127" mi="7" ci="0" mb="2" cb="0"/><line nr="128" mi="6" ci="0" mb="2" cb="0"/><line nr="129" mi="5" ci="0" mb="2" cb="0"/><line nr="130" mi="3" ci="0" mb="2" cb="0"/><line nr="131" mi="2" ci="0" mb="0" cb="0"/><line nr="133" mi="1" ci="0" mb="0" cb="0"/><line nr="136" mi="5" ci="0" mb="2" cb="0"/><line nr="137" mi="1" ci="0" mb="0" cb="0"/><line nr="143" mi="7" ci="0" mb="2" cb="0"/><line nr="144" mi="7" ci="0" mb="2" cb="0"/><line nr="145" mi="6" ci="0" mb="2" cb="0"/><line nr="146" mi="5" ci="0" mb="2" cb="0"/><line nr="147" mi="3" ci="0" mb="2" cb="0"/><line nr="148" mi="2" ci="0" mb="0" cb="0"/><line nr="150" mi="1" ci="0" mb="0" cb="0"/><line nr="153" mi="5" ci="0" mb="2" cb="0"/><line nr="154" mi="1" ci="0" mb="0" cb="0"/><line nr="160" mi="4" ci="0" mb="0" cb="0"/><line nr="161" mi="7" ci="0" mb="0" cb="0"/><line nr="162" mi="7" ci="0" mb="0" cb="0"/><line nr="163" mi="2" ci="0" mb="0" cb="0"/><line nr="168" mi="2" ci="0" mb="0" cb="0"/><line nr="169" mi="8" ci="0" mb="0" cb="0"/><line nr="170" mi="8" ci="0" mb="0" cb="0"/><line nr="171" mi="8" ci="0" mb="0" cb="0"/><line nr="172" mi="8" ci="0" mb="0" cb="0"/><line nr="173" mi="8" ci="0" mb="0" cb="0"/><line nr="174" mi="8" ci="0" mb="0" cb="0"/><line nr="175" mi="2" ci="0" mb="0" cb="0"/><line nr="180" mi="4" ci="0" mb="0" cb="0"/><line nr="181" mi="2" ci="0" mb="0" cb="0"/><line nr="182" mi="2" ci="0" mb="0" cb="0"/><line nr="184" mi="10" ci="0" mb="2" cb="0"/><line nr="185" mi="2" ci="0" mb="0" cb="0"/><line nr="186" mi="3" ci="0" mb="2" cb="0"/><line nr="187" mi="17" ci="0" mb="2" cb="0"/><line nr="188" mi="17" ci="0" mb="2" cb="0"/><line nr="189" mi="9" ci="0" mb="2" cb="0"/><line nr="190" mi="4" ci="0" mb="0" cb="0"/><line nr="195" mi="1" ci="0" mb="0" cb="0"/><line nr="196" mi="10" ci="0" mb="2" cb="0"/><line nr="197" mi="2" ci="0" mb="0" cb="0"/><line nr="198" mi="3" ci="0" mb="2" cb="0"/><line nr="199" mi="17" ci="0" mb="2" cb="0"/><line nr="200" mi="17" ci="0" mb="2" cb="0"/><line nr="201" mi="9" ci="0" mb="2" cb="0"/><line nr="202" mi="4" ci="0" mb="0" cb="0"/><line nr="207" mi="1" ci="0" mb="0" cb="0"/><line nr="209" mi="7" ci="0" mb="0" cb="0"/><line nr="210" mi="7" ci="0" mb="0" cb="0"/><line nr="211" mi="2" ci="0" mb="0" cb="0"/><line nr="216" mi="4" ci="0" mb="0" cb="0"/><line nr="217" mi="2" ci="0" mb="0" cb="0"/><line nr="218" mi="2" ci="0" mb="0" cb="0"/><line nr="220" mi="10" ci="0" mb="2" cb="0"/><line nr="221" mi="4" ci="0" mb="0" cb="0"/><line nr="222" mi="2" ci="0" mb="0" cb="0"/><line nr="223" mi="3" ci="0" mb="2" cb="0"/><line nr="224" mi="19" ci="0" mb="2" cb="0"/><line nr="225" mi="19" ci="0" mb="2" cb="0"/><line nr="226" mi="9" ci="0" mb="2" cb="0"/><line nr="227" mi="2" ci="0" mb="0" cb="0"/><line nr="228" mi="2" ci="0" mb="0" cb="0"/><line nr="229" mi="1" ci="0" mb="0" cb="0"/><line nr="232" mi="2" ci="0" mb="2" cb="0"/><line nr="233" mi="1" ci="0" mb="0" cb="0"/><line nr="237" mi="1" ci="0" mb="0" cb="0"/><line nr="238" mi="10" ci="0" mb="2" cb="0"/><line nr="239" mi="4" ci="0" mb="0" cb="0"/><line nr="240" mi="2" ci="0" mb="0" cb="0"/><line nr="241" mi="3" ci="0" mb="2" cb="0"/><line nr="242" mi="19" ci="0" mb="2" cb="0"/><line nr="243" mi="19" ci="0" mb="2" cb="0"/><line nr="244" mi="9" ci="0" mb="2" cb="0"/><line nr="245" mi="2" ci="0" mb="0" cb="0"/><line nr="246" mi="2" ci="0" mb="0" cb="0"/><line nr="247" mi="1" ci="0" mb="0" cb="0"/><line nr="250" mi="2" ci="0" mb="2" cb="0"/><line nr="251" mi="1" ci="0" mb="0" cb="0"/><line nr="255" mi="1" ci="0" mb="0" cb="0"/><line nr="257" mi="7" ci="0" mb="0" cb="0"/><line nr="258" mi="7" ci="0" mb="0" cb="0"/><line nr="259" mi="2" ci="0" mb="0" cb="0"/><line nr="262" mi="0" ci="8" mb="0" cb="2"/><line nr="263" mi="0" ci="2" mb="0" cb="0"/><line nr="265" mi="0" ci="2" mb="0" cb="0"/><line nr="269" mi="0" ci="8" mb="0" cb="2"/><line nr="270" mi="0" ci="2" mb="0" cb="0"/><line nr="272" mi="0" ci="2" mb="0" cb="0"/><line nr="275" mi="0" ci="16" mb="1" cb="3"/><line nr="276" mi="0" ci="2" mb="0" cb="0"/><line nr="278" mi="0" ci="2" mb="0" cb="0"/><line nr="281" mi="0" ci="2" mb="0" cb="0"/><line nr="282" mi="0" ci="7" mb="0" cb="2"/><line nr="283" mi="0" ci="7" mb="0" cb="2"/><line nr="284" mi="0" ci="6" mb="0" cb="2"/><line nr="285" mi="0" ci="5" mb="0" cb="2"/><line nr="286" mi="0" ci="1" mb="0" cb="0"/><line nr="291" mi="0" ci="2" mb="0" cb="0"/><line nr="294" mi="2" ci="5" mb="1" cb="1"/><line nr="295" mi="0" ci="7" mb="1" cb="1"/><line nr="296" mi="0" ci="6" mb="0" cb="2"/><line nr="297" mi="0" ci="10" mb="0" cb="4"/><line nr="298" mi="0" ci="2" mb="0" cb="0"/><line nr="303" mi="2" ci="0" mb="0" cb="0"/><line nr="307" mi="0" ci="2" mb="0" cb="0"/><line nr="308" mi="0" ci="1" mb="0" cb="0"/><counter type="INSTRUCTION" missed="621" covered="303"/><counter type="BRANCH" missed="87" covered="51"/><counter type="LINE" missed="115" covered="63"/><counter type="COMPLEXITY" missed="53" covered="32"/><counter type="METHOD" missed="6" covered="10"/><counter type="CLASS" missed="0" covered="1"/></sourcefile><counter type="INSTRUCTION" missed="2169" covered="3030"/><counter type="BRANCH" missed="299" covered="385"/><counter type="LINE" missed="396" covered="488"/><counter type="COMPLEXITY" missed="193" covered="236"/><counter type="METHOD" missed="28" covered="59"/><counter type="CLASS" missed="2" covered="4"/></package><package name="com/checkers/View"><class name="com/checkers/View/BoardPanel$1"><method name="&lt;init&gt;" desc="(Lcom/checkers/View/BoardPanel;)V" line="72"><counter type="INSTRUCTION" missed="6" covered="0"/><counter type="LINE" missed="1" covered="0"/><counter type="COMPLEXITY" missed="1" covered="0"/><counter type="METHOD" missed="1" covered="0"/></method><method name="actionPerformed" desc="(Ljava/awt/event/ActionEvent;)V" line="75"><counter type="INSTRUCTION" missed="5" covered="0"/><counter type="LINE" missed="3" covered="0"/><counter type="COMPLEXITY" missed="1" covered="0"/><counter type="METHOD" missed="1" covered="0"/></method><counter type="INSTRUCTION" missed="11" covered="0"/><counter type="LINE" missed="4" covered="0"/><counter type="COMPLEXITY" missed="2" covered="0"/><counter type="METHOD" missed="2" covered="0"/><counter type="CLASS" missed="1" covered="0"/></class><class name="com/checkers/View/BoardPanel$2"><method name="&lt;init&gt;" desc="(Lcom/checkers/View/BoardPanel;Lcom/checkers/Logic/CheckerBoard;)V" line="89"><counter type="INSTRUCTION" missed="9" covered="0"/><counter type="LINE" missed="1" covered="0"/><counter type="COMPLEXITY" missed="1" covered="0"/><counter type="METHOD" missed="1" covered="0"/></method><method name="actionPerformed" desc="(Ljava/awt/event/ActionEvent;)V" line="92"><counter type="INSTRUCTION" missed="8" covered="0"/><counter type="LINE" missed="4" covered="0"/><counter type="COMPLEXITY" missed="1" covered="0"/><counter type="METHOD" missed="1" covered="0"/></method><counter type="INSTRUCTION" missed="17" covered="0"/><counter type="LINE" missed="5" covered="0"/><counter type="COMPLEXITY" missed="2" covered="0"/><counter type="METHOD" missed="2" covered="0"/><counter type="CLASS" missed="1" covered="0"/></class><class name="com/checkers/View/BoardPanel$3"><method name="&lt;init&gt;" desc="(Lcom/checkers/View/BoardPanel;)V" line="113"><counter type="INSTRUCTION" missed="6" covered="0"/><counter type="LINE" missed="1" covered="0"/><counter type="COMPLEXITY" missed="1" covered="0"/><counter type="METHOD" missed="1" covered="0"/></method><method name="itemStateChanged" desc="(Ljava/awt/event/ItemEvent;)V" line="116"><counter type="INSTRUCTION" missed="12" covered="0"/><counter type="BRANCH" missed="2" covered="0"/><counter type="LINE" missed="4" covered="0"/><counter type="COMPLEXITY" missed="2" covered="0"/><counter type="METHOD" missed="1" covered="0"/></method><counter type="INSTRUCTION" missed="18" covered="0"/><counter type="BRANCH" missed="2" covered="0"/><counter type="LINE" missed="5" covered="0"/><counter type="COMPLEXITY" missed="3" covered="0"/><counter type="METHOD" missed="2" covered="0"/><counter type="CLASS" missed="1" covered="0"/></class><class name="com/checkers/View/BoardPanel$4"><method name="&lt;init&gt;" desc="(Lcom/checkers/View/BoardPanel;)V" line="123"><counter type="INSTRUCTION" missed="6" covered="0"/><counter type="LINE" missed="1" covered="0"/><counter type="COMPLEXITY" missed="1" covered="0"/><counter type="METHOD" missed="1" covered="0"/></method><method name="itemStateChanged" desc="(Ljava/awt/event/ItemEvent;)V" line="126"><counter type="INSTRUCTION" missed="12" covered="0"/><counter type="BRANCH" missed="2" covered="0"/><counter type="LINE" missed="4" covered="0"/><counter type="COMPLEXITY" missed="2" covered="0"/><counter type="METHOD" missed="1" covered="0"/></method><counter type="INSTRUCTION" missed="18" covered="0"/><counter type="BRANCH" missed="2" covered="0"/><counter type="LINE" missed="5" covered="0"/><counter type="COMPLEXITY" missed="3" covered="0"/><counter type="METHOD" missed="2" covered="0"/><counter type="CLASS" missed="1" covered="0"/></class><class name="com/checkers/View/BoardPanel$5"><method name="&lt;init&gt;" desc="(Lcom/checkers/View/BoardPanel;Lcom/checkers/Logic/CheckerBoard;)V" line="163"><counter type="INSTRUCTION" missed="9" covered="0"/><counter type="LINE" missed="1" covered="0"/><counter type="COMPLEXITY" missed="1" covered="0"/><counter type="METHOD" missed="1" covered="0"/></method><method name="mouseClicked" desc="(Ljava/awt/event/MouseEvent;)V" line="166"><counter type="INSTRUCTION" missed="334" covered="0"/><counter type="BRANCH" missed="58" covered="0"/><counter type="LINE" missed="37" covered="0"/><counter type="COMPLEXITY" missed="30" covered="0"/><counter type="METHOD" missed="1" covered="0"/></method><counter type="INSTRUCTION" missed="343" covered="0"/><counter type="BRANCH" missed="58" covered="0"/><counter type="LINE" missed="38" covered="0"/><counter type="COMPLEXITY" missed="31" covered="0"/><counter type="METHOD" missed="2" covered="0"/><counter type="CLASS" missed="1" covered="0"/></class><class name="com/checkers/View/BoardPanel"><method name="&lt;init&gt;" desc="(Lcom/checkers/Logic/CheckerBoard;)V" line="43"><counter type="INSTRUCTION" missed="464" covered="0"/><counter type="LINE" missed="82" covered="0"/><counter type="COMPLEXITY" missed="1" covered="0"/><counter type="METHOD" missed="1" covered="0"/></method><method name="paint" desc="(Ljava/awt/Graphics;)V" line="239"><counter type="INSTRUCTION" missed="459" covered="0"/><counter type="BRANCH" missed="24" covered="0"/><counter type="LINE" missed="59" covered="0"/><counter type="COMPLEXITY" missed="13" covered="0"/><counter type="METHOD" missed="1" covered="0"/></method><method name="pixelXPos" desc="(I)I" line="338"><counter type="INSTRUCTION" missed="6" covered="0"/><counter type="LINE" missed="1" covered="0"/><counter type="COMPLEXITY" missed="1" covered="0"/><counter type="METHOD" missed="1" covered="0"/></method><method name="pixelYPos" desc="(I)I" line="343"><counter type="INSTRUCTION" missed="6" covered="0"/><counter type="LINE" missed="1" covered="0"/><counter type="COMPLEXITY" missed="1" covered="0"/><counter type="METHOD" missed="1" covered="0"/></method><method name="col" desc="(I)I" line="347"><counter type="INSTRUCTION" missed="6" covered="0"/><counter type="LINE" missed="1" covered="0"/><counter type="COMPLEXITY" missed="1" covered="0"/><counter type="METHOD" missed="1" covered="0"/></method><method name="row" desc="(I)I" line="351"><counter type="INSTRUCTION" missed="6" covered="0"/><counter type="LINE" missed="1" covered="0"/><counter type="COMPLEXITY" missed="1" covered="0"/><counter type="METHOD" missed="1" covered="0"/></method><method name="updateChipInfo" desc="()V" line="356"><counter type="INSTRUCTION" missed="101" covered="0"/><counter type="BRANCH" missed="12" covered="0"/><counter type="LINE" missed="18" covered="0"/><counter type="COMPLEXITY" missed="7" covered="0"/><counter type="METHOD" missed="1" covered="0"/></method><method name="getGameState" desc="()I" line="383"><counter type="INSTRUCTION" missed="2" covered="0"/><counter type="LINE" missed="1" covered="0"/><counter type="COMPLEXITY" missed="1" covered="0"/><counter type="METHOD" missed="1" covered="0"/></method><method name="setGameState" desc="(I)V" line="387"><counter type="INSTRUCTION" missed="3" covered="0"/><counter type="LINE" missed="2" covered="0"/><counter type="COMPLEXITY" missed="1" covered="0"/><counter type="METHOD" missed="1" covered="0"/></method><method name="getPlayerColor" desc="()C" line="391"><counter type="INSTRUCTION" missed="11" covered="0"/><counter type="BRANCH" missed="4" covered="0"/><counter type="LINE" missed="5" covered="0"/><counter type="COMPLEXITY" missed="3" covered="0"/><counter type="METHOD" missed="1" covered="0"/></method><method name="isMoved" desc="()Z" line="399"><counter type="INSTRUCTION" missed="7" covered="0"/><counter type="BRANCH" missed="2" covered="0"/><counter type="LINE" missed="3" covered="0"/><counter type="COMPLEXITY" missed="2" covered="0"/><counter type="METHOD" missed="1" covered="0"/></method><method name="setManualMove" desc="()V" line="405"><counter type="INSTRUCTION" missed="4" covered="0"/><counter type="LINE" missed="2" covered="0"/><counter type="COMPLEXITY" missed="1" covered="0"/><counter type="METHOD" missed="1" covered="0"/></method><method name="addMovesB" desc="()V" line="409"><counter type="INSTRUCTION" missed="7" covered="0"/><counter type="LINE" missed="2" covered="0"/><counter type="COMPLEXITY" missed="1" covered="0"/><counter type="METHOD" missed="1" covered="0"/></method><method name="addMovesR" desc="()V" line="413"><counter type="INSTRUCTION" missed="7" covered="0"/><counter type="LINE" missed="2" covered="0"/><counter type="COMPLEXITY" missed="1" covered="0"/><counter type="METHOD" missed="1" covered="0"/></method><method name="getScoreB" desc="()I" line="417"><counter type="INSTRUCTION" missed="21" covered="0"/><counter type="BRANCH" missed="4" covered="0"/><counter type="LINE" missed="6" covered="0"/><counter type="COMPLEXITY" missed="3" covered="0"/><counter type="METHOD" missed="1" covered="0"/></method><method name="getScoreR" desc="()I" line="426"><counter type="INSTRUCTION" missed="21" covered="0"/><counter type="BRANCH" missed="4" covered="0"/><counter type="LINE" missed="6" covered="0"/><counter type="COMPLEXITY" missed="3" covered="0"/><counter type="METHOD" missed="1" covered="0"/></method><method name="setWin" desc="(Z)V" line="435"><counter type="INSTRUCTION" missed="4" covered="0"/><counter type="LINE" missed="2" covered="0"/><counter type="COMPLEXITY" missed="1" covered="0"/><counter type="METHOD" missed="1" covered="0"/></method><counter type="INSTRUCTION" missed="1135" covered="0"/><counter type="BRANCH" missed="50" covered="0"/><counter type="LINE" missed="194" covered="0"/><counter type="COMPLEXITY" missed="42" covered="0"/><counter type="METHOD" missed="17" covered="0"/><counter type="CLASS" missed="1" covered="0"/></class><class name="com/checkers/View/CheckersFrame"><method name="&lt;init&gt;" desc="(Lcom/checkers/Logic/CheckerBoard;)V" line="8"><counter type="INSTRUCTION" missed="36" covered="0"/><counter type="LINE" missed="11" covered="0"/><counter type="COMPLEXITY" missed="1" covered="0"/><counter type="METHOD" missed="1" covered="0"/></method><method name="updateFrame" desc="()V" line="20"><counter type="INSTRUCTION" missed="4" covered="0"/><counter type="LINE" missed="2" covered="0"/><counter type="COMPLEXITY" missed="1" covered="0"/><counter type="METHOD" missed="1" covered="0"/></method><method name="getGameState" desc="()I" line="23"><counter type="INSTRUCTION" missed="2" covered="0"/><counter type="LINE" missed="1" covered="0"/><counter type="COMPLEXITY" missed="1" covered="0"/><counter type="METHOD" missed="1" covered="0"/></method><method name="setGameState" desc="(I)V" line="27"><counter type="INSTRUCTION" missed="5" covered="0"/><counter type="LINE" missed="2" covered="0"/><counter type="COMPLEXITY" missed="1" covered="0"/><counter type="METHOD" missed="1" covered="0"/></method><method name="getPlayerColor" desc="()C" line="31"><counter type="INSTRUCTION" missed="2" covered="0"/><counter type="LINE" missed="1" covered="0"/><counter type="COMPLEXITY" missed="1" covered="0"/><counter type="METHOD" missed="1" covered="0"/></method><method name="isUserMoved" desc="()Z" line="35"><counter type="INSTRUCTION" missed="4" covered="0"/><counter type="LINE" missed="1" covered="0"/><counter type="COMPLEXITY" missed="1" covered="0"/><counter type="METHOD" missed="1" covered="0"/></method><method name="setManualMove" desc="()V" line="38"><counter type="INSTRUCTION" missed="4" covered="0"/><counter type="LINE" missed="2" covered="0"/><counter type="COMPLEXITY" missed="1" covered="0"/><counter type="METHOD" missed="1" covered="0"/></method><method name="addMovesB" desc="()V" line="41"><counter type="INSTRUCTION" missed="4" covered="0"/><counter type="LINE" missed="2" covered="0"/><counter type="COMPLEXITY" missed="1" covered="0"/><counter type="METHOD" missed="1" covered="0"/></method><method name="addMovesR" desc="()V" line="45"><counter type="INSTRUCTION" missed="4" covered="0"/><counter type="LINE" missed="2" covered="0"/><counter type="COMPLEXITY" missed="1" covered="0"/><counter type="METHOD" missed="1" covered="0"/></method><method name="setWin" desc="(Z)V" line="49"><counter type="INSTRUCTION" missed="5" covered="0"/><counter type="LINE" missed="2" covered="0"/><counter type="COMPLEXITY" missed="1" covered="0"/><counter type="METHOD" missed="1" covered="0"/></method><counter type="INSTRUCTION" missed="70" covered="0"/><counter type="LINE" missed="26" covered="0"/><counter type="COMPLEXITY" missed="10" covered="0"/><counter type="METHOD" missed="10" covered="0"/><counter type="CLASS" missed="1" covered="0"/></class><sourcefile name="CheckersFrame.java"><line nr="8" mi="2" ci="0" mb="0" cb="0"/><line nr="9" mi="6" ci="0" mb="0" cb="0"/><line nr="10" mi="5" ci="0" mb="0" cb="0"/><line nr="11" mi="3" ci="0" mb="0" cb="0"/><line nr="12" mi="3" ci="0" mb="0" cb="0"/><line nr="13" mi="3" ci="0" mb="0" cb="0"/><line nr="14" mi="4" ci="0" mb="0" cb="0"/><line nr="15" mi="3" ci="0" mb="0" cb="0"/><line nr="16" mi="3" ci="0" mb="0" cb="0"/><line nr="17" mi="3" ci="0" mb="0" cb="0"/><line nr="18" mi="1" ci="0" mb="0" cb="0"/><line nr="20" mi="3" ci="0" mb="0" cb="0"/><line nr="21" mi="1" ci="0" mb="0" cb="0"/><line nr="23" mi="2" ci="0" mb="0" cb="0"/><line nr="27" mi="4" ci="0" mb="0" cb="0"/><line nr="28" mi="1" ci="0" mb="0" cb="0"/><line nr="31" mi="2" ci="0" mb="0" cb="0"/><line nr="35" mi="4" ci="0" mb="0" cb="0"/><line nr="38" mi="3" ci="0" mb="0" cb="0"/><line nr="39" mi="1" ci="0" mb="0" cb="0"/><line nr="41" mi="3" ci="0" mb="0" cb="0"/><line nr="42" mi="1" ci="0" mb="0" cb="0"/><line nr="45" mi="3" ci="0" mb="0" cb="0"/><line nr="46" mi="1" ci="0" mb="0" cb="0"/><line nr="49" mi="4" ci="0" mb="0" cb="0"/><line nr="50" mi="1" ci="0" mb="0" cb="0"/><counter type="INSTRUCTION" missed="70" covered="0"/><counter type="LINE" missed="26" covered="0"/><counter type="COMPLEXITY" missed="10" covered="0"/><counter type="METHOD" missed="10" covered="0"/><counter type="CLASS" missed="1" covered="0"/></sourcefile><sourcefile name="BoardPanel.java"><line nr="43" mi="12" ci="0" mb="0" cb="0"/><line nr="44" mi="12" ci="0" mb="0" cb="0"/><line nr="45" mi="12" ci="0" mb="0" cb="0"/><line nr="47" mi="2" ci="0" mb="0" cb="0"/><line nr="49" mi="2" ci="0" mb="0" cb="0"/><line nr="50" mi="2" ci="0" mb="0" cb="0"/><line nr="51" mi="2" ci="0" mb="0" cb="0"/><line nr="52" mi="3" ci="0" mb="0" cb="0"/><line nr="53" mi="3" ci="0" mb="0" cb="0"/><line nr="54" mi="3" ci="0" mb="0" cb="0"/><line nr="55" mi="8" ci="0" mb="0" cb="0"/><line nr="56" mi="4" ci="0" mb="0" cb="0"/><line nr="57" mi="8" ci="0" mb="0" cb="0"/><line nr="58" mi="4" ci="0" mb="0" cb="0"/><line nr="59" mi="8" ci="0" mb="0" cb="0"/><line nr="60" mi="4" ci="0" mb="0" cb="0"/><line nr="61" mi="8" ci="0" mb="0" cb="0"/><line nr="62" mi="4" ci="0" mb="0" cb="0"/><line nr="63" mi="8" ci="0" mb="0" cb="0"/><line nr="64" mi="4" ci="0" mb="0" cb="0"/><line nr="66" mi="6" ci="0" mb="0" cb="0"/><line nr="67" mi="3" ci="0" mb="0" cb="0"/><line nr="68" mi="7" ci="0" mb="0" cb="0"/><line nr="69" mi="4" ci="0" mb="0" cb="0"/><line nr="70" mi="4" ci="0" mb="0" cb="0"/><line nr="71" mi="5" ci="0" mb="0" cb="0"/><line nr="72" mi="13" ci="0" mb="0" cb="0"/><line nr="75" mi="2" ci="0" mb="0" cb="0"/><line nr="76" mi="2" ci="0" mb="0" cb="0"/><line nr="77" mi="1" ci="0" mb="0" cb="0"/><line nr="79" mi="5" ci="0" mb="0" cb="0"/><line nr="81" mi="6" ci="0" mb="0" cb="0"/><line nr="82" mi="7" ci="0" mb="0" cb="0"/><line nr="83" mi="4" ci="0" mb="0" cb="0"/><line nr="84" mi="9" ci="0" mb="0" cb="0"/><line nr="85" mi="4" ci="0" mb="0" cb="0"/><line nr="86" mi="4" ci="0" mb="0" cb="0"/><line nr="87" mi="4" ci="0" mb="0" cb="0"/><line nr="88" mi="4" ci="0" mb="0" cb="0"/><line nr="89" mi="17" ci="0" mb="0" cb="0"/><line nr="92" mi="2" ci="0" mb="0" cb="0"/><line nr="93" mi="2" ci="0" mb="0" cb="0"/><line nr="94" mi="3" ci="0" mb="0" cb="0"/><line nr="95" mi="1" ci="0" mb="0" cb="0"/><line nr="97" mi="5" ci="0" mb="0" cb="0"/><line nr="99" mi="6" ci="0" mb="0" cb="0"/><line nr="100" mi="6" ci="0" mb="0" cb="0"/><line nr="101" mi="4" ci="0" mb="0" cb="0"/><line nr="102" mi="4" ci="0" mb="0" cb="0"/><line nr="103" mi="4" ci="0" mb="0" cb="0"/><line nr="105" mi="7" ci="0" mb="0" cb="0"/><line nr="106" mi="7" ci="0" mb="0" cb="0"/><line nr="107" mi="4" ci="0" mb="0" cb="0"/><line nr="108" mi="4" ci="0" mb="0" cb="0"/><line nr="109" mi="4" ci="0" mb="0" cb="0"/><line nr="110" mi="4" ci="0" mb="0" cb="0"/><line nr="111" mi="4" ci="0" mb="0" cb="0"/><line nr="113" mi="13" ci="0" mb="0" cb="0"/><line nr="116" mi="5" ci="0" mb="2" cb="0"/><line nr="117" mi="2" ci="0" mb="0" cb="0"/><line nr="118" mi="4" ci="0" mb="0" cb="0"/><line nr="120" mi="1" ci="0" mb="0" cb="0"/><line nr="123" mi="13" ci="0" mb="0" cb="0"/><line nr="126" mi="5" ci="0" mb="2" cb="0"/><line nr="127" mi="2" ci="0" mb="0" cb="0"/><line nr="128" mi="4" ci="0" mb="0" cb="0"/><line nr="129" mi="1" ci="0" mb="0" cb="0"/><line nr="132" mi="5" ci="0" mb="0" cb="0"/><line nr="133" mi="5" ci="0" mb="0" cb="0"/><line nr="135" mi="8" ci="0" mb="0" cb="0"/><line nr="136" mi="8" ci="0" mb="0" cb="0"/><line nr="137" mi="8" ci="0" mb="0" cb="0"/><line nr="138" mi="8" ci="0" mb="0" cb="0"/><line nr="139" mi="6" ci="0" mb="0" cb="0"/><line nr="140" mi="9" ci="0" mb="0" cb="0"/><line nr="141" mi="9" ci="0" mb="0" cb="0"/><line nr="142" mi="9" ci="0" mb="0" cb="0"/><line nr="143" mi="9" ci="0" mb="0" cb="0"/><line nr="144" mi="9" ci="0" mb="0" cb="0"/><line nr="145" mi="4" ci="0" mb="0" cb="0"/><line nr="146" mi="4" ci="0" mb="0" cb="0"/><line nr="147" mi="4" ci="0" mb="0" cb="0"/><line nr="148" mi="4" ci="0" mb="0" cb="0"/><line nr="149" mi="4" ci="0" mb="0" cb="0"/><line nr="150" mi="7" ci="0" mb="0" cb="0"/><line nr="151" mi="7" ci="0" mb="0" cb="0"/><line nr="152" mi="7" ci="0" mb="0" cb="0"/><line nr="153" mi="7" ci="0" mb="0" cb="0"/><line nr="154" mi="7" ci="0" mb="0" cb="0"/><line nr="155" mi="5" ci="0" mb="0" cb="0"/><line nr="156" mi="5" ci="0" mb="0" cb="0"/><line nr="157" mi="5" ci="0" mb="0" cb="0"/><line nr="158" mi="5" ci="0" mb="0" cb="0"/><line nr="159" mi="5" ci="0" mb="0" cb="0"/><line nr="161" mi="2" ci="0" mb="0" cb="0"/><line nr="163" mi="16" ci="0" mb="0" cb="0"/><line nr="166" mi="19" ci="0" mb="10" cb="0"/><line nr="167" mi="4" ci="0" mb="2" cb="0"/><line nr="169" mi="2" ci="0" mb="2" cb="0"/><line nr="170" mi="3" ci="0" mb="0" cb="0"/><line nr="172" mi="2" ci="0" mb="0" cb="0"/><line nr="173" mi="8" ci="0" mb="4" cb="0"/><line nr="174" mi="15" ci="0" mb="2" cb="0"/><line nr="175" mi="8" ci="0" mb="0" cb="0"/><line nr="176" mi="8" ci="0" mb="0" cb="0"/><line nr="177" mi="5" ci="0" mb="0" cb="0"/><line nr="180" mi="18" ci="0" mb="2" cb="0"/><line nr="184" mi="8" ci="0" mb="4" cb="0"/><line nr="185" mi="18" ci="0" mb="4" cb="0"/><line nr="186" mi="5" ci="0" mb="0" cb="0"/><line nr="188" mi="45" ci="0" mb="6" cb="0"/><line nr="191" mi="8" ci="0" mb="0" cb="0"/><line nr="192" mi="8" ci="0" mb="0" cb="0"/><line nr="193" mi="5" ci="0" mb="0" cb="0"/><line nr="196" mi="5" ci="0" mb="0" cb="0"/><line nr="200" mi="26" ci="0" mb="8" cb="0"/><line nr="201" mi="16" ci="0" mb="2" cb="0"/><line nr="202" mi="30" ci="0" mb="6" cb="0"/><line nr="204" mi="16" ci="0" mb="0" cb="0"/><line nr="205" mi="3" ci="0" mb="2" cb="0"/><line nr="206" mi="4" ci="0" mb="0" cb="0"/><line nr="208" mi="3" ci="0" mb="2" cb="0"/><line nr="209" mi="3" ci="0" mb="0" cb="0"/><line nr="211" mi="5" ci="0" mb="2" cb="0"/><line nr="212" mi="5" ci="0" mb="0" cb="0"/><line nr="214" mi="5" ci="0" mb="0" cb="0"/><line nr="219" mi="4" ci="0" mb="0" cb="0"/><line nr="223" mi="8" ci="0" mb="0" cb="0"/><line nr="225" mi="2" ci="0" mb="0" cb="0"/><line nr="226" mi="1" ci="0" mb="0" cb="0"/><line nr="228" mi="4" ci="0" mb="0" cb="0"/><line nr="229" mi="4" ci="0" mb="0" cb="0"/><line nr="233" mi="1" ci="0" mb="0" cb="0"/><line nr="236" mi="1" ci="0" mb="0" cb="0"/><line nr="239" mi="3" ci="0" mb="0" cb="0"/><line nr="241" mi="2" ci="0" mb="2" cb="0"/><line nr="242" mi="8" ci="0" mb="0" cb="0"/><line nr="243" mi="4" ci="0" mb="0" cb="0"/><line nr="244" mi="4" ci="0" mb="0" cb="0"/><line nr="245" mi="4" ci="0" mb="0" cb="0"/><line nr="246" mi="4" ci="0" mb="0" cb="0"/><line nr="247" mi="4" ci="0" mb="0" cb="0"/><line nr="248" mi="4" ci="0" mb="0" cb="0"/><line nr="249" mi="4" ci="0" mb="0" cb="0"/><line nr="250" mi="4" ci="0" mb="0" cb="0"/><line nr="251" mi="4" ci="0" mb="0" cb="0"/><line nr="252" mi="5" ci="0" mb="0" cb="0"/><line nr="254" mi="4" ci="0" mb="0" cb="0"/><line nr="255" mi="4" ci="0" mb="0" cb="0"/><line nr="256" mi="4" ci="0" mb="0" cb="0"/><line nr="257" mi="4" ci="0" mb="0" cb="0"/><line nr="258" mi="4" ci="0" mb="0" cb="0"/><line nr="259" mi="4" ci="0" mb="0" cb="0"/><line nr="260" mi="4" ci="0" mb="0" cb="0"/><line nr="261" mi="4" ci="0" mb="0" cb="0"/><line nr="262" mi="8" ci="0" mb="0" cb="0"/><line nr="263" mi="2" ci="0" mb="0" cb="0"/><line nr="265" mi="8" ci="0" mb="2" cb="0"/><line nr="267" mi="20" ci="0" mb="0" cb="0"/><line nr="269" mi="6" ci="0" mb="2" cb="0"/><line nr="270" mi="20" ci="0" mb="0" cb="0"/><line nr="274" mi="8" ci="0" mb="2" cb="0"/><line nr="276" mi="20" ci="0" mb="0" cb="0"/><line nr="278" mi="6" ci="0" mb="2" cb="0"/><line nr="279" mi="20" ci="0" mb="0" cb="0"/><line nr="282" mi="3" ci="0" mb="0" cb="0"/><line nr="284" mi="3" ci="0" mb="2" cb="0"/><line nr="285" mi="20" ci="0" mb="0" cb="0"/><line nr="287" mi="24" ci="0" mb="0" cb="0"/><line nr="289" mi="20" ci="0" mb="0" cb="0"/><line nr="291" mi="24" ci="0" mb="0" cb="0"/><line nr="295" mi="3" ci="0" mb="2" cb="0"/><line nr="296" mi="20" ci="0" mb="0" cb="0"/><line nr="298" mi="24" ci="0" mb="0" cb="0"/><line nr="300" mi="20" ci="0" mb="0" cb="0"/><line nr="302" mi="24" ci="0" mb="0" cb="0"/><line nr="306" mi="6" ci="0" mb="0" cb="0"/><line nr="307" mi="6" ci="0" mb="0" cb="0"/><line nr="308" mi="6" ci="0" mb="0" cb="0"/><line nr="309" mi="6" ci="0" mb="0" cb="0"/><line nr="311" mi="3" ci="0" mb="2" cb="0"/><line nr="312" mi="4" ci="0" mb="0" cb="0"/><line nr="313" mi="3" ci="0" mb="2" cb="0"/><line nr="314" mi="3" ci="0" mb="2" cb="0"/><line nr="315" mi="5" ci="0" mb="0" cb="0"/><line nr="318" mi="5" ci="0" mb="0" cb="0"/><line nr="321" mi="3" ci="0" mb="2" cb="0"/><line nr="322" mi="3" ci="0" mb="2" cb="0"/><line nr="323" mi="5" ci="0" mb="0" cb="0"/><line nr="326" mi="4" ci="0" mb="0" cb="0"/><line nr="329" mi="4" ci="0" mb="0" cb="0"/><line nr="334" mi="3" ci="0" mb="0" cb="0"/><line nr="335" mi="1" ci="0" mb="0" cb="0"/><line nr="338" mi="6" ci="0" mb="0" cb="0"/><line nr="343" mi="6" ci="0" mb="0" cb="0"/><line nr="347" mi="6" ci="0" mb="0" cb="0"/><line nr="351" mi="6" ci="0" mb="0" cb="0"/><line nr="356" mi="3" ci="0" mb="0" cb="0"/><line nr="357" mi="3" ci="0" mb="0" cb="0"/><line nr="358" mi="4" ci="0" mb="0" cb="0"/><line nr="359" mi="4" ci="0" mb="0" cb="0"/><line nr="361" mi="9" ci="0" mb="2" cb="0"/><line nr="362" mi="9" ci="0" mb="2" cb="0"/><line nr="363" mi="6" ci="0" mb="0" cb="0"/><line nr="364" mi="7" ci="0" mb="2" cb="0"/><line nr="365" mi="3" ci="0" mb="0" cb="0"/><line nr="366" mi="7" ci="0" mb="2" cb="0"/><line nr="367" mi="3" ci="0" mb="0" cb="0"/><line nr="369" mi="11" ci="0" mb="0" cb="0"/><line nr="371" mi="7" ci="0" mb="2" cb="0"/><line nr="372" mi="3" ci="0" mb="0" cb="0"/><line nr="373" mi="7" ci="0" mb="2" cb="0"/><line nr="374" mi="3" ci="0" mb="0" cb="0"/><line nr="376" mi="11" ci="0" mb="0" cb="0"/><line nr="380" mi="1" ci="0" mb="0" cb="0"/><line nr="383" mi="2" ci="0" mb="0" cb="0"/><line nr="387" mi="2" ci="0" mb="0" cb="0"/><line nr="388" mi="1" ci="0" mb="0" cb="0"/><line nr="391" mi="2" ci="0" mb="2" cb="0"/><line nr="392" mi="2" ci="0" mb="0" cb="0"/><line nr="393" mi="3" ci="0" mb="2" cb="0"/><line nr="394" mi="2" ci="0" mb="0" cb="0"/><line nr="395" mi="2" ci="0" mb="0" cb="0"/><line nr="399" mi="3" ci="0" mb="2" cb="0"/><line nr="400" mi="2" ci="0" mb="0" cb="0"/><line nr="402" mi="2" ci="0" mb="0" cb="0"/><line nr="405" mi="3" ci="0" mb="0" cb="0"/><line nr="406" mi="1" ci="0" mb="0" cb="0"/><line nr="409" mi="6" ci="0" mb="0" cb="0"/><line nr="410" mi="1" ci="0" mb="0" cb="0"/><line nr="413" mi="6" ci="0" mb="0" cb="0"/><line nr="414" mi="1" ci="0" mb="0" cb="0"/><line nr="417" mi="2" ci="0" mb="0" cb="0"/><line nr="418" mi="12" ci="0" mb="2" cb="0"/><line nr="419" mi="3" ci="0" mb="2" cb="0"/><line nr="420" mi="1" ci="0" mb="0" cb="0"/><line nr="422" mi="1" ci="0" mb="0" cb="0"/><line nr="423" mi="2" ci="0" mb="0" cb="0"/><line nr="426" mi="2" ci="0" mb="0" cb="0"/><line nr="427" mi="12" ci="0" mb="2" cb="0"/><line nr="428" mi="3" ci="0" mb="2" cb="0"/><line nr="429" mi="1" ci="0" mb="0" cb="0"/><line nr="430" mi="1" ci="0" mb="0" cb="0"/><line nr="431" mi="2" ci="0" mb="0" cb="0"/><line nr="435" mi="3" ci="0" mb="0" cb="0"/><line nr="436" mi="1" ci="0" mb="0" cb="0"/><counter type="INSTRUCTION" missed="1542" covered="0"/><counter type="BRANCH" missed="112" covered="0"/><counter type="LINE" missed="246" covered="0"/><counter type="COMPLEXITY" missed="83" covered="0"/><counter type="METHOD" missed="27" covered="0"/><counter type="CLASS" missed="6" covered="0"/></sourcefile><counter type="INSTRUCTION" missed="1612" covered="0"/><counter type="BRANCH" missed="112" covered="0"/><counter type="LINE" missed="272" covered="0"/><counter type="COMPLEXITY" missed="93" covered="0"/><counter type="METHOD" missed="37" covered="0"/><counter type="CLASS" missed="7" covered="0"/></package><counter type="INSTRUCTION" missed="3781" covered="3030"/><counter type="BRANCH" missed="411" covered="385"/><counter type="LINE" missed="668" covered="488"/><counter type="COMPLEXITY" missed="286" covered="236"/><counter type="METHOD" missed="65" covered="59"/><counter type="CLASS" missed="9" covered="4"/></report>